TID: [-1] [] [2019-01-15 08:40:49,299]  INFO {org.wso2.andes.kernel.AndesRecoveryTask} -  Running DB sync task. {org.wso2.andes.kernel.AndesRecoveryTask}
TID: [-1234] [] [2019-01-15 08:52:02,649]  INFO {org.wso2.carbon.core.init.CarbonServerManager} -  Shutdown hook triggered.... {org.wso2.carbon.core.init.CarbonServerManager}
TID: [-1] [] [2019-01-15 08:52:02,655]  INFO {org.wso2.andes.kernel.HazelcastLifecycleListener} -  Hazelcast instance lifecycle changed state to SHUTTING_DOWN {org.wso2.andes.kernel.HazelcastLifecycleListener}
TID: [-1234] [] [2019-01-15 08:52:02,657]  INFO {org.wso2.carbon.core.init.CarbonServerManager} -  Gracefully shutting down WSO2 API Manager... {org.wso2.carbon.core.init.CarbonServerManager}
TID: [-1234] [] [2019-01-15 08:52:02,670]  INFO {org.wso2.carbon.core.ServerManagement} -  Starting to switch to maintenance mode... {org.wso2.carbon.core.ServerManagement}
TID: [-1234] [] [2019-01-15 08:52:02,671]  INFO {org.apache.synapse.transport.passthru.PassThroughHttpListener} -  Stopping Pass-through HTTP Listener.. {org.apache.synapse.transport.passthru.PassThroughHttpListener}
TID: [-1234] [] [2019-01-15 08:52:02,673]  INFO {org.apache.synapse.transport.passthru.core.PassThroughListeningIOReactorManager} -  Shutting down IO Reactor bind for port 8282 {org.apache.synapse.transport.passthru.core.PassThroughListeningIOReactorManager}
TID: [-1] [] [2019-01-15 08:52:02,678]  INFO {org.apache.synapse.transport.passthru.core.PassThroughListeningIOReactorManager} -  HTTP-Listener I/O dispatcher Listener shutdown. {org.apache.synapse.transport.passthru.core.PassThroughListeningIOReactorManager}
TID: [-1234] [] [2019-01-15 08:52:02,680]  INFO {org.apache.synapse.transport.passthru.PassThroughHttpSSLListener} -  Stopping Pass-through HTTPS Listener.. {org.apache.synapse.transport.passthru.PassThroughHttpSSLListener}
TID: [-1234] [] [2019-01-15 08:52:02,682]  INFO {org.apache.synapse.transport.passthru.core.PassThroughListeningIOReactorManager} -  Shutting down IO Reactor bind for port 8245 {org.apache.synapse.transport.passthru.core.PassThroughListeningIOReactorManager}
TID: [-1] [] [2019-01-15 08:52:02,691]  INFO {org.apache.synapse.transport.passthru.core.PassThroughListeningIOReactorManager} -  HTTPS-Listener I/O dispatcher Listener shutdown. {org.apache.synapse.transport.passthru.core.PassThroughListeningIOReactorManager}
TID: [-1] [] [2019-01-15 08:52:02,715]  INFO {org.wso2.andes.kernel.HazelcastLifecycleListener} -  Hazelcast instance lifecycle changed state to SHUTDOWN {org.wso2.andes.kernel.HazelcastLifecycleListener}
TID: [-1234] [] [2019-01-15 08:52:02,719]  INFO {org.wso2.carbon.core.ServerManagement} -  Stopped all transport listeners {org.wso2.carbon.core.ServerManagement}
TID: [-1234] [] [2019-01-15 08:52:02,719]  INFO {org.wso2.carbon.core.ServerManagement} -  Waiting for request service completion... {org.wso2.carbon.core.ServerManagement}
TID: [-1234] [] [2019-01-15 08:52:02,739]  INFO {org.wso2.carbon.core.ServerManagement} -  All requests have been served. {org.wso2.carbon.core.ServerManagement}
TID: [-1234] [] [2019-01-15 08:52:02,739]  INFO {org.wso2.carbon.core.ServerManagement} -  Waiting for deployment completion... {org.wso2.carbon.core.ServerManagement}
TID: [-1234] [] [2019-01-15 08:52:02,888]  INFO {org.wso2.carbon.webapp.mgt.WebApplication} -  Unloaded webapp: StandardEngine[Catalina].StandardHost[localhost].StandardContext[/api/am/admin/v0.10] {org.wso2.carbon.webapp.mgt.WebApplication}
TID: [-1234] [] [2019-01-15 08:52:02,936]  INFO {org.wso2.carbon.webapp.mgt.WebApplication} -  Unloaded webapp: StandardEngine[Catalina].StandardHost[localhost].StandardContext[/am/sample/calculator/v1] {org.wso2.carbon.webapp.mgt.WebApplication}
TID: [-1234] [] [2019-01-15 08:52:03,040]  INFO {org.wso2.carbon.webapp.mgt.WebApplication} -  Unloaded webapp: StandardEngine[Catalina].StandardHost[localhost].StandardContext[/api/am/store/v0.10] {org.wso2.carbon.webapp.mgt.WebApplication}
TID: [-1234] [] [2019-01-15 08:52:03,118]  INFO {org.wso2.carbon.webapp.mgt.WebApplication} -  Unloaded webapp: StandardEngine[Catalina].StandardHost[localhost].StandardContext[/oauth2] {org.wso2.carbon.webapp.mgt.WebApplication}
TID: [-1234] [] [2019-01-15 08:52:03,197]  INFO {org.wso2.carbon.webapp.mgt.WebApplication} -  Unloaded webapp: StandardEngine[Catalina].StandardHost[localhost].StandardContext[/throttle/data/v1] {org.wso2.carbon.webapp.mgt.WebApplication}
TID: [-1234] [] [2019-01-15 08:52:03,299]  INFO {org.wso2.carbon.webapp.mgt.WebApplication} -  Unloaded webapp: StandardEngine[Catalina].StandardHost[localhost].StandardContext[/shindig] {org.wso2.carbon.webapp.mgt.WebApplication}
TID: [-1234] [] [2019-01-15 08:52:03,348]  INFO {org.wso2.carbon.webapp.mgt.WebApplication} -  Unloaded webapp: StandardEngine[Catalina].StandardHost[localhost].StandardContext[/am/sample/pizzashack/v1] {org.wso2.carbon.webapp.mgt.WebApplication}
TID: [-1234] [] [2019-01-15 08:52:03,438]  INFO {org.wso2.carbon.webapp.mgt.WebApplication} -  Unloaded webapp: StandardEngine[Catalina].StandardHost[localhost].StandardContext[/client-registration/v0.10] {org.wso2.carbon.webapp.mgt.WebApplication}
TID: [-1234] [] [2019-01-15 08:52:03,471]  INFO {org.wso2.carbon.webapp.mgt.WebApplication} -  Unloaded webapp: StandardEngine[Catalina].StandardHost[localhost].StandardContext[/authenticationendpoint] {org.wso2.carbon.webapp.mgt.WebApplication}
TID: [-1234] [] [2019-01-15 08:52:03,564]  INFO {org.wso2.carbon.webapp.mgt.WebApplication} -  Unloaded webapp: StandardEngine[Catalina].StandardHost[localhost].StandardContext[/api/am/publisher/v0.10] {org.wso2.carbon.webapp.mgt.WebApplication}
TID: [-1234] [] [2019-01-15 08:52:03,584]  INFO {org.wso2.carbon.webapp.mgt.WebApplication} -  Unloaded webapp: StandardEngine[Catalina].StandardHost[localhost].StandardContext[/store] {org.wso2.carbon.webapp.mgt.WebApplication}
TID: [-1234] [] [2019-01-15 08:52:03,598]  INFO {org.wso2.carbon.webapp.mgt.WebApplication} -  Unloaded webapp: StandardEngine[Catalina].StandardHost[localhost].StandardContext[/portal] {org.wso2.carbon.webapp.mgt.WebApplication}
TID: [-1234] [] [2019-01-15 08:52:03,623]  INFO {org.wso2.carbon.webapp.mgt.WebApplication} -  Unloaded webapp: StandardEngine[Catalina].StandardHost[localhost].StandardContext[/admin] {org.wso2.carbon.webapp.mgt.WebApplication}
TID: [-1234] [] [2019-01-15 08:52:03,649]  INFO {org.wso2.carbon.webapp.mgt.WebApplication} -  Unloaded webapp: StandardEngine[Catalina].StandardHost[localhost].StandardContext[/publisher] {org.wso2.carbon.webapp.mgt.WebApplication}
TID: [-1234] [] [2019-01-15 08:52:03,654]  INFO {org.wso2.carbon.core.ServerManagement} -  All deployment tasks have been completed. {org.wso2.carbon.core.ServerManagement}
TID: [-1234] [] [2019-01-15 08:52:03,654]  INFO {org.wso2.carbon.core.ServerManagement} -  Waiting for server task completion... {org.wso2.carbon.core.ServerManagement}
TID: [-1234] [] [2019-01-15 08:52:03,657]  INFO {org.wso2.andes.kernel.FlowControlManager} -  Prepare channels for shutdown. {org.wso2.andes.kernel.FlowControlManager}
TID: [-1234] [] [2019-01-15 08:52:03,659]  INFO {org.wso2.andes.kernel.MessagingEngine} -  Stopping SlotDelivery Worker. {org.wso2.andes.kernel.MessagingEngine}
TID: [-1234] [] [2019-01-15 08:52:03,660]  INFO {org.wso2.andes.kernel.slot.SlotMessageCounter} -  Stopping slot timeout task executor {org.wso2.andes.kernel.slot.SlotMessageCounter}
TID: [-1234] [] [2019-01-15 08:52:03,718]  INFO {org.wso2.andes.server.registry.ApplicationRegistry} -  Shutting down ApplicationRegistry(org.wso2.andes.server.registry.ConfigurationFileApplicationRegistry@7cf0b424) {org.wso2.andes.server.registry.ApplicationRegistry}
TID: [-1234] [] [2019-01-15 08:52:03,718]  INFO {org.wso2.andes.server.registry.ApplicationRegistry} -  Shutting down ApplicationRegistry:org.wso2.andes.server.registry.ConfigurationFileApplicationRegistry@7cf0b424 {org.wso2.andes.server.registry.ApplicationRegistry}
TID: [-1234] [] [2019-01-15 08:52:03,727]  INFO {org.wso2.andes.server.security.auth.manager.PrincipalDatabaseAuthenticationManager} -  Unregistering UserManagementMBean {org.wso2.andes.server.security.auth.manager.PrincipalDatabaseAuthenticationManager}
TID: [-1234] [] [2019-01-15 08:52:03,730]  INFO {org.wso2.andes.server.cluster.ClusterManager} -  Clearing the Persisted State of Node with ID NODEMarcoss-MacBook-Pro.local/10.208.74.54 {org.wso2.andes.server.cluster.ClusterManager}
TID: [-1234] [] [2019-01-15 08:52:03,733]  INFO {org.wso2.andes.kernel.AndesKernelBoot} -  Stop syncing exchanges, queues, bindings and subscriptions... {org.wso2.andes.kernel.AndesKernelBoot}
TID: [-1234] [] [2019-01-15 08:52:03,759] ERROR {org.wso2.carbon.registry.indexing.IndexingManager} -  Could not write last activity time when stopping indexing {org.wso2.carbon.registry.indexing.IndexingManager}
org.wso2.carbon.registry.core.exceptions.RegistryException: An exception occurred while executing handler chain. Hazelcast instance is not active!
	at org.wso2.carbon.registry.core.jdbc.handlers.HandlerManager.put(HandlerManager.java:2525)
	at org.wso2.carbon.registry.core.jdbc.handlers.HandlerLifecycleManager.put(HandlerLifecycleManager.java:945)
	at org.wso2.carbon.registry.core.jdbc.EmbeddedRegistry.put(EmbeddedRegistry.java:697)
	at org.wso2.carbon.registry.core.caching.CacheBackedRegistry.put(CacheBackedRegistry.java:591)
	at org.wso2.carbon.registry.core.session.UserRegistry.putInternal(UserRegistry.java:828)
	at org.wso2.carbon.registry.core.session.UserRegistry.access$1000(UserRegistry.java:61)
	at org.wso2.carbon.registry.core.session.UserRegistry$11.run(UserRegistry.java:804)
	at org.wso2.carbon.registry.core.session.UserRegistry$11.run(UserRegistry.java:801)
	at java.security.AccessController.doPrivileged(Native Method)
	at org.wso2.carbon.registry.core.session.UserRegistry.put(UserRegistry.java:801)
	at org.wso2.carbon.registry.indexing.IndexingManager.writeLastAccessTime(IndexingManager.java:229)
	at org.wso2.carbon.registry.indexing.IndexingManager.stopIndexing(IndexingManager.java:110)
	at org.wso2.carbon.registry.indexing.internal.IndexingServiceComponent$1.startingShutdown(IndexingServiceComponent.java:84)
	at org.wso2.carbon.core.ServerManagement.waitForServerTaskCompletion(ServerManagement.java:113)
	at org.wso2.carbon.core.ServerManagement.startMaintenanceForShutDown(ServerManagement.java:97)
	at org.wso2.carbon.core.init.CarbonServerManager.shutdownGracefully(CarbonServerManager.java:879)
	at org.wso2.carbon.core.init.CarbonServerManager$4.run(CarbonServerManager.java:902)
Caused by: com.hazelcast.core.HazelcastInstanceNotActiveException: Hazelcast instance is not active!
	at com.hazelcast.instance.HazelcastInstanceProxy.getOriginal(HazelcastInstanceProxy.java:271)
	at com.hazelcast.instance.HazelcastInstanceProxy.getMap(HazelcastInstanceProxy.java:75)
	at org.wso2.carbon.core.clustering.hazelcast.HazelcastDistributedMapProvider$DistMap.<init>(HazelcastDistributedMapProvider.java:68)
	at org.wso2.carbon.core.clustering.hazelcast.HazelcastDistributedMapProvider.getMap(HazelcastDistributedMapProvider.java:47)
	at org.wso2.carbon.caching.impl.CacheImpl.<init>(CacheImpl.java:120)
	at org.wso2.carbon.caching.impl.CarbonCacheManager.getCache(CarbonCacheManager.java:121)
	at org.wso2.carbon.registry.core.utils.RegistryUtils.getUUIDCache(RegistryUtils.java:319)
	at org.wso2.carbon.registry.core.caching.CachingHandler.getUUIDCache(CachingHandler.java:87)
	at org.wso2.carbon.registry.core.caching.CachingHandler.removeFromCache(CachingHandler.java:271)
	at org.wso2.carbon.registry.core.caching.CachingHandler.clearCache(CachingHandler.java:192)
	at org.wso2.carbon.registry.core.caching.CachingHandler.clearCache(CachingHandler.java:98)
	at org.wso2.carbon.registry.core.caching.CachingHandler.put(CachingHandler.java:341)
	at org.wso2.carbon.registry.core.jdbc.handlers.HandlerManager.put(HandlerManager.java:2503)
	... 16 more
TID: [-1234] [] [2019-01-15 08:52:03,778]  INFO {org.wso2.carbon.core.ServerManagement} -  All server tasks have been completed. {org.wso2.carbon.core.ServerManagement}
TID: [-1234] [] [2019-01-15 08:52:03,778]  INFO {org.wso2.carbon.core.init.CarbonServerManager} -  Shutting down WSO2 API Manager... {org.wso2.carbon.core.init.CarbonServerManager}
TID: [-1234] [] [2019-01-15 08:52:03,779]  INFO {org.wso2.carbon.core.init.CarbonServerManager} -  Shutting down OSGi framework... {org.wso2.carbon.core.init.CarbonServerManager}
TID: [-1234] [] [2019-01-15 08:52:04,010]  INFO {org.apache.synapse.task.SynapseTaskManager} -  Shutting down the task manager {org.apache.synapse.task.SynapseTaskManager}
TID: [-1234] [] [2019-01-15 08:52:04,027]  INFO {org.wso2.carbon.databridge.receiver.binary.internal.BinaryDataReceiverServiceComponent} -  Binary Data Receiver server shutting down... {org.wso2.carbon.databridge.receiver.binary.internal.BinaryDataReceiverServiceComponent}
TID: [-1234] [] [2019-01-15 08:52:04,027]  INFO {org.wso2.carbon.databridge.receiver.binary.internal.BinaryDataReceiver} -  Stopping Binary Server.. {org.wso2.carbon.databridge.receiver.binary.internal.BinaryDataReceiver}
TID: [-1234] [] [2019-01-15 08:52:04,028]  INFO {org.wso2.carbon.databridge.receiver.thrift.internal.ThriftDataReceiverDS} -  Thrift server shutting down... {org.wso2.carbon.databridge.receiver.thrift.internal.ThriftDataReceiverDS}
TID: [-1234] [] [2019-01-15 08:52:04,061]  INFO {org.wso2.carbon.event.receiver.core.EventReceiverDeployer} -  Event Receiver undeployed successfully: throttleWSO2EventReceiver.xml {org.wso2.carbon.event.receiver.core.EventReceiverDeployer}
TID: [-1234] [] [2019-01-15 08:52:04,069]  INFO {org.wso2.carbon.event.receiver.core.EventReceiverDeployer} -  Event receiver deployment held back and in inactive state: throttleWSO2EventReceiver.xml, waiting for Input Event Adapter dependency: wso2event {org.wso2.carbon.event.receiver.core.EventReceiverDeployer}
TID: [-1234] [] [2019-01-15 08:52:04,069]  INFO {org.wso2.carbon.event.receiver.core.internal.CarbonEventReceiverService} -  Event receiver : throttleWSO2EventReceiver in inactive state because dependency could not be found: wso2event {org.wso2.carbon.event.receiver.core.internal.CarbonEventReceiverService}
TID: [-1234] [] [2019-01-15 08:52:04,087]  INFO {org.wso2.carbon.event.publisher.core.EventPublisherDeployer} -  Event Publisher undeployed successfully : jmsEventPublisher.xml {org.wso2.carbon.event.publisher.core.EventPublisherDeployer}
TID: [-1234] [] [2019-01-15 08:52:04,089]  INFO {org.wso2.carbon.event.publisher.core.EventPublisherDeployer} -  Event Publisher deployment held back and in inactive state : jmsEventPublisher.xml, waiting for Output Event Adapter dependency : jms {org.wso2.carbon.event.publisher.core.EventPublisherDeployer}
TID: [-1234] [] [2019-01-15 08:52:04,089]  INFO {org.wso2.carbon.event.publisher.core.internal.CarbonEventPublisherService} -  Event publisher : jmsEventPublisher  is in inactive state because dependency could not be found : jms {org.wso2.carbon.event.publisher.core.internal.CarbonEventPublisherService}
TID: [-1234] [] [2019-01-15 08:52:04,183]  INFO {org.wso2.carbon.event.processor.core.internal.CarbonEventProcessorService} -  Successfully shutdown ExecutionPlans {org.wso2.carbon.event.processor.core.internal.CarbonEventProcessorService}
TID: [-1234] [] [2019-01-15 08:52:04,212]  INFO {org.wso2.andes.kernel.slot.SlotManagerClusterMode} -  Using RDBMS based slot management mode {org.wso2.andes.kernel.slot.SlotManagerClusterMode}
TID: [-1234] [] [2019-01-15 08:52:04,222]  INFO {org.wso2.carbon.core.init.CarbonServerManager} -  Stopping CarbonServerManager... {org.wso2.carbon.core.init.CarbonServerManager}
TID: [-1] [] [2019-01-15 08:52:04,227]  INFO {org.apache.synapse.transport.passthru.PassThroughHttpSender} -  HTTP Sender shutdown {org.apache.synapse.transport.passthru.PassThroughHttpSender}
TID: [-1] [] [2019-01-15 08:52:04,227]  INFO {org.apache.synapse.transport.passthru.PassThroughHttpSSLSender} -  HTTPS Sender shutdown {org.apache.synapse.transport.passthru.PassThroughHttpSSLSender}
TID: [-1234] [] [2019-01-15 08:52:04,227]  INFO {org.apache.synapse.transport.passthru.PassThroughHttpListener} -  Destroying PassThroughHttpListener {org.apache.synapse.transport.passthru.PassThroughHttpListener}
TID: [-1234] [] [2019-01-15 08:52:04,228]  INFO {org.apache.synapse.transport.passthru.PassThroughHttpSSLListener} -  Destroying PassThroughHttpListener {org.apache.synapse.transport.passthru.PassThroughHttpSSLListener}
TID: [-1234] [] [2019-01-15 08:52:06,517]  INFO {org.wso2.carbon.tomcat.ext.internal.CarbonTomcatServiceComponent} -  Stopping the carbon web-app registered under : / {org.wso2.carbon.tomcat.ext.internal.CarbonTomcatServiceComponent}
TID: [-1234] [] [2019-01-15 08:52:06,532]  INFO {org.wso2.carbon.metrics.impl.reporter.AbstractReporter} -  Stopped JDBC reporter for Metrics {org.wso2.carbon.metrics.impl.reporter.AbstractReporter}
TID: [-1234] [] [2019-01-15 08:52:06,533]  INFO {org.wso2.carbon.metrics.impl.reporter.AbstractReporter} -  Stopped JMX reporter for Metrics {org.wso2.carbon.metrics.impl.reporter.AbstractReporter}
TID: [-1234] [] [2019-01-15 08:52:06,575] ERROR {org.wso2.carbon.registry.indexing.IndexingManager} -  Could not write last activity time when stopping indexing {org.wso2.carbon.registry.indexing.IndexingManager}
org.wso2.carbon.registry.core.exceptions.RegistryException: An exception occurred while executing handler chain. Hazelcast instance is not active!
	at org.wso2.carbon.registry.core.jdbc.handlers.HandlerManager.put(HandlerManager.java:2525)
	at org.wso2.carbon.registry.core.jdbc.handlers.HandlerLifecycleManager.put(HandlerLifecycleManager.java:945)
	at org.wso2.carbon.registry.core.jdbc.EmbeddedRegistry.put(EmbeddedRegistry.java:697)
	at org.wso2.carbon.registry.core.caching.CacheBackedRegistry.put(CacheBackedRegistry.java:591)
	at org.wso2.carbon.registry.core.session.UserRegistry.putInternal(UserRegistry.java:828)
	at org.wso2.carbon.registry.core.session.UserRegistry.access$1000(UserRegistry.java:61)
	at org.wso2.carbon.registry.core.session.UserRegistry$11.run(UserRegistry.java:804)
	at org.wso2.carbon.registry.core.session.UserRegistry$11.run(UserRegistry.java:801)
	at java.security.AccessController.doPrivileged(Native Method)
	at org.wso2.carbon.registry.core.session.UserRegistry.put(UserRegistry.java:801)
	at org.wso2.carbon.registry.indexing.IndexingManager.writeLastAccessTime(IndexingManager.java:229)
	at org.wso2.carbon.registry.indexing.IndexingManager.stopIndexing(IndexingManager.java:110)
	at org.wso2.carbon.registry.indexing.internal.IndexingServiceComponent.stopIndexing(IndexingServiceComponent.java:128)
	at org.wso2.carbon.registry.indexing.internal.IndexingServiceComponent.unsetRegistryService(IndexingServiceComponent.java:123)
	at sun.reflect.NativeMethodAccessorImpl.invoke0(Native Method)
	at sun.reflect.NativeMethodAccessorImpl.invoke(NativeMethodAccessorImpl.java:62)
	at sun.reflect.DelegatingMethodAccessorImpl.invoke(DelegatingMethodAccessorImpl.java:43)
	at java.lang.reflect.Method.invoke(Method.java:498)
	at org.eclipse.equinox.internal.ds.model.ComponentReference.unbind(ComponentReference.java:476)
	at org.eclipse.equinox.internal.ds.model.ServiceComponentProp.unbindReference(ServiceComponentProp.java:617)
	at org.eclipse.equinox.internal.ds.model.ServiceComponentProp.unbind(ServiceComponentProp.java:262)
	at org.eclipse.equinox.internal.ds.model.ServiceComponentProp.dispose(ServiceComponentProp.java:388)
	at org.eclipse.equinox.internal.ds.model.ServiceComponentProp.dispose(ServiceComponentProp.java:102)
	at org.eclipse.equinox.internal.ds.InstanceProcess.disposeInstances(InstanceProcess.java:344)
	at org.eclipse.equinox.internal.ds.InstanceProcess.disposeInstances(InstanceProcess.java:306)
	at org.eclipse.equinox.internal.ds.Resolver.getEligible(Resolver.java:368)
	at org.eclipse.equinox.internal.ds.SCRManager.serviceChanged(SCRManager.java:222)
	at org.eclipse.osgi.internal.serviceregistry.FilteredServiceListener.serviceChanged(FilteredServiceListener.java:107)
	at org.eclipse.osgi.framework.internal.core.BundleContextImpl.dispatchEvent(BundleContextImpl.java:861)
	at org.eclipse.osgi.framework.eventmgr.EventManager.dispatchEvent(EventManager.java:230)
	at org.eclipse.osgi.framework.eventmgr.ListenerQueue.dispatchEventSynchronous(ListenerQueue.java:148)
	at org.eclipse.osgi.internal.serviceregistry.ServiceRegistry.publishServiceEventPrivileged(ServiceRegistry.java:819)
	at org.eclipse.osgi.internal.serviceregistry.ServiceRegistry.publishServiceEvent(ServiceRegistry.java:771)
	at org.eclipse.osgi.internal.serviceregistry.ServiceRegistrationImpl.unregister(ServiceRegistrationImpl.java:225)
	at org.wso2.carbon.registry.core.internal.RegistryCoreServiceComponent.deactivate(RegistryCoreServiceComponent.java:207)
	at sun.reflect.NativeMethodAccessorImpl.invoke0(Native Method)
	at sun.reflect.NativeMethodAccessorImpl.invoke(NativeMethodAccessorImpl.java:62)
	at sun.reflect.DelegatingMethodAccessorImpl.invoke(DelegatingMethodAccessorImpl.java:43)
	at java.lang.reflect.Method.invoke(Method.java:498)
	at org.eclipse.equinox.internal.ds.model.ServiceComponent.deactivate(ServiceComponent.java:387)
	at org.eclipse.equinox.internal.ds.model.ServiceComponentProp.deactivate(ServiceComponentProp.java:161)
	at org.eclipse.equinox.internal.ds.model.ServiceComponentProp.dispose(ServiceComponentProp.java:387)
	at org.eclipse.equinox.internal.ds.model.ServiceComponentProp.dispose(ServiceComponentProp.java:102)
	at org.eclipse.equinox.internal.ds.InstanceProcess.disposeInstances(InstanceProcess.java:344)
	at org.eclipse.equinox.internal.ds.InstanceProcess.disposeInstances(InstanceProcess.java:306)
	at org.eclipse.equinox.internal.ds.Resolver.getEligible(Resolver.java:368)
	at org.eclipse.equinox.internal.ds.SCRManager.serviceChanged(SCRManager.java:222)
	at org.eclipse.osgi.internal.serviceregistry.FilteredServiceListener.serviceChanged(FilteredServiceListener.java:107)
	at org.eclipse.osgi.framework.internal.core.BundleContextImpl.dispatchEvent(BundleContextImpl.java:861)
	at org.eclipse.osgi.framework.eventmgr.EventManager.dispatchEvent(EventManager.java:230)
	at org.eclipse.osgi.framework.eventmgr.ListenerQueue.dispatchEventSynchronous(ListenerQueue.java:148)
	at org.eclipse.osgi.internal.serviceregistry.ServiceRegistry.publishServiceEventPrivileged(ServiceRegistry.java:819)
	at org.eclipse.osgi.internal.serviceregistry.ServiceRegistry.publishServiceEvent(ServiceRegistry.java:771)
	at org.eclipse.osgi.internal.serviceregistry.ServiceRegistrationImpl.unregister(ServiceRegistrationImpl.java:225)
	at org.eclipse.osgi.internal.serviceregistry.ServiceRegistry.unregisterServices(ServiceRegistry.java:635)
	at org.eclipse.osgi.framework.internal.core.BundleContextImpl.close(BundleContextImpl.java:88)
	at org.eclipse.osgi.framework.internal.core.BundleHost.stopWorker(BundleHost.java:514)
	at org.eclipse.osgi.framework.internal.core.AbstractBundle.suspend(AbstractBundle.java:566)
	at org.eclipse.osgi.framework.internal.core.Framework.suspendBundle(Framework.java:1206)
	at org.eclipse.osgi.framework.internal.core.StartLevelManager.decFWSL(StartLevelManager.java:592)
	at org.eclipse.osgi.framework.internal.core.StartLevelManager.doSetStartLevel(StartLevelManager.java:257)
	at org.eclipse.osgi.framework.internal.core.StartLevelManager.shutdown(StartLevelManager.java:215)
	at org.eclipse.osgi.framework.internal.core.InternalSystemBundle.suspend(InternalSystemBundle.java:284)
	at org.eclipse.osgi.framework.internal.core.Framework.shutdown(Framework.java:692)
	at org.eclipse.osgi.framework.internal.core.Framework.close(Framework.java:600)
	at org.eclipse.core.runtime.adaptor.EclipseStarter.shutdown(EclipseStarter.java:400)
	at org.wso2.carbon.core.init.CarbonServerManager.shutdown(CarbonServerManager.java:850)
	at org.wso2.carbon.core.init.CarbonServerManager.shutdownGracefully(CarbonServerManager.java:884)
	at org.wso2.carbon.core.init.CarbonServerManager$4.run(CarbonServerManager.java:902)
Caused by: com.hazelcast.core.HazelcastInstanceNotActiveException: Hazelcast instance is not active!
	at com.hazelcast.instance.HazelcastInstanceProxy.getOriginal(HazelcastInstanceProxy.java:271)
	at com.hazelcast.instance.HazelcastInstanceProxy.getMap(HazelcastInstanceProxy.java:75)
	at org.wso2.carbon.core.clustering.hazelcast.HazelcastDistributedMapProvider$DistMap.<init>(HazelcastDistributedMapProvider.java:68)
	at org.wso2.carbon.core.clustering.hazelcast.HazelcastDistributedMapProvider.getMap(HazelcastDistributedMapProvider.java:47)
	at org.wso2.carbon.caching.impl.CacheImpl.<init>(CacheImpl.java:120)
	at org.wso2.carbon.caching.impl.CarbonCacheManager.getCache(CarbonCacheManager.java:121)
	at org.wso2.carbon.registry.core.utils.RegistryUtils.getUUIDCache(RegistryUtils.java:319)
	at org.wso2.carbon.registry.core.caching.CachingHandler.getUUIDCache(CachingHandler.java:87)
	at org.wso2.carbon.registry.core.caching.CachingHandler.removeFromCache(CachingHandler.java:271)
	at org.wso2.carbon.registry.core.caching.CachingHandler.clearCache(CachingHandler.java:192)
	at org.wso2.carbon.registry.core.caching.CachingHandler.clearCache(CachingHandler.java:98)
	at org.wso2.carbon.registry.core.caching.CachingHandler.put(CachingHandler.java:341)
	at org.wso2.carbon.registry.core.jdbc.handlers.HandlerManager.put(HandlerManager.java:2503)
	... 68 more
TID: [-1234] [] [2019-01-15 08:52:06,984]  INFO {org.wso2.carbon.core.init.CarbonServerManager} -  Shutdown complete {org.wso2.carbon.core.init.CarbonServerManager}
TID: [-1234] [] [2019-01-15 08:52:06,984]  INFO {org.wso2.carbon.core.init.CarbonServerManager} -  Halting JVM {org.wso2.carbon.core.init.CarbonServerManager}
TID: [-1] [] [2019-01-15 10:09:00,357]  INFO {org.wso2.andes.wso2.internal.QpidBundleActivator} -  Setting BundleContext in PluginManager {org.wso2.andes.wso2.internal.QpidBundleActivator}
TID: [-1234] [] [2019-01-15 10:09:01,499]  INFO {org.wso2.carbon.core.internal.CarbonCoreActivator} -  Starting WSO2 Carbon... {org.wso2.carbon.core.internal.CarbonCoreActivator}
TID: [-1234] [] [2019-01-15 10:09:01,500]  INFO {org.wso2.carbon.core.internal.CarbonCoreActivator} -  Operating System : Mac OS X 10.14.2, x86_64 {org.wso2.carbon.core.internal.CarbonCoreActivator}
TID: [-1234] [] [2019-01-15 10:09:01,500]  INFO {org.wso2.carbon.core.internal.CarbonCoreActivator} -  Java Home        : /Library/Java/JavaVirtualMachines/jdk1.8.0_151.jdk/Contents/Home/jre {org.wso2.carbon.core.internal.CarbonCoreActivator}
TID: [-1234] [] [2019-01-15 10:09:01,500]  INFO {org.wso2.carbon.core.internal.CarbonCoreActivator} -  Java Version     : 1.8.0_151 {org.wso2.carbon.core.internal.CarbonCoreActivator}
TID: [-1234] [] [2019-01-15 10:09:01,500]  INFO {org.wso2.carbon.core.internal.CarbonCoreActivator} -  Java VM          : Java HotSpot(TM) 64-Bit Server VM 25.151-b12,Oracle Corporation {org.wso2.carbon.core.internal.CarbonCoreActivator}
TID: [-1234] [] [2019-01-15 10:09:01,500]  INFO {org.wso2.carbon.core.internal.CarbonCoreActivator} -  Carbon Home      : /Library/WSO2/Publisher {org.wso2.carbon.core.internal.CarbonCoreActivator}
TID: [-1234] [] [2019-01-15 10:09:01,501]  INFO {org.wso2.carbon.core.internal.CarbonCoreActivator} -  Java Temp Dir    : /Library/WSO2/Publisher/tmp {org.wso2.carbon.core.internal.CarbonCoreActivator}
TID: [-1234] [] [2019-01-15 10:09:01,501]  INFO {org.wso2.carbon.core.internal.CarbonCoreActivator} -  User             : marcosmartinezhernandez, en-US, Europe/Madrid {org.wso2.carbon.core.internal.CarbonCoreActivator}
TID: [-1234] [] [2019-01-15 10:09:01,615]  WARN {org.wso2.carbon.core.bootup.validator.util.ValidationResultPrinter} -  Carbon is configured to use the default keystore (wso2carbon.jks). To maximize security when deploying to a production environment, configure a new keystore with a unique password in the production server profile. {org.wso2.carbon.core.bootup.validator.util.ValidationResultPrinter}
TID: [-1] [] [2019-01-15 10:09:01,903]  INFO {org.wso2.carbon.event.output.adapter.kafka.internal.ds.KafkaEventAdapterServiceDS} -  Successfully deployed the Kafka output event adaptor service {org.wso2.carbon.event.output.adapter.kafka.internal.ds.KafkaEventAdapterServiceDS}
TID: [-1] [] [2019-01-15 10:09:01,969]  INFO {org.wso2.carbon.event.processor.manager.core.internal.util.ManagementModeConfigurationLoader} -  CEP started in Single node mode {org.wso2.carbon.event.processor.manager.core.internal.util.ManagementModeConfigurationLoader}
TID: [-1] [] [2019-01-15 10:09:02,008]  INFO {org.wso2.carbon.event.template.manager.core.internal.ds.TemplateDeployerServiceTrackerDS} -  Successfully deployed the execution manager tracker service {org.wso2.carbon.event.template.manager.core.internal.ds.TemplateDeployerServiceTrackerDS}
TID: [-1234] [] [2019-01-15 10:09:03,434]  WARN {org.apache.tomcat.jdbc.pool.ConnectionPool} -  maxIdle is larger than maxActive, setting maxIdle to: 40 {org.apache.tomcat.jdbc.pool.ConnectionPool}
TID: [-1234] [] [2019-01-15 10:09:03,851]  INFO {org.wso2.carbon.databridge.receiver.binary.internal.BinaryDataReceiver} -  Started Binary SSL Transport on port : 9713 {org.wso2.carbon.databridge.receiver.binary.internal.BinaryDataReceiver}
TID: [-1234] [] [2019-01-15 10:09:03,852]  INFO {org.wso2.carbon.databridge.receiver.binary.internal.BinaryDataReceiver} -  Started Binary TCP Transport on port : 9613 {org.wso2.carbon.databridge.receiver.binary.internal.BinaryDataReceiver}
TID: [-1234] [] [2019-01-15 10:09:03,859]  INFO {org.wso2.carbon.databridge.core.internal.DataBridgeDS} -  Successfully deployed Agent Server  {org.wso2.carbon.databridge.core.internal.DataBridgeDS}
TID: [-1234] [] [2019-01-15 10:09:04,397]  INFO {org.wso2.carbon.registry.core.jdbc.EmbeddedRegistryService} -  Configured Registry in 93ms {org.wso2.carbon.registry.core.jdbc.EmbeddedRegistryService}
TID: [-1234] [] [2019-01-15 10:09:04,418]  INFO {org.wso2.carbon.registry.core.jdbc.EmbeddedRegistryService} -  Connected to mount at govregistry in 3ms {org.wso2.carbon.registry.core.jdbc.EmbeddedRegistryService}
TID: [-1234] [] [2019-01-15 10:09:04,488]  INFO {org.wso2.carbon.registry.core.jdbc.EmbeddedRegistryService} -  Connected to mount at govregistry in 0ms {org.wso2.carbon.registry.core.jdbc.EmbeddedRegistryService}
TID: [-1234] [] [2019-01-15 10:09:04,496]  INFO {org.wso2.carbon.registry.core.internal.RegistryCoreServiceComponent} -  Registry Mode    : READ-WRITE {org.wso2.carbon.registry.core.internal.RegistryCoreServiceComponent}
TID: [-1234] [] [2019-01-15 10:09:04,512]  INFO {org.wso2.andes.configuration.AndesConfigurationManager} -  Main andes configuration located at : /Library/WSO2/Publisher/repository/conf/broker.xml {org.wso2.andes.configuration.AndesConfigurationManager}
TID: [-1234] [] [2019-01-15 10:09:04,678]  INFO {org.wso2.andes.configuration.AndesConfigurationManager} -  Main andes configuration located at : /Library/WSO2/Publisher/repository/conf/broker.xml {org.wso2.andes.configuration.AndesConfigurationManager}
TID: [-1234] [] [2019-01-15 10:09:07,528]  INFO {org.wso2.carbon.metrics.impl.util.JmxReporterBuilder} -  Creating JMX reporter for Metrics with domain 'org.wso2.carbon.metrics' {org.wso2.carbon.metrics.impl.util.JmxReporterBuilder}
TID: [-1234] [] [2019-01-15 10:09:07,534]  INFO {org.wso2.carbon.metrics.impl.util.JDBCReporterBuilder} -  Creating JDBC reporter for Metrics with source 'marcoss-mbp.gfi.es', data source 'jdbc/WSO2MetricsDB' and 60 seconds polling period {org.wso2.carbon.metrics.impl.util.JDBCReporterBuilder}
TID: [-1234] [] [2019-01-15 10:09:07,535]  INFO {org.wso2.carbon.metrics.impl.reporter.AbstractReporter} -  Started JMX reporter for Metrics {org.wso2.carbon.metrics.impl.reporter.AbstractReporter}
TID: [-1234] [] [2019-01-15 10:09:07,542]  INFO {org.wso2.carbon.metrics.impl.reporter.AbstractReporter} -  Started JDBC reporter for Metrics {org.wso2.carbon.metrics.impl.reporter.AbstractReporter}
TID: [-1234] [] [2019-01-15 10:09:09,369]  INFO {org.wso2.carbon.registry.indexing.solr.SolrClient} -  Default Embedded Solr Server Initialized {org.wso2.carbon.registry.indexing.solr.SolrClient}
TID: [-1234] [] [2019-01-15 10:09:09,626]  INFO {org.wso2.carbon.user.core.internal.UserStoreMgtDSComponent} -  Carbon UserStoreMgtDSComponent activated successfully. {org.wso2.carbon.user.core.internal.UserStoreMgtDSComponent}
TID: [-1] [] [2019-01-15 10:09:18,836]  INFO {org.apache.catalina.startup.TaglibUriRule} -  TLD skipped. URI: http://tiles.apache.org/tags-tiles is already defined {org.apache.catalina.startup.TaglibUriRule}
TID: [-1234] [] [2019-01-15 10:09:19,828]  INFO {org.apache.axis2.deployment.ClusterBuilder} -  Clustering has been enabled {org.apache.axis2.deployment.ClusterBuilder}
TID: [-1234] [] [2019-01-15 10:09:19,834]  INFO {org.apache.axis2.deployment.ClusterBuilder} -  Running in application mode {org.apache.axis2.deployment.ClusterBuilder}
TID: [-1234] [] [2019-01-15 10:09:20,110]  INFO {org.wso2.carbon.identity.user.store.configuration.deployer.UserStoreConfigurationDeployer} -  User Store Configuration Deployer initiated. {org.wso2.carbon.identity.user.store.configuration.deployer.UserStoreConfigurationDeployer}
TID: [-1234] [] [2019-01-15 10:09:20,111]  INFO {org.wso2.carbon.identity.user.store.configuration.deployer.UserStoreConfigurationDeployer} -  User Store Configuration Deployer initiated. {org.wso2.carbon.identity.user.store.configuration.deployer.UserStoreConfigurationDeployer}
TID: [-1234] [] [2019-01-15 10:09:20,121]  INFO {org.apache.synapse.transport.passthru.PassThroughHttpSender} -  Initializing Pass-through HTTP/S Sender... {org.apache.synapse.transport.passthru.PassThroughHttpSender}
TID: [-1234] [] [2019-01-15 10:09:20,134]  INFO {org.apache.synapse.transport.passthru.PassThroughHttpSender} -  No proxy configuration found {org.apache.synapse.transport.passthru.PassThroughHttpSender}
TID: [-1234] [] [2019-01-15 10:09:20,174]  INFO {org.apache.synapse.transport.passthru.PassThroughHttpSender} -  Pass-through HTTP Sender started... {org.apache.synapse.transport.passthru.PassThroughHttpSender}
TID: [-1234] [] [2019-01-15 10:09:20,174]  INFO {org.apache.synapse.transport.passthru.PassThroughHttpSSLSender} -  Initializing Pass-through HTTP/S Sender... {org.apache.synapse.transport.passthru.PassThroughHttpSSLSender}
TID: [-1234] [] [2019-01-15 10:09:20,175]  INFO {org.apache.synapse.transport.passthru.PassThroughHttpSSLSender} -  No proxy configuration found {org.apache.synapse.transport.passthru.PassThroughHttpSSLSender}
TID: [-1234] [] [2019-01-15 10:09:20,177]  INFO {org.apache.synapse.transport.nhttp.config.ClientConnFactoryBuilder} -  HTTPS Loading Identity Keystore from : repository/resources/security/wso2carbon.jks {org.apache.synapse.transport.nhttp.config.ClientConnFactoryBuilder}
TID: [-1234] [] [2019-01-15 10:09:20,188]  INFO {org.apache.synapse.transport.nhttp.config.ClientConnFactoryBuilder} -  HTTPS Loading Trust Keystore from : repository/resources/security/client-truststore.jks {org.apache.synapse.transport.nhttp.config.ClientConnFactoryBuilder}
TID: [-1234] [] [2019-01-15 10:09:20,194]  INFO {org.apache.synapse.transport.passthru.PassThroughHttpSSLSender} -  Pass-through HTTPS Sender started... {org.apache.synapse.transport.passthru.PassThroughHttpSSLSender}
TID: [-1234] [] [2019-01-15 10:09:20,205]  INFO {org.apache.synapse.transport.passthru.PassThroughHttpListener} -  Initializing Pass-through HTTP/S Listener... {org.apache.synapse.transport.passthru.PassThroughHttpListener}
TID: [-1234] [] [2019-01-15 10:09:20,241]  INFO {org.apache.synapse.transport.passthru.PassThroughHttpSSLListener} -  Initializing Pass-through HTTP/S Listener... {org.apache.synapse.transport.passthru.PassThroughHttpSSLListener}
TID: [-1234] [] [2019-01-15 10:09:20,419]  INFO {org.apache.axis2.deployment.ModuleDeployer} -  Deploying module: addressing-1.6.1-wso2v19 - file:/Library/WSO2/Publisher/repository/deployment/client/modules/addressing-1.6.1-wso2v19.mar {org.apache.axis2.deployment.ModuleDeployer}
TID: [-1234] [] [2019-01-15 10:09:20,868]  INFO {org.apache.axis2.deployment.DeploymentEngine} -  Deploying Web service: org.wso2.carbon.andes.admin-3.1.6 -  {org.apache.axis2.deployment.DeploymentEngine}
TID: [-1234] [] [2019-01-15 10:09:20,895]  INFO {org.apache.axis2.deployment.DeploymentEngine} -  Deploying Web service: org.wso2.carbon.andes.event.admin-3.1.6 -  {org.apache.axis2.deployment.DeploymentEngine}
TID: [-1234] [] [2019-01-15 10:09:21,766]  INFO {org.apache.axis2.deployment.DeploymentEngine} -  Deploying Web service: org.wso2.carbon.message.processor-4.6.1 -  {org.apache.axis2.deployment.DeploymentEngine}
TID: [-1234] [] [2019-01-15 10:09:21,773]  INFO {org.apache.axis2.deployment.DeploymentEngine} -  Deploying Web service: org.wso2.carbon.message.store-4.6.1 -  {org.apache.axis2.deployment.DeploymentEngine}
TID: [-1234] [] [2019-01-15 10:09:22,067]  INFO {org.apache.axis2.deployment.DeploymentEngine} -  Deploying Web service: org.wso2.carbon.registry.ws.api-4.5.6 -  {org.apache.axis2.deployment.DeploymentEngine}
TID: [-1234] [] [2019-01-15 10:09:22,683]  INFO {org.wso2.carbon.core.init.CarbonServerManager} -  Repository       : /Library/WSO2/Publisher/repository/deployment/server/ {org.wso2.carbon.core.init.CarbonServerManager}
TID: [-1] [] [2019-01-15 10:09:22,686]  INFO {org.wso2.carbon.event.input.adapter.kafka.internal.ds.KafkaEventAdapterServiceHolder} -  Kafka input event adaptor waiting for dependent configurations to load {org.wso2.carbon.event.input.adapter.kafka.internal.ds.KafkaEventAdapterServiceHolder}
TID: [-1234] [] [2019-01-15 10:09:22,757]  INFO {org.wso2.carbon.andes.core.internal.ds.QueueManagerServiceDS} -  Successfully created the queue manager service {org.wso2.carbon.andes.core.internal.ds.QueueManagerServiceDS}
TID: [-1234] [] [2019-01-15 10:09:22,760]  INFO {org.wso2.carbon.andes.core.internal.ds.SubscriptionManagerServiceDS} -  Successfully created the subscription manager service {org.wso2.carbon.andes.core.internal.ds.SubscriptionManagerServiceDS}
TID: [-1234] [] [2019-01-15 10:09:23,148]  INFO {org.wso2.carbon.core.multitenancy.eager.TenantLoadingConfig} -  Using tenant lazy loading policy... {org.wso2.carbon.core.multitenancy.eager.TenantLoadingConfig}
TID: [-1234] [] [2019-01-15 10:09:23,160]  INFO {org.wso2.carbon.core.internal.permission.update.PermissionUpdater} -  Permission cache updated for tenant -1234 {org.wso2.carbon.core.internal.permission.update.PermissionUpdater}
TID: [-1234] [] [2019-01-15 10:09:23,503]  INFO {org.wso2.carbon.identity.application.authentication.framework.store.SessionDataStore} -  Thread pool size for session persistent consumer : 100 {org.wso2.carbon.identity.application.authentication.framework.store.SessionDataStore}
TID: [-1234] [] [2019-01-15 10:09:23,516]  INFO {org.wso2.carbon.identity.application.authentication.framework.store.SessionDataStore} -  Session Data Operations CleanUp Task of Authentication framework is not enabled. {org.wso2.carbon.identity.application.authentication.framework.store.SessionDataStore}
TID: [-1234] [] [2019-01-15 10:09:23,579]  INFO {org.wso2.carbon.identity.oauth2.internal.OAuth2ServiceComponent} -  PKCE Support enabled. {org.wso2.carbon.identity.oauth2.internal.OAuth2ServiceComponent}
TID: [-1] [] [2019-01-15 10:09:23,594]  INFO {org.wso2.carbon.identity.entitlement.internal.SchemaBuilder} -  XACML policy schema loaded successfully. {org.wso2.carbon.identity.entitlement.internal.SchemaBuilder}
TID: [-1234] [] [2019-01-15 10:09:23,642]  INFO {org.wso2.carbon.mediation.initializer.ServiceBusInitializer} -  Starting ESB... {org.wso2.carbon.mediation.initializer.ServiceBusInitializer}
TID: [-1234] [] [2019-01-15 10:09:23,669]  INFO {org.wso2.carbon.mediation.initializer.ServiceBusInitializer} -  Initializing Apache Synapse... {org.wso2.carbon.mediation.initializer.ServiceBusInitializer}
TID: [-1234] [] [2019-01-15 10:09:23,676]  INFO {org.apache.synapse.SynapseControllerFactory} -  Using Synapse home : /Library/WSO2/Publisher/. {org.apache.synapse.SynapseControllerFactory}
TID: [-1234] [] [2019-01-15 10:09:23,676]  INFO {org.apache.synapse.SynapseControllerFactory} -  Using synapse.xml location : /Library/WSO2/Publisher/././repository/deployment/server/synapse-configs/default {org.apache.synapse.SynapseControllerFactory}
TID: [-1234] [] [2019-01-15 10:09:23,677]  INFO {org.apache.synapse.SynapseControllerFactory} -  Using server name : localhost {org.apache.synapse.SynapseControllerFactory}
TID: [-1234] [] [2019-01-15 10:09:23,680]  INFO {org.apache.synapse.SynapseControllerFactory} -  The timeout handler will run every : 15s {org.apache.synapse.SynapseControllerFactory}
TID: [-1234] [] [2019-01-15 10:09:23,688]  INFO {org.apache.synapse.Axis2SynapseController} -  Initializing Synapse at : Tue Jan 15 10:09:23 CET 2019 {org.apache.synapse.Axis2SynapseController}
TID: [-1234] [] [2019-01-15 10:09:23,697]  INFO {org.wso2.carbon.mediation.initializer.CarbonSynapseController} -  Loading the mediation configuration from the file system {org.wso2.carbon.mediation.initializer.CarbonSynapseController}
TID: [-1234] [] [2019-01-15 10:09:23,700]  INFO {org.apache.synapse.config.xml.MultiXMLConfigurationBuilder} -  Building synapse configuration from the synapse artifact repository at : ././repository/deployment/server/synapse-configs/default {org.apache.synapse.config.xml.MultiXMLConfigurationBuilder}
TID: [-1234] [] [2019-01-15 10:09:23,700]  INFO {org.apache.synapse.config.xml.XMLConfigurationBuilder} -  Generating the Synapse configuration model by parsing the XML configuration {org.apache.synapse.config.xml.XMLConfigurationBuilder}
TID: [-1234] [] [2019-01-15 10:09:23,940]  INFO {org.wso2.carbon.mediation.dependency.mgt.DependencyTracker} -  API : WSO2.ORG/admin--testCalc:v1.0.0 was added to the Synapse configuration successfully {org.wso2.carbon.mediation.dependency.mgt.DependencyTracker}
TID: [-1234] [] [2019-01-15 10:09:23,951]  INFO {org.wso2.carbon.mediation.dependency.mgt.DependencyTracker} -  API : WSO2.ORG/admin--PizzaShackAPI:v1.0.0 was added to the Synapse configuration successfully {org.wso2.carbon.mediation.dependency.mgt.DependencyTracker}
TID: [-1234] [] [2019-01-15 10:09:23,954]  INFO {org.wso2.carbon.mediation.dependency.mgt.DependencyTracker} -  API : _WSO2AMUserInfoAPI_ was added to the Synapse configuration successfully {org.wso2.carbon.mediation.dependency.mgt.DependencyTracker}
TID: [-1234] [] [2019-01-15 10:09:23,957]  INFO {org.wso2.carbon.mediation.dependency.mgt.DependencyTracker} -  API : _WSO2AMRevokeAPI_ was added to the Synapse configuration successfully {org.wso2.carbon.mediation.dependency.mgt.DependencyTracker}
TID: [-1234] [] [2019-01-15 10:09:23,959]  INFO {org.wso2.carbon.mediation.dependency.mgt.DependencyTracker} -  API : _WSO2AMAuthorizeAPI_ was added to the Synapse configuration successfully {org.wso2.carbon.mediation.dependency.mgt.DependencyTracker}
TID: [-1234] [] [2019-01-15 10:09:23,962]  INFO {org.wso2.carbon.mediation.dependency.mgt.DependencyTracker} -  API : WSO2.ORG/admin--testCalc was added to the Synapse configuration successfully {org.wso2.carbon.mediation.dependency.mgt.DependencyTracker}
TID: [-1234] [] [2019-01-15 10:09:23,965]  INFO {org.wso2.carbon.mediation.dependency.mgt.DependencyTracker} -  API : _WSO2AMTokenAPI_ was added to the Synapse configuration successfully {org.wso2.carbon.mediation.dependency.mgt.DependencyTracker}
TID: [-1234] [] [2019-01-15 10:09:23,966]  INFO {org.apache.synapse.config.SynapseConfigurationBuilder} -  Loaded Synapse configuration from the artifact repository at : ././repository/deployment/server/synapse-configs/default {org.apache.synapse.config.SynapseConfigurationBuilder}
TID: [-1234] [] [2019-01-15 10:09:23,971]  INFO {org.apache.synapse.Axis2SynapseController} -  Loading mediator extensions... {org.apache.synapse.Axis2SynapseController}
TID: [-1234] [] [2019-01-15 10:09:24,364]  INFO {org.wso2.carbon.core.deployment.DeploymentInterceptor} -  Deploying Axis2 service: echo {super-tenant} {org.wso2.carbon.core.deployment.DeploymentInterceptor}
TID: [-1234] [] [2019-01-15 10:09:24,364]  INFO {org.apache.axis2.deployment.DeploymentEngine} -  Deploying Web service: Echo.aar - file:/Library/WSO2/Publisher/repository/deployment/server/axis2services/Echo.aar {org.apache.axis2.deployment.DeploymentEngine}
TID: [-1234] [] [2019-01-15 10:09:24,374]  INFO {org.wso2.carbon.core.deployment.DeploymentInterceptor} -  Deploying Axis2 service: Version {super-tenant} {org.wso2.carbon.core.deployment.DeploymentInterceptor}
TID: [-1234] [] [2019-01-15 10:09:24,374]  INFO {org.apache.axis2.deployment.DeploymentEngine} -  Deploying Web service: Version.aar - file:/Library/WSO2/Publisher/repository/deployment/server/axis2services/Version.aar {org.apache.axis2.deployment.DeploymentEngine}
TID: [-1234] [] [2019-01-15 10:09:24,411]  INFO {org.wso2.carbon.event.stream.core.EventStreamDeployer} -  Stream definition is deployed successfully  : org.wso2.throttle.globalThrottle.stream:1.0.0 {org.wso2.carbon.event.stream.core.EventStreamDeployer}
TID: [-1234] [] [2019-01-15 10:09:24,414]  INFO {org.wso2.carbon.event.stream.core.EventStreamDeployer} -  Stream definition is deployed successfully  : org.wso2.throttle.processed.request.stream:1.0.0 {org.wso2.carbon.event.stream.core.EventStreamDeployer}
TID: [-1234] [] [2019-01-15 10:09:24,416]  INFO {org.wso2.carbon.event.stream.core.EventStreamDeployer} -  Stream definition is deployed successfully  : org.wso2.throttle.request.stream:1.0.0 {org.wso2.carbon.event.stream.core.EventStreamDeployer}
TID: [-1234] [] [2019-01-15 10:09:24,434]  INFO {org.wso2.carbon.event.stream.core.internal.EventJunction} -  WSO2EventConsumer added to the junction. Stream:org.wso2.throttle.globalThrottle.stream:1.0.0 {org.wso2.carbon.event.stream.core.internal.EventJunction}
TID: [-1234] [] [2019-01-15 10:09:24,435]  INFO {org.wso2.carbon.event.publisher.core.EventPublisherDeployer} -  Event Publisher configuration successfully deployed and in active state : jmsEventPublisher {org.wso2.carbon.event.publisher.core.EventPublisherDeployer}
TID: [-1234] [] [2019-01-15 10:09:24,444]  INFO {org.wso2.carbon.event.input.adapter.core.internal.InputAdapterRuntime} -  Connecting receiver throttleWSO2EventReceiver {org.wso2.carbon.event.input.adapter.core.internal.InputAdapterRuntime}
TID: [-1234] [] [2019-01-15 10:09:24,445]  INFO {org.wso2.carbon.event.stream.core.internal.EventJunction} -  Producer added to the junction. Stream:org.wso2.throttle.request.stream:1.0.0 {org.wso2.carbon.event.stream.core.internal.EventJunction}
TID: [-1234] [] [2019-01-15 10:09:24,446]  INFO {org.wso2.carbon.event.receiver.core.EventReceiverDeployer} -  Event Receiver configuration successfully deployed and in active state: throttleWSO2EventReceiver {org.wso2.carbon.event.receiver.core.EventReceiverDeployer}
TID: [-1234] [] [2019-01-15 10:09:24,620]  INFO {org.wso2.carbon.event.stream.core.internal.EventJunction} -  Producer added to the junction. Stream:org.wso2.throttle.processed.request.stream:1.0.0 {org.wso2.carbon.event.stream.core.internal.EventJunction}
TID: [-1234] [] [2019-01-15 10:09:24,621]  INFO {org.wso2.carbon.event.stream.core.internal.EventJunction} -  Consumer added to the junction. Stream:org.wso2.throttle.request.stream:1.0.0 {org.wso2.carbon.event.stream.core.internal.EventJunction}
TID: [-1234] [] [2019-01-15 10:09:24,621]  INFO {org.wso2.carbon.event.processor.core.EventProcessorDeployer} -  Execution plan is deployed successfully and in active state  : requestPreProcessorExecutionPlan {org.wso2.carbon.event.processor.core.EventProcessorDeployer}
TID: [-1234] [] [2019-01-15 10:09:24,758]  INFO {org.wso2.carbon.event.stream.core.internal.EventJunction} -  Producer added to the junction. Stream:org.wso2.throttle.globalThrottle.stream:1.0.0 {org.wso2.carbon.event.stream.core.internal.EventJunction}
TID: [-1234] [] [2019-01-15 10:09:24,759]  INFO {org.wso2.carbon.event.stream.core.internal.EventJunction} -  Consumer added to the junction. Stream:org.wso2.throttle.processed.request.stream:1.0.0 {org.wso2.carbon.event.stream.core.internal.EventJunction}
TID: [-1234] [] [2019-01-15 10:09:24,759]  INFO {org.wso2.carbon.event.processor.core.EventProcessorDeployer} -  Execution plan is deployed successfully and in active state  : carbon.super_app_10PerMin {org.wso2.carbon.event.processor.core.EventProcessorDeployer}
TID: [-1234] [] [2019-01-15 10:09:24,842]  INFO {org.wso2.carbon.event.stream.core.internal.EventJunction} -  Producer added to the junction. Stream:org.wso2.throttle.globalThrottle.stream:1.0.0 {org.wso2.carbon.event.stream.core.internal.EventJunction}
TID: [-1234] [] [2019-01-15 10:09:24,842]  INFO {org.wso2.carbon.event.stream.core.internal.EventJunction} -  Consumer added to the junction. Stream:org.wso2.throttle.processed.request.stream:1.0.0 {org.wso2.carbon.event.stream.core.internal.EventJunction}
TID: [-1234] [] [2019-01-15 10:09:24,844]  INFO {org.wso2.carbon.event.processor.core.EventProcessorDeployer} -  Execution plan is deployed successfully and in active state  : carbon.super_app_20PerMin {org.wso2.carbon.event.processor.core.EventProcessorDeployer}
TID: [-1234] [] [2019-01-15 10:09:24,907]  INFO {org.wso2.carbon.event.stream.core.internal.EventJunction} -  Producer added to the junction. Stream:org.wso2.throttle.globalThrottle.stream:1.0.0 {org.wso2.carbon.event.stream.core.internal.EventJunction}
TID: [-1234] [] [2019-01-15 10:09:24,909]  INFO {org.wso2.carbon.event.stream.core.internal.EventJunction} -  Consumer added to the junction. Stream:org.wso2.throttle.processed.request.stream:1.0.0 {org.wso2.carbon.event.stream.core.internal.EventJunction}
TID: [-1234] [] [2019-01-15 10:09:24,909]  INFO {org.wso2.carbon.event.processor.core.EventProcessorDeployer} -  Execution plan is deployed successfully and in active state  : carbon.super_app_50PerMin {org.wso2.carbon.event.processor.core.EventProcessorDeployer}
TID: [-1234] [] [2019-01-15 10:09:24,973]  INFO {org.wso2.carbon.event.stream.core.internal.EventJunction} -  Producer added to the junction. Stream:org.wso2.throttle.globalThrottle.stream:1.0.0 {org.wso2.carbon.event.stream.core.internal.EventJunction}
TID: [-1234] [] [2019-01-15 10:09:24,973]  INFO {org.wso2.carbon.event.stream.core.internal.EventJunction} -  Consumer added to the junction. Stream:org.wso2.throttle.processed.request.stream:1.0.0 {org.wso2.carbon.event.stream.core.internal.EventJunction}
TID: [-1234] [] [2019-01-15 10:09:24,974]  INFO {org.wso2.carbon.event.processor.core.EventProcessorDeployer} -  Execution plan is deployed successfully and in active state  : carbon.super_resource_10KPerMin_default {org.wso2.carbon.event.processor.core.EventProcessorDeployer}
TID: [-1234] [] [2019-01-15 10:09:25,037]  INFO {org.wso2.carbon.event.stream.core.internal.EventJunction} -  Producer added to the junction. Stream:org.wso2.throttle.globalThrottle.stream:1.0.0 {org.wso2.carbon.event.stream.core.internal.EventJunction}
TID: [-1234] [] [2019-01-15 10:09:25,037]  INFO {org.wso2.carbon.event.stream.core.internal.EventJunction} -  Consumer added to the junction. Stream:org.wso2.throttle.processed.request.stream:1.0.0 {org.wso2.carbon.event.stream.core.internal.EventJunction}
TID: [-1234] [] [2019-01-15 10:09:25,038]  INFO {org.wso2.carbon.event.processor.core.EventProcessorDeployer} -  Execution plan is deployed successfully and in active state  : carbon.super_resource_20KPerMin_default {org.wso2.carbon.event.processor.core.EventProcessorDeployer}
TID: [-1234] [] [2019-01-15 10:09:25,103]  INFO {org.wso2.carbon.event.stream.core.internal.EventJunction} -  Producer added to the junction. Stream:org.wso2.throttle.globalThrottle.stream:1.0.0 {org.wso2.carbon.event.stream.core.internal.EventJunction}
TID: [-1234] [] [2019-01-15 10:09:25,103]  INFO {org.wso2.carbon.event.stream.core.internal.EventJunction} -  Consumer added to the junction. Stream:org.wso2.throttle.processed.request.stream:1.0.0 {org.wso2.carbon.event.stream.core.internal.EventJunction}
TID: [-1234] [] [2019-01-15 10:09:25,104]  INFO {org.wso2.carbon.event.processor.core.EventProcessorDeployer} -  Execution plan is deployed successfully and in active state  : carbon.super_resource_50KPerMin_default {org.wso2.carbon.event.processor.core.EventProcessorDeployer}
TID: [-1234] [] [2019-01-15 10:09:25,159]  INFO {org.wso2.carbon.event.stream.core.internal.EventJunction} -  Producer added to the junction. Stream:org.wso2.throttle.globalThrottle.stream:1.0.0 {org.wso2.carbon.event.stream.core.internal.EventJunction}
TID: [-1234] [] [2019-01-15 10:09:25,160]  INFO {org.wso2.carbon.event.stream.core.internal.EventJunction} -  Consumer added to the junction. Stream:org.wso2.throttle.processed.request.stream:1.0.0 {org.wso2.carbon.event.stream.core.internal.EventJunction}
TID: [-1234] [] [2019-01-15 10:09:25,160]  INFO {org.wso2.carbon.event.processor.core.EventProcessorDeployer} -  Execution plan is deployed successfully and in active state  : carbon.super_sub_Bronze {org.wso2.carbon.event.processor.core.EventProcessorDeployer}
TID: [-1234] [] [2019-01-15 10:09:25,212]  INFO {org.wso2.carbon.event.stream.core.internal.EventJunction} -  Producer added to the junction. Stream:org.wso2.throttle.globalThrottle.stream:1.0.0 {org.wso2.carbon.event.stream.core.internal.EventJunction}
TID: [-1234] [] [2019-01-15 10:09:25,212]  INFO {org.wso2.carbon.event.stream.core.internal.EventJunction} -  Consumer added to the junction. Stream:org.wso2.throttle.processed.request.stream:1.0.0 {org.wso2.carbon.event.stream.core.internal.EventJunction}
TID: [-1234] [] [2019-01-15 10:09:25,213]  INFO {org.wso2.carbon.event.processor.core.EventProcessorDeployer} -  Execution plan is deployed successfully and in active state  : carbon.super_sub_Gold {org.wso2.carbon.event.processor.core.EventProcessorDeployer}
TID: [-1234] [] [2019-01-15 10:09:25,264]  INFO {org.wso2.carbon.event.stream.core.internal.EventJunction} -  Producer added to the junction. Stream:org.wso2.throttle.globalThrottle.stream:1.0.0 {org.wso2.carbon.event.stream.core.internal.EventJunction}
TID: [-1234] [] [2019-01-15 10:09:25,266]  INFO {org.wso2.carbon.event.stream.core.internal.EventJunction} -  Consumer added to the junction. Stream:org.wso2.throttle.processed.request.stream:1.0.0 {org.wso2.carbon.event.stream.core.internal.EventJunction}
TID: [-1234] [] [2019-01-15 10:09:25,268]  INFO {org.wso2.carbon.event.processor.core.EventProcessorDeployer} -  Execution plan is deployed successfully and in active state  : carbon.super_sub_Silver {org.wso2.carbon.event.processor.core.EventProcessorDeployer}
TID: [-1234] [] [2019-01-15 10:09:25,352]  INFO {org.wso2.carbon.event.stream.core.internal.EventJunction} -  Producer added to the junction. Stream:org.wso2.throttle.globalThrottle.stream:1.0.0 {org.wso2.carbon.event.stream.core.internal.EventJunction}
TID: [-1234] [] [2019-01-15 10:09:25,353]  INFO {org.wso2.carbon.event.stream.core.internal.EventJunction} -  Consumer added to the junction. Stream:org.wso2.throttle.processed.request.stream:1.0.0 {org.wso2.carbon.event.stream.core.internal.EventJunction}
TID: [-1234] [] [2019-01-15 10:09:25,353]  INFO {org.wso2.carbon.event.processor.core.EventProcessorDeployer} -  Execution plan is deployed successfully and in active state  : carbon.super_sub_Unauthenticated {org.wso2.carbon.event.processor.core.EventProcessorDeployer}
TID: [-1234] [] [2019-01-15 10:09:27,241]  INFO {org.wso2.carbon.webapp.mgt.TomcatGenericWebappsDeployer} -  Deployed webapp: StandardEngine[Catalina].StandardHost[localhost].StandardContext[/am/sample/calculator/v1].File[/Library/WSO2/Publisher/repository/deployment/server/webapps/am#sample#calculator#v1.war] {org.wso2.carbon.webapp.mgt.TomcatGenericWebappsDeployer}
TID: [-1234] [] [2019-01-15 10:09:28,689]  INFO {org.wso2.carbon.webapp.mgt.TomcatGenericWebappsDeployer} -  Deployed webapp: StandardEngine[Catalina].StandardHost[localhost].StandardContext[/am/sample/pizzashack/v1].File[/Library/WSO2/Publisher/repository/deployment/server/webapps/am#sample#pizzashack#v1.war] {org.wso2.carbon.webapp.mgt.TomcatGenericWebappsDeployer}
TID: [-1234] [] [2019-01-15 10:09:31,289]  INFO {org.apache.cxf.endpoint.ServerImpl} -  Setting the server's publish address to be / {org.apache.cxf.endpoint.ServerImpl}
TID: [-1234] [] [2019-01-15 10:09:31,396]  INFO {org.wso2.carbon.webapp.mgt.TomcatGenericWebappsDeployer} -  Deployed webapp: StandardEngine[Catalina].StandardHost[localhost].StandardContext[/api/am/admin/v0.10].File[/Library/WSO2/Publisher/repository/deployment/server/webapps/api#am#admin#v0.10.war] {org.wso2.carbon.webapp.mgt.TomcatGenericWebappsDeployer}
TID: [-1234] [] [2019-01-15 10:09:33,699]  INFO {org.apache.cxf.endpoint.ServerImpl} -  Setting the server's publish address to be / {org.apache.cxf.endpoint.ServerImpl}
TID: [-1234] [] [2019-01-15 10:09:33,805]  INFO {org.wso2.carbon.webapp.mgt.TomcatGenericWebappsDeployer} -  Deployed webapp: StandardEngine[Catalina].StandardHost[localhost].StandardContext[/api/am/publisher/v0.10].File[/Library/WSO2/Publisher/repository/deployment/server/webapps/api#am#publisher#v0.10.war] {org.wso2.carbon.webapp.mgt.TomcatGenericWebappsDeployer}
TID: [-1234] [] [2019-01-15 10:09:35,864]  INFO {org.apache.cxf.endpoint.ServerImpl} -  Setting the server's publish address to be / {org.apache.cxf.endpoint.ServerImpl}
TID: [-1234] [] [2019-01-15 10:09:35,940]  INFO {org.wso2.carbon.webapp.mgt.TomcatGenericWebappsDeployer} -  Deployed webapp: StandardEngine[Catalina].StandardHost[localhost].StandardContext[/api/am/store/v0.10].File[/Library/WSO2/Publisher/repository/deployment/server/webapps/api#am#store#v0.10.war] {org.wso2.carbon.webapp.mgt.TomcatGenericWebappsDeployer}
TID: [-1234] [] [2019-01-15 10:09:36,135]  INFO {org.wso2.carbon.identity.application.authentication.endpoint.util.TenantDataManager} -  EndpointConfig.properties file loaded from ./repository/conf/identity/EndpointConfig.properties {org.wso2.carbon.identity.application.authentication.endpoint.util.TenantDataManager}
TID: [-1234] [] [2019-01-15 10:09:36,698]  INFO {org.apache.jasper.compiler.TldLocationsCache} -  At least one JAR was scanned for TLDs yet contained no TLDs. Enable debug logging for this logger for a complete list of JARs that were scanned but no TLDs were found in them. Skipping unneeded JARs during scanning can improve startup time and JSP compilation time. {org.apache.jasper.compiler.TldLocationsCache}
TID: [-1234] [] [2019-01-15 10:09:37,460]  INFO {org.wso2.carbon.webapp.mgt.TomcatGenericWebappsDeployer} -  Deployed webapp: StandardEngine[Catalina].StandardHost[localhost].StandardContext[/authenticationendpoint].File[/Library/WSO2/Publisher/repository/deployment/server/webapps/authenticationendpoint.war] {org.wso2.carbon.webapp.mgt.TomcatGenericWebappsDeployer}
TID: [-1234] [] [2019-01-15 10:09:39,660]  INFO {org.apache.cxf.endpoint.ServerImpl} -  Setting the server's publish address to be /register {org.apache.cxf.endpoint.ServerImpl}
TID: [-1234] [] [2019-01-15 10:09:39,784]  INFO {org.wso2.carbon.webapp.mgt.TomcatGenericWebappsDeployer} -  Deployed webapp: StandardEngine[Catalina].StandardHost[localhost].StandardContext[/client-registration/v0.10].File[/Library/WSO2/Publisher/repository/deployment/server/webapps/client-registration#v0.10.war] {org.wso2.carbon.webapp.mgt.TomcatGenericWebappsDeployer}
TID: [-1234] [] [2019-01-15 10:09:41,740]  INFO {org.wso2.carbon.webapp.mgt.TomcatGenericWebappsDeployer} -  Deployed webapp: StandardEngine[Catalina].StandardHost[localhost].StandardContext[/oauth2].File[/Library/WSO2/Publisher/repository/deployment/server/webapps/oauth2.war] {org.wso2.carbon.webapp.mgt.TomcatGenericWebappsDeployer}
TID: [-1234] [] [2019-01-15 10:09:44,675]  INFO {org.apache.shindig.gadgets.features.FeatureRegistry} -  Resources from res:features/features.txt are loading. {org.apache.shindig.gadgets.features.FeatureRegistry}
TID: [-1234] [] [2019-01-15 10:09:44,684]  INFO {org.apache.shindig.common.xml.XmlUtil} -  The XML processor being used does not support secure parsing. {org.apache.shindig.common.xml.XmlUtil}
TID: [-1234] [] [2019-01-15 10:09:44,685]  INFO {org.apache.shindig.common.xml.XmlUtil} -  Document builders are being reused. {org.apache.shindig.common.xml.XmlUtil}
TID: [-1234] [] [2019-01-15 10:09:44,897]  INFO {org.apache.shindig.gadgets.features.FeatureRegistry} -  Resources from res:features-extras/features.txt are loading. {org.apache.shindig.gadgets.features.FeatureRegistry}
TID: [-1234] [] [2019-01-15 10:09:44,918]  INFO {org.apache.shindig.gadgets.features.FeatureRegistry} -  Resources from res:wso2features/features.txt are loading. {org.apache.shindig.gadgets.features.FeatureRegistry}
TID: [-1234] [] [2019-01-15 10:09:45,038]  INFO {org.apache.shindig.config.JsonContainerConfigLoader} -  Resources from containers/default/container.js are loading. {org.apache.shindig.config.JsonContainerConfigLoader}
TID: [-1234] [] [2019-01-15 10:09:45,038]  INFO {org.apache.shindig.config.JsonContainerConfigLoader} -  Container configuration containers/default/container.js is being read. {org.apache.shindig.config.JsonContainerConfigLoader}
TID: [-1234] [] [2019-01-15 10:09:45,771]  INFO {org.apache.shindig.gadgets.oauth2.logger.FilteredLogger} -  Using random key for OAuth2 client-side state encryption {org.apache.shindig.gadgets.oauth2.logger.FilteredLogger}
TID: [-1234] [] [2019-01-15 10:09:45,771]  INFO {org.apache.shindig.gadgets.oauth2.logger.FilteredLogger} -  OAuth2CrypterProvider constructor {org.apache.shindig.gadgets.oauth2.logger.FilteredLogger}
TID: [-1234] [] [2019-01-15 10:09:45,782]  INFO {org.apache.shindig.gadgets.oauth.OAuthModule} -  The OAuth signing key from res://wso2carbon.pem is loading. {org.apache.shindig.gadgets.oauth.OAuthModule}
TID: [-1234] [] [2019-01-15 10:09:45,786]  INFO {org.apache.shindig.gadgets.oauth.OAuthModule$OAuthCrypterProvider} -  Using random key for OAuth client-side state encryption {org.apache.shindig.gadgets.oauth.OAuthModule$OAuthCrypterProvider}
TID: [-1234] [] [2019-01-15 10:09:45,786]  INFO {org.apache.shindig.gadgets.oauth.OAuthModule} -  A random key for OAuth client-side state encryption is being used. {org.apache.shindig.gadgets.oauth.OAuthModule}
TID: [-1234] [] [2019-01-15 10:09:46,000]  INFO {org.wso2.carbon.webapp.mgt.TomcatGenericWebappsDeployer} -  Deployed webapp: StandardEngine[Catalina].StandardHost[localhost].StandardContext[/shindig].File[/Library/WSO2/Publisher/repository/deployment/server/webapps/shindig.war] {org.wso2.carbon.webapp.mgt.TomcatGenericWebappsDeployer}
TID: [-1234] [] [2019-01-15 10:09:47,889]  INFO {org.apache.cxf.endpoint.ServerImpl} -  Setting the server's publish address to be / {org.apache.cxf.endpoint.ServerImpl}
TID: [-1234] [] [2019-01-15 10:09:47,954]  INFO {org.wso2.carbon.webapp.mgt.TomcatGenericWebappsDeployer} -  Deployed webapp: StandardEngine[Catalina].StandardHost[localhost].StandardContext[/throttle/data/v1].File[/Library/WSO2/Publisher/repository/deployment/server/webapps/throttle#data#v1.war] {org.wso2.carbon.webapp.mgt.TomcatGenericWebappsDeployer}
TID: [-1234] [] [2019-01-15 10:09:49,307]  INFO {org.apache.synapse.Axis2SynapseController} -  Deploying the Synapse service... {org.apache.synapse.Axis2SynapseController}
TID: [-1234] [] [2019-01-15 10:09:49,308]  INFO {org.apache.synapse.Axis2SynapseController} -  Deploying Proxy services... {org.apache.synapse.Axis2SynapseController}
TID: [-1234] [] [2019-01-15 10:09:49,308]  INFO {org.apache.synapse.core.axis2.ProxyService} -  Building Axis service for Proxy service : WorkflowCallbackService {org.apache.synapse.core.axis2.ProxyService}
TID: [-1234] [] [2019-01-15 10:09:49,314]  INFO {org.apache.synapse.core.axis2.ProxyService} -  Adding service WorkflowCallbackService to the Axis2 configuration {org.apache.synapse.core.axis2.ProxyService}
TID: [-1234] [] [2019-01-15 10:09:49,316]  INFO {org.wso2.carbon.core.deployment.DeploymentInterceptor} -  Deploying Axis2 service: WorkflowCallbackService {super-tenant} {org.wso2.carbon.core.deployment.DeploymentInterceptor}
TID: [-1234] [] [2019-01-15 10:09:49,317]  INFO {org.apache.synapse.core.axis2.ProxyService} -  Successfully created the Axis2 service for Proxy service : WorkflowCallbackService {org.apache.synapse.core.axis2.ProxyService}
TID: [-1234] [] [2019-01-15 10:09:49,317]  INFO {org.apache.synapse.Axis2SynapseController} -  Deployed Proxy service : WorkflowCallbackService {org.apache.synapse.Axis2SynapseController}
TID: [-1234] [] [2019-01-15 10:09:49,317]  INFO {org.apache.synapse.Axis2SynapseController} -  Deploying EventSources... {org.apache.synapse.Axis2SynapseController}
TID: [-1234] [] [2019-01-15 10:09:49,328]  INFO {org.apache.synapse.rest.API} -  Initializing API: _WSO2AMRevokeAPI_ {org.apache.synapse.rest.API}
TID: [-1234] [] [2019-01-15 10:09:49,328]  INFO {org.apache.synapse.rest.API} -  Initializing API: _WSO2AMAuthorizeAPI_ {org.apache.synapse.rest.API}
TID: [-1234] [] [2019-01-15 10:09:49,328]  INFO {org.apache.synapse.rest.API} -  Initializing API: _WSO2AMUserInfoAPI_ {org.apache.synapse.rest.API}
TID: [-1234] [] [2019-01-15 10:09:49,328]  INFO {org.apache.synapse.rest.API} -  Initializing API: _WSO2AMTokenAPI_ {org.apache.synapse.rest.API}
TID: [-1234] [] [2019-01-15 10:09:49,329]  INFO {org.apache.synapse.rest.API} -  Initializing API: WSO2.ORG/admin--testCalc {org.apache.synapse.rest.API}
TID: [-1234] [] [2019-01-15 10:09:49,329]  INFO {org.apache.synapse.rest.API} -  Initializing API: WSO2.ORG/admin--PizzaShackAPI:v1.0.0 {org.apache.synapse.rest.API}
TID: [-1234] [] [2019-01-15 10:09:49,333]  INFO {org.apache.synapse.rest.API} -  Initializing API: WSO2.ORG/admin--testCalc:v1.0.0 {org.apache.synapse.rest.API}
TID: [-1234] [] [2019-01-15 10:09:49,333]  INFO {org.apache.synapse.ServerManager} -  Server ready for processing... {org.apache.synapse.ServerManager}
TID: [-1234] [] [2019-01-15 10:09:49,690]  INFO {org.wso2.andes.configuration.AndesConfigurationManager} -  Main andes configuration located at : /Library/WSO2/Publisher/repository/conf/broker.xml {org.wso2.andes.configuration.AndesConfigurationManager}
TID: [-1234] [] [2019-01-15 10:09:49,712]  INFO {org.wso2.carbon.andes.internal.QpidServiceComponent} -  Activating Andes Message Broker Engine... {org.wso2.carbon.andes.internal.QpidServiceComponent}
TID: [-1234] [] [2019-01-15 10:09:49,730]  INFO {org.wso2.andes.server.Broker} -  Starting Qpid using configuration : /Library/WSO2/Publisher/repository/conf/advanced/qpid-config.xml {org.wso2.andes.server.Broker}
TID: [-1234] [] [2019-01-15 10:09:49,793]  INFO {org.wso2.andes.server.registry.ApplicationRegistry} -  Initialising Application Registry(org.wso2.andes.server.registry.ConfigurationFileApplicationRegistry@1d012bc6) {org.wso2.andes.server.registry.ApplicationRegistry}
TID: [-1234] [] [2019-01-15 10:09:49,824]  INFO {org.wso2.andes.server.plugins.PluginManager} -  Opened service trackers {org.wso2.andes.server.plugins.PluginManager}
TID: [-1234] [] [2019-01-15 10:09:49,924]  INFO {org.wso2.andes.server.management.JMXManagedObjectRegistry} -  Initialising managed object registry using jplatform MBean server {org.wso2.andes.server.management.JMXManagedObjectRegistry}
TID: [-1234] [] [2019-01-15 10:09:49,929]  INFO {org.wso2.andes.server.security.auth.manager.PrincipalDatabaseAuthenticationManager} -  PrincipalDatabase concrete implementation : org.wso2.carbon.andes.authentication.andes.CarbonBasedPrincipalDatabase {org.wso2.andes.server.security.auth.manager.PrincipalDatabaseAuthenticationManager}
TID: [-1234] [] [2019-01-15 10:09:49,932]  INFO {org.wso2.andes.server.security.auth.manager.PrincipalDatabaseAuthenticationManager} -  Initialised PLAIN SASL provider successfully {org.wso2.andes.server.security.auth.manager.PrincipalDatabaseAuthenticationManager}
TID: [-1234] [] [2019-01-15 10:09:49,932]  INFO {org.wso2.andes.server.security.auth.manager.PrincipalDatabaseAuthenticationManager} -  Additional SASL providers successfully registered. {org.wso2.andes.server.security.auth.manager.PrincipalDatabaseAuthenticationManager}
TID: [-1234] [] [2019-01-15 10:09:49,932]  INFO {org.wso2.andes.server.security.auth.manager.PrincipalDatabaseAuthenticationManager} -  Registering UserManagementMBean {org.wso2.andes.server.security.auth.manager.PrincipalDatabaseAuthenticationManager}
TID: [-1234] [] [2019-01-15 10:09:49,984]  INFO {org.wso2.andes.store.rdbms.RDBMSConnection} -  JDBC connection established with jndi config WSO2MBStoreDB {org.wso2.andes.store.rdbms.RDBMSConnection}
TID: [-1234] [] [2019-01-15 10:09:49,995]  INFO {org.wso2.andes.store.rdbms.RDBMSAndesContextStoreImpl} -  Andes Context Store initialised {org.wso2.andes.store.rdbms.RDBMSAndesContextStoreImpl}
TID: [-1234] [] [2019-01-15 10:09:49,995]  INFO {org.wso2.andes.kernel.AndesKernelBoot} -  AndesContextStore initialised with org.wso2.andes.store.rdbms.RDBMSAndesContextStoreImpl {org.wso2.andes.kernel.AndesKernelBoot}
TID: [-1234] [] [2019-01-15 10:09:50,077]  INFO {org.wso2.andes.store.rdbms.RDBMSConnection} -  JDBC connection established with jndi config WSO2MBStoreDB {org.wso2.andes.store.rdbms.RDBMSConnection}
TID: [-1234] [] [2019-01-15 10:09:50,082]  INFO {org.wso2.andes.store.rdbms.RDBMSMessageStoreImpl} -  Message Store initialised {org.wso2.andes.store.rdbms.RDBMSMessageStoreImpl}
TID: [-1234] [] [2019-01-15 10:09:50,082]  INFO {org.wso2.andes.kernel.AndesKernelBoot} -  Andes MessageStore initialised with org.wso2.andes.store.rdbms.RDBMSMessageStoreImpl {org.wso2.andes.kernel.AndesKernelBoot}
TID: [-1234] [] [2019-01-15 10:09:50,093]  WARN {org.wso2.andes.configuration.AndesConfigurationManager} -  Error when trying to read property : transaction/maxWaitTimeout. Switching to default value : 30 {org.wso2.andes.configuration.AndesConfigurationManager}
TID: [-1234] [] [2019-01-15 10:09:50,143]  INFO {org.wso2.andes.kernel.Andes} -  Andes API initialised. {org.wso2.andes.kernel.Andes}
TID: [-1234] [] [2019-01-15 10:09:50,194]  INFO {org.wso2.andes.kernel.AndesChannel} -  Channel created (ID: Internel_channel) {org.wso2.andes.kernel.AndesChannel}
TID: [-1234] [] [2019-01-15 10:09:50,233]  INFO {org.wso2.andes.server.cluster.ClusterManager} -  Clearing the Persisted State of Node with ID NODEmarcoss-mbp.gfi.es/194.140.9.125 {org.wso2.andes.server.cluster.ClusterManager}
TID: [-1234] [] [2019-01-15 10:09:50,237]  INFO {org.wso2.andes.server.cluster.ClusterManager} -  Initializing Standalone Mode. Current Node ID:NODEmarcoss-mbp.gfi.es/194.140.9.125 194.140.9.125 {org.wso2.andes.server.cluster.ClusterManager}
TID: [-1234] [] [2019-01-15 10:09:50,245]  INFO {org.wso2.andes.kernel.AndesSubscriptionManager} -  Deactivated all active durable subscriptions {org.wso2.andes.kernel.AndesSubscriptionManager}
TID: [-1234] [] [2019-01-15 10:09:50,246]  INFO {org.wso2.andes.kernel.AndesKernelBoot} -  Syncing exchanges, queues, bindings and subscriptions {org.wso2.andes.kernel.AndesKernelBoot}
TID: [-1234] [] [2019-01-15 10:09:50,248]  WARN {org.wso2.andes.kernel.AndesRecoveryTask} -  Recovering node. Adding queue [DeadLetterChannel] OW=WSO2.ORG/admin/X=false/Dtrue/LPT0 {org.wso2.andes.kernel.AndesRecoveryTask}
TID: [-1234] [] [2019-01-15 10:09:50,290]  INFO {org.wso2.andes.server.virtualhost.VirtualHostConfigSynchronizer} -  Queue sync - Added Queue: DeadLetterChannel, Owner: WSO2.ORG/admin, IsExclusive: false, Arguments: null {org.wso2.andes.server.virtualhost.VirtualHostConfigSynchronizer}
TID: [-1234] [] [2019-01-15 10:09:50,407]  INFO {org.wso2.andes.kernel.Andes} -  Starting Safe Zone Calculator for slots. {org.wso2.andes.kernel.Andes}
TID: [-1234] [] [2019-01-15 10:09:50,459]  INFO {qpid.message.broker.listening} -  [Broker] BRK-1002 : Starting : Listening on TCP port 5674 {qpid.message.broker.listening}
TID: [-1234] [] [2019-01-15 10:09:50,468]  INFO {qpid.message.broker.listening} -  [Broker] BRK-1002 : Starting : Listening on TCP/SSL port 8674 {qpid.message.broker.listening}
TID: [-1] [] [2019-01-15 10:09:50,475]  INFO {org.wso2.andes.kernel.MessagingEngine} -  Starting SlotDelivery Workers. {org.wso2.andes.kernel.MessagingEngine}
TID: [-1] [] [2019-01-15 10:09:50,476]  INFO {org.wso2.andes.kernel.MessagingEngine} -  Start Disruptor writing messages to store. {org.wso2.andes.kernel.MessagingEngine}
TID: [-1234] [] [2019-01-15 10:09:50,480]  INFO {org.wso2.carbon.andes.internal.QpidServiceComponent} -  AMQP Host Address : 0.0.0.0 Port : 5674 {org.wso2.carbon.andes.internal.QpidServiceComponent}
TID: [-1234] [] [2019-01-15 10:09:50,480]  INFO {org.wso2.carbon.andes.internal.QpidServiceComponent} -  Successfully connected to AMQP server on port 5674 {org.wso2.carbon.andes.internal.QpidServiceComponent}
TID: [-1234] [] [2019-01-15 10:09:50,481]  WARN {org.wso2.carbon.andes.internal.QpidServiceComponent} -  MQTT Transport is disabled as per configuration. {org.wso2.carbon.andes.internal.QpidServiceComponent}
TID: [-1234] [] [2019-01-15 10:09:50,481]  INFO {org.wso2.carbon.andes.internal.QpidServiceComponent} -  WSO2 Message Broker is started. {org.wso2.carbon.andes.internal.QpidServiceComponent}
TID: [-1234] [] [2019-01-15 10:09:50,798]  INFO {org.apache.synapse.transport.passthru.PassThroughHttpListener} -  Starting Pass-through HTTP Listener... {org.apache.synapse.transport.passthru.PassThroughHttpListener}
TID: [-1234] [] [2019-01-15 10:09:50,803]  INFO {org.apache.synapse.transport.passthru.core.PassThroughListeningIOReactorManager} -  Pass-through HTTP Listener started on 0.0.0.0:8282 {org.apache.synapse.transport.passthru.core.PassThroughListeningIOReactorManager}
TID: [-1234] [] [2019-01-15 10:09:50,803]  INFO {org.apache.synapse.transport.passthru.PassThroughHttpSSLListener} -  Starting Pass-through HTTPS Listener... {org.apache.synapse.transport.passthru.PassThroughHttpSSLListener}
TID: [-1234] [] [2019-01-15 10:09:50,807]  INFO {org.apache.synapse.transport.passthru.core.PassThroughListeningIOReactorManager} -  Pass-through HTTPS Listener started on 0.0.0.0:8245 {org.apache.synapse.transport.passthru.core.PassThroughListeningIOReactorManager}
TID: [-1234] [] [2019-01-15 10:09:50,810]  INFO {org.wso2.carbon.core.clustering.hazelcast.HazelcastClusteringAgent} -  Cluster domain: wso2.pub.store.domain {org.wso2.carbon.core.clustering.hazelcast.HazelcastClusteringAgent}
TID: [-1234] [] [2019-01-15 10:09:50,811]  INFO {org.wso2.carbon.core.clustering.hazelcast.HazelcastClusteringAgent} -  Loading hazelcast configuration from axis2 clustering configuration {org.wso2.carbon.core.clustering.hazelcast.HazelcastClusteringAgent}
TID: [-1234] [] [2019-01-15 10:09:50,828]  WARN {org.wso2.carbon.core.clustering.hazelcast.HazelcastClusteringAgent} -  localMemberHost is configured to use the loopback address. Hazelcast Clustering needs ip addresses for localMemberHost and well-known members. {org.wso2.carbon.core.clustering.hazelcast.HazelcastClusteringAgent}
TID: [-1234] [] [2019-01-15 10:09:50,828]  INFO {org.wso2.carbon.core.clustering.hazelcast.HazelcastClusteringAgent} -  Using wka based membership management scheme {org.wso2.carbon.core.clustering.hazelcast.HazelcastClusteringAgent}
TID: [-1234] [] [2019-01-15 10:09:50,830]  INFO {org.wso2.carbon.core.clustering.hazelcast.util.MemberUtils} -  Added member: Host:localhost, Remote Host:null, Port: 4200, HTTP:-1, HTTPS:-1, Domain: null, Sub-domain:null, Active:true {org.wso2.carbon.core.clustering.hazelcast.util.MemberUtils}
TID: [-1234] [] [2019-01-15 10:09:52,320]  INFO {org.wso2.carbon.core.clustering.hazelcast.HazelcastClusteringAgent} -  Hazelcast initialized in 1486ms {org.wso2.carbon.core.clustering.hazelcast.HazelcastClusteringAgent}
TID: [-1234] [] [2019-01-15 10:09:52,395]  INFO {org.wso2.carbon.core.clustering.hazelcast.HazelcastClusteringAgent} -  Local member: [e2bc1bd6-ae06-4d9e-8c92-18f9238da8dd] - Host:127.0.0.1, Remote Host:null, Port: 0, HTTP:8282, HTTPS:8245, Domain: wso2.pub.store.domain, Sub-domain:worker, Active:true {org.wso2.carbon.core.clustering.hazelcast.HazelcastClusteringAgent}
TID: [-1234] [] [2019-01-15 10:09:52,409]  INFO {org.wso2.carbon.core.clustering.hazelcast.HazelcastClusteringAgent} -  Elected this member [e2bc1bd6-ae06-4d9e-8c92-18f9238da8dd] as the Coordinator node {org.wso2.carbon.core.clustering.hazelcast.HazelcastClusteringAgent}
TID: [-1] [] [2019-01-15 10:09:52,412]  INFO {org.wso2.carbon.core.clustering.hazelcast.util.MemberUtils} -  Added member: Host:127.0.0.1, Remote Host:null, Port: 0, HTTP:8282, HTTPS:8245, Domain: wso2.pub.store.domain, Sub-domain:worker, Active:true {org.wso2.carbon.core.clustering.hazelcast.util.MemberUtils}
TID: [-1234] [] [2019-01-15 10:09:52,512]  INFO {org.wso2.andes.server.cluster.coordination.hazelcast.HazelcastAgent} -  Initializing Hazelcast Agent {org.wso2.andes.server.cluster.coordination.hazelcast.HazelcastAgent}
TID: [-1234] [] [2019-01-15 10:09:52,530]  INFO {org.wso2.andes.server.cluster.coordination.hazelcast.HazelcastAgent} -  Successfully initialized Hazelcast Agent {org.wso2.andes.server.cluster.coordination.hazelcast.HazelcastAgent}
TID: [-1234] [] [2019-01-15 10:09:52,531]  WARN {org.wso2.carbon.event.processor.manager.core.internal.CarbonEventManagementService} -  CEP started with clustering enabled, but SingleNode configuration given. {org.wso2.carbon.event.processor.manager.core.internal.CarbonEventManagementService}
TID: [-1234] [] [2019-01-15 10:09:52,534]  INFO {org.wso2.carbon.core.clustering.hazelcast.HazelcastClusteringAgent} -  Cluster initialization completed {org.wso2.carbon.core.clustering.hazelcast.HazelcastClusteringAgent}
TID: [-1234] [] [2019-01-15 10:09:52,874]  INFO {org.wso2.carbon.databridge.receiver.thrift.ThriftDataReceiver} -  Thrift Server started at 0.0.0.0 {org.wso2.carbon.databridge.receiver.thrift.ThriftDataReceiver}
TID: [-1234] [] [2019-01-15 10:09:52,888]  INFO {org.wso2.carbon.databridge.receiver.thrift.ThriftDataReceiver} -  Thrift SSL port : 7713 {org.wso2.carbon.databridge.receiver.thrift.ThriftDataReceiver}
TID: [-1234] [] [2019-01-15 10:09:52,892]  INFO {org.wso2.carbon.databridge.receiver.thrift.ThriftDataReceiver} -  Thrift port : 7613 {org.wso2.carbon.databridge.receiver.thrift.ThriftDataReceiver}
TID: [-1234] [] [2019-01-15 10:09:52,896]  INFO {org.apache.tomcat.util.net.NioSelectorPool} -  Using a shared selector for servlet write/read {org.apache.tomcat.util.net.NioSelectorPool}
TID: [-1234] [] [2019-01-15 10:09:52,914]  INFO {org.apache.tomcat.util.net.NioSelectorPool} -  Using a shared selector for servlet write/read {org.apache.tomcat.util.net.NioSelectorPool}
TID: [-1234] [] [2019-01-15 10:09:52,973]  INFO {org.wso2.carbon.ntask.core.service.impl.TaskServiceImpl} -  Task service starting in CLUSTERED mode... {org.wso2.carbon.ntask.core.service.impl.TaskServiceImpl}
TID: [-1234] [] [2019-01-15 10:09:53,075]  INFO {org.wso2.carbon.registry.eventing.internal.RegistryEventingServiceComponent} -  Successfully Initialized Eventing on Registry {org.wso2.carbon.registry.eventing.internal.RegistryEventingServiceComponent}
TID: [-1234] [] [2019-01-15 10:09:53,181]  INFO {org.wso2.carbon.core.init.JMXServerManager} -  JMX Service URL  : service:jmx:rmi://localhost:11113/jndi/rmi://localhost:10001/jmxrmi {org.wso2.carbon.core.init.JMXServerManager}
TID: [-1234] [] [2019-01-15 10:09:53,184]  INFO {org.wso2.carbon.core.internal.StartupFinalizerServiceComponent} -  Server           :  WSO2 API Manager-2.0.0 {org.wso2.carbon.core.internal.StartupFinalizerServiceComponent}
TID: [-1234] [] [2019-01-15 10:09:53,185]  INFO {org.wso2.carbon.core.internal.StartupFinalizerServiceComponent} -  WSO2 Carbon started in 55 sec {org.wso2.carbon.core.internal.StartupFinalizerServiceComponent}
TID: [-1234] [] [2019-01-15 10:09:53,435]  INFO {org.wso2.carbon.ui.internal.CarbonUIServiceComponent} -  Mgt Console URL  : https://194.140.9.125:9445/carbon/ {org.wso2.carbon.ui.internal.CarbonUIServiceComponent}
TID: [-1234] [] [2019-01-15 10:09:53,435]  INFO {org.wso2.carbon.ui.internal.CarbonUIServiceComponent} -  API Publisher Default Context : https://194.140.9.125:9445/publisher {org.wso2.carbon.ui.internal.CarbonUIServiceComponent}
TID: [-1234] [] [2019-01-15 10:09:53,435]  INFO {org.wso2.carbon.ui.internal.CarbonUIServiceComponent} -  API Store Default Context : https://194.140.9.125:9445/store {org.wso2.carbon.ui.internal.CarbonUIServiceComponent}
TID: [-1] [] [2019-01-15 10:10:02,692]  INFO {org.wso2.carbon.event.processor.manager.core.internal.CarbonEventManagementService} -  Starting polling event receivers {org.wso2.carbon.event.processor.manager.core.internal.CarbonEventManagementService}
TID: [-1234] [] [2019-01-15 10:11:48,361]  INFO {org.wso2.carbon.core.internal.permission.update.PermissionUpdater} -  Permission cache updated for tenant -1234 {org.wso2.carbon.core.internal.permission.update.PermissionUpdater}
TID: [-1] [] [2019-01-15 10:24:50,249]  INFO {org.wso2.andes.kernel.AndesRecoveryTask} -  Running DB sync task. {org.wso2.andes.kernel.AndesRecoveryTask}
TID: [-1] [] [2019-01-15 10:45:28,273]  INFO {org.wso2.andes.kernel.AndesRecoveryTask} -  Running DB sync task. {org.wso2.andes.kernel.AndesRecoveryTask}
TID: [-1] [] [2019-01-15 11:00:28,275]  INFO {org.wso2.andes.kernel.AndesRecoveryTask} -  Running DB sync task. {org.wso2.andes.kernel.AndesRecoveryTask}
TID: [-1234] [] [2019-01-15 11:02:10,436]  INFO {org.wso2.carbon.core.internal.permission.update.PermissionUpdater} -  Permission cache updated for tenant -1234 {org.wso2.carbon.core.internal.permission.update.PermissionUpdater}
TID: [-1] [] [2019-01-15 11:15:28,277]  INFO {org.wso2.andes.kernel.AndesRecoveryTask} -  Running DB sync task. {org.wso2.andes.kernel.AndesRecoveryTask}
TID: [-1] [] [2019-01-15 11:30:28,290]  INFO {org.wso2.andes.kernel.AndesRecoveryTask} -  Running DB sync task. {org.wso2.andes.kernel.AndesRecoveryTask}
TID: [-1234] [] [2019-01-15 11:40:41,021]  INFO {org.wso2.carbon.core.internal.permission.update.PermissionUpdater} -  Permission cache updated for tenant -1234 {org.wso2.carbon.core.internal.permission.update.PermissionUpdater}
TID: [-1234] [] [2019-01-15 11:40:41,050] ERROR {org.wso2.carbon.apimgt.hostobjects.APIProviderHostObject} -  Login failed. Please recheck the username and password and try again.. {org.wso2.carbon.apimgt.hostobjects.APIProviderHostObject}
TID: [-1234] [] [2019-01-15 11:40:45,632]  INFO {org.wso2.carbon.core.internal.permission.update.PermissionUpdater} -  Permission cache updated for tenant -1234 {org.wso2.carbon.core.internal.permission.update.PermissionUpdater}
TID: [-1] [] [2019-01-15 11:45:28,287]  INFO {org.wso2.andes.kernel.AndesRecoveryTask} -  Running DB sync task. {org.wso2.andes.kernel.AndesRecoveryTask}
