2019-01-12 23:06:02,382 [-] [localhost-startStop-1]  INFO WorkflowCallbackService Building Axis service for Proxy service : WorkflowCallbackService
2019-01-12 23:06:02,389 [-] [localhost-startStop-1]  INFO WorkflowCallbackService Adding service WorkflowCallbackService to the Axis2 configuration
2019-01-12 23:06:02,392 [-] [localhost-startStop-1]  INFO WorkflowCallbackService Successfully created the Axis2 service for Proxy service : WorkflowCallbackService
2019-01-12 23:17:13,156 [-] [localhost-startStop-1]  INFO WorkflowCallbackService Building Axis service for Proxy service : WorkflowCallbackService
2019-01-12 23:17:13,162 [-] [localhost-startStop-1]  INFO WorkflowCallbackService Adding service WorkflowCallbackService to the Axis2 configuration
2019-01-12 23:17:13,165 [-] [localhost-startStop-1]  INFO WorkflowCallbackService Successfully created the Axis2 service for Proxy service : WorkflowCallbackService
2019-01-12 23:20:10,076 [-] [localhost-startStop-1]  INFO WorkflowCallbackService Building Axis service for Proxy service : WorkflowCallbackService
2019-01-12 23:20:10,082 [-] [localhost-startStop-1]  INFO WorkflowCallbackService Adding service WorkflowCallbackService to the Axis2 configuration
2019-01-12 23:20:10,084 [-] [localhost-startStop-1]  INFO WorkflowCallbackService Successfully created the Axis2 service for Proxy service : WorkflowCallbackService
2019-01-13 18:24:24,028 [-] [localhost-startStop-1]  INFO WorkflowCallbackService Building Axis service for Proxy service : WorkflowCallbackService
2019-01-13 18:24:24,034 [-] [localhost-startStop-1]  INFO WorkflowCallbackService Adding service WorkflowCallbackService to the Axis2 configuration
2019-01-13 18:24:24,036 [-] [localhost-startStop-1]  INFO WorkflowCallbackService Successfully created the Axis2 service for Proxy service : WorkflowCallbackService
2019-01-13 20:01:41,550 [-] [localhost-startStop-1]  INFO WorkflowCallbackService Building Axis service for Proxy service : WorkflowCallbackService
2019-01-13 20:01:41,555 [-] [localhost-startStop-1]  INFO WorkflowCallbackService Adding service WorkflowCallbackService to the Axis2 configuration
2019-01-13 20:01:41,557 [-] [localhost-startStop-1]  INFO WorkflowCallbackService Successfully created the Axis2 service for Proxy service : WorkflowCallbackService
2019-01-13 20:07:18,688 [-] [PassThroughMessageProcessor-1]  INFO __SynapseService STATUS = Message dispatched to the main sequence. Invalid URL., RESOURCE = /calc/1.0.0/add?intA=4&intB=10
2019-01-13 20:07:18,735 [-] [PassThroughMessageProcessor-1] ERROR __SynapseService Error while building message
org.apache.axis2.AxisFault: Error while building Passthrough stream
	at org.apache.synapse.transport.passthru.util.RelayUtils.handleException(RelayUtils.java:287)
	at org.apache.synapse.transport.passthru.util.RelayUtils.builldMessage(RelayUtils.java:146)
	at org.apache.synapse.transport.passthru.util.RelayUtils.buildMessage(RelayUtils.java:100)
	at org.apache.synapse.mediators.AbstractListMediator.buildMessage(AbstractListMediator.java:127)
	at org.apache.synapse.mediators.AbstractListMediator.mediate(AbstractListMediator.java:81)
	at org.apache.synapse.mediators.AbstractListMediator.mediate(AbstractListMediator.java:57)
	at org.apache.synapse.config.xml.AnonymousListMediator.mediate(AnonymousListMediator.java:37)
	at org.apache.synapse.mediators.filters.FilterMediator.mediate(FilterMediator.java:203)
	at org.apache.synapse.mediators.AbstractListMediator.mediate(AbstractListMediator.java:95)
	at org.apache.synapse.mediators.AbstractListMediator.mediate(AbstractListMediator.java:57)
	at org.apache.synapse.mediators.filters.InMediator.mediate(InMediator.java:74)
	at org.apache.synapse.mediators.AbstractListMediator.mediate(AbstractListMediator.java:95)
	at org.apache.synapse.mediators.AbstractListMediator.mediate(AbstractListMediator.java:57)
	at org.apache.synapse.mediators.base.SequenceMediator.mediate(SequenceMediator.java:158)
	at org.apache.synapse.core.axis2.Axis2SynapseEnvironment.injectMessage(Axis2SynapseEnvironment.java:310)
	at org.apache.synapse.core.axis2.SynapseMessageReceiver.receive(SynapseMessageReceiver.java:75)
	at org.apache.axis2.engine.AxisEngine.receive(AxisEngine.java:180)
	at org.apache.synapse.transport.passthru.ServerWorker.processNonEntityEnclosingRESTHandler(ServerWorker.java:319)
	at org.apache.synapse.transport.passthru.ServerWorker.processEntityEnclosingRequest(ServerWorker.java:365)
	at org.apache.synapse.transport.passthru.ServerWorker.run(ServerWorker.java:145)
	at org.apache.axis2.transport.base.threads.NativeWorkerPool$1.run(NativeWorkerPool.java:172)
	at java.util.concurrent.ThreadPoolExecutor.runWorker(ThreadPoolExecutor.java:1149)
	at java.util.concurrent.ThreadPoolExecutor$Worker.run(ThreadPoolExecutor.java:624)
	at java.lang.Thread.run(Thread.java:748)
Caused by: org.apache.axis2.AxisFault: Could not convert JSON Stream to XML. Cannot handle JSON input.
	at org.apache.synapse.commons.json.JsonUtil.toXml(JsonUtil.java:285)
	at org.apache.synapse.commons.json.JsonBuilder.processDocument(JsonBuilder.java:35)
	at org.apache.synapse.transport.passthru.util.DeferredMessageBuilder.getDocument(DeferredMessageBuilder.java:148)
	at org.apache.synapse.transport.passthru.util.RelayUtils.builldMessage(RelayUtils.java:137)
	... 22 more
Caused by: javax.xml.stream.XMLStreamException
	at org.apache.synapse.commons.staxon.core.base.AbstractXMLStreamReader.initialize(AbstractXMLStreamReader.java:245)
	at org.apache.synapse.commons.staxon.core.json.JsonXMLStreamReader.<init>(JsonXMLStreamReader.java:66)
	at org.apache.synapse.commons.staxon.core.json.JsonXMLInputFactory.createXMLStreamReader(JsonXMLInputFactory.java:165)
	at org.apache.synapse.commons.json.JsonUtil.getReader(JsonUtil.java:320)
	at org.apache.synapse.commons.json.JsonUtil.getReader(JsonUtil.java:302)
	at org.apache.synapse.commons.json.JsonUtil.toXml(JsonUtil.java:281)
	... 25 more
2019-01-13 20:07:18,739 [-] [PassThroughMessageProcessor-1]  WARN __SynapseService Executing fault handler due to exception encountered
2019-01-13 20:07:18,739 [-] [PassThroughMessageProcessor-1]  WARN __SynapseService ERROR_CODE : 0 ERROR_MESSAGE : Error while building message
2019-01-13 20:07:18,740 [-] [PassThroughMessageProcessor-1]  WARN __SynapseService Executing fault sequence mediator : fault
2019-01-13 20:07:18,740 [-] [PassThroughMessageProcessor-1]  INFO __SynapseService STATUS = Executing default 'fault' sequence, ERROR_CODE = 0, ERROR_MESSAGE = Error while building message
2019-01-13 20:07:32,775 [-] [PassThroughMessageProcessor-2]  INFO __SynapseService STATUS = Message dispatched to the main sequence. Invalid URL., RESOURCE = /calc/1.0.0/add?intA=4&intB=10
2019-01-14 11:55:29,387 [-] [localhost-startStop-1]  INFO WorkflowCallbackService Building Axis service for Proxy service : WorkflowCallbackService
2019-01-14 11:55:29,394 [-] [localhost-startStop-1]  INFO WorkflowCallbackService Adding service WorkflowCallbackService to the Axis2 configuration
2019-01-14 11:55:29,397 [-] [localhost-startStop-1]  INFO WorkflowCallbackService Successfully created the Axis2 service for Proxy service : WorkflowCallbackService
2019-01-14 12:00:32,367 [-] [localhost-startStop-1]  INFO WorkflowCallbackService Building Axis service for Proxy service : WorkflowCallbackService
2019-01-14 12:00:32,373 [-] [localhost-startStop-1]  INFO WorkflowCallbackService Adding service WorkflowCallbackService to the Axis2 configuration
2019-01-14 12:00:32,374 [-] [localhost-startStop-1]  INFO WorkflowCallbackService Successfully created the Axis2 service for Proxy service : WorkflowCallbackService
2019-01-14 13:21:07,752 [-] [localhost-startStop-1]  INFO WorkflowCallbackService Building Axis service for Proxy service : WorkflowCallbackService
2019-01-14 13:21:07,762 [-] [localhost-startStop-1]  INFO WorkflowCallbackService Adding service WorkflowCallbackService to the Axis2 configuration
2019-01-14 13:21:07,766 [-] [localhost-startStop-1]  INFO WorkflowCallbackService Successfully created the Axis2 service for Proxy service : WorkflowCallbackService
2019-01-14 16:44:36,921 [-] [PassThroughMessageProcessor-3]  INFO __SynapseService STATUS = Message dispatched to the main sequence. Invalid URL., RESOURCE = /calc/1.0.0/add?intA=4&intB=10
2019-01-14 16:44:36,935 [-] [PassThroughMessageProcessor-3] ERROR __SynapseService Error while building message
org.apache.axis2.AxisFault: Error while building Passthrough stream
	at org.apache.synapse.transport.passthru.util.RelayUtils.handleException(RelayUtils.java:287)
	at org.apache.synapse.transport.passthru.util.RelayUtils.builldMessage(RelayUtils.java:146)
	at org.apache.synapse.transport.passthru.util.RelayUtils.buildMessage(RelayUtils.java:100)
	at org.apache.synapse.mediators.AbstractListMediator.buildMessage(AbstractListMediator.java:127)
	at org.apache.synapse.mediators.AbstractListMediator.mediate(AbstractListMediator.java:81)
	at org.apache.synapse.mediators.AbstractListMediator.mediate(AbstractListMediator.java:57)
	at org.apache.synapse.config.xml.AnonymousListMediator.mediate(AnonymousListMediator.java:37)
	at org.apache.synapse.mediators.filters.FilterMediator.mediate(FilterMediator.java:203)
	at org.apache.synapse.mediators.AbstractListMediator.mediate(AbstractListMediator.java:95)
	at org.apache.synapse.mediators.AbstractListMediator.mediate(AbstractListMediator.java:57)
	at org.apache.synapse.mediators.filters.InMediator.mediate(InMediator.java:74)
	at org.apache.synapse.mediators.AbstractListMediator.mediate(AbstractListMediator.java:95)
	at org.apache.synapse.mediators.AbstractListMediator.mediate(AbstractListMediator.java:57)
	at org.apache.synapse.mediators.base.SequenceMediator.mediate(SequenceMediator.java:158)
	at org.apache.synapse.core.axis2.Axis2SynapseEnvironment.injectMessage(Axis2SynapseEnvironment.java:310)
	at org.apache.synapse.core.axis2.SynapseMessageReceiver.receive(SynapseMessageReceiver.java:75)
	at org.apache.axis2.engine.AxisEngine.receive(AxisEngine.java:180)
	at org.apache.synapse.transport.passthru.ServerWorker.processNonEntityEnclosingRESTHandler(ServerWorker.java:319)
	at org.apache.synapse.transport.passthru.ServerWorker.processEntityEnclosingRequest(ServerWorker.java:365)
	at org.apache.synapse.transport.passthru.ServerWorker.run(ServerWorker.java:145)
	at org.apache.axis2.transport.base.threads.NativeWorkerPool$1.run(NativeWorkerPool.java:172)
	at java.util.concurrent.ThreadPoolExecutor.runWorker(ThreadPoolExecutor.java:1149)
	at java.util.concurrent.ThreadPoolExecutor$Worker.run(ThreadPoolExecutor.java:624)
	at java.lang.Thread.run(Thread.java:748)
Caused by: org.apache.axiom.om.OMException: com.ctc.wstx.exc.WstxParsingException: Undeclared namespace prefix "tem"
 at [row,col {unknown-source}]: [1,10]
	at org.apache.axiom.om.impl.builder.StAXOMBuilder.next(StAXOMBuilder.java:296)
	at org.apache.axiom.om.impl.llom.OMDocumentImpl.getOMDocumentElement(OMDocumentImpl.java:109)
	at org.apache.axiom.om.impl.builder.StAXOMBuilder.getDocumentElement(StAXOMBuilder.java:570)
	at org.apache.axiom.om.impl.builder.StAXOMBuilder.getDocumentElement(StAXOMBuilder.java:566)
	at org.apache.axis2.builder.ApplicationXMLBuilder.processDocument(ApplicationXMLBuilder.java:81)
	at org.apache.synapse.transport.passthru.util.DeferredMessageBuilder.getDocument(DeferredMessageBuilder.java:148)
	at org.apache.synapse.transport.passthru.util.RelayUtils.builldMessage(RelayUtils.java:137)
	... 22 more
Caused by: com.ctc.wstx.exc.WstxParsingException: Undeclared namespace prefix "tem"
 at [row,col {unknown-source}]: [1,10]
	at com.ctc.wstx.sr.StreamScanner.constructWfcException(StreamScanner.java:606)
	at com.ctc.wstx.sr.StreamScanner.throwParseError(StreamScanner.java:479)
	at com.ctc.wstx.sr.InputElementStack.resolveAndValidateElement(InputElementStack.java:507)
	at com.ctc.wstx.sr.BasicStreamReader.handleStartElem(BasicStreamReader.java:2977)
	at com.ctc.wstx.sr.BasicStreamReader.handleRootElem(BasicStreamReader.java:2098)
	at com.ctc.wstx.sr.BasicStreamReader.nextFromProlog(BasicStreamReader.java:2078)
	at com.ctc.wstx.sr.BasicStreamReader.next(BasicStreamReader.java:1134)
	at org.apache.axiom.util.stax.wrapper.XMLStreamReaderWrapper.next(XMLStreamReaderWrapper.java:225)
	at org.apache.axiom.util.stax.dialect.DisallowDoctypeDeclStreamReaderWrapper.next(DisallowDoctypeDeclStreamReaderWrapper.java:34)
	at org.apache.axiom.om.impl.builder.StAXOMBuilder.parserNext(StAXOMBuilder.java:681)
	at org.apache.axiom.om.impl.builder.StAXOMBuilder.next(StAXOMBuilder.java:214)
	... 28 more
2019-01-14 16:44:36,942 [-] [PassThroughMessageProcessor-3]  WARN __SynapseService Executing fault handler due to exception encountered
2019-01-14 16:44:36,942 [-] [PassThroughMessageProcessor-3]  WARN __SynapseService ERROR_CODE : 0 ERROR_MESSAGE : Error while building message
2019-01-14 16:44:36,943 [-] [PassThroughMessageProcessor-3]  WARN __SynapseService Executing fault sequence mediator : fault
2019-01-14 16:44:36,943 [-] [PassThroughMessageProcessor-3]  INFO __SynapseService STATUS = Executing default 'fault' sequence, ERROR_CODE = 0, ERROR_MESSAGE = Error while building message
2019-01-14 16:44:58,543 [-] [PassThroughMessageProcessor-4]  INFO __SynapseService STATUS = Message dispatched to the main sequence. Invalid URL., RESOURCE = /calc/1.0.0/add?intA=4&intB=10
2019-01-14 16:44:58,549 [-] [PassThroughMessageProcessor-4] ERROR __SynapseService Error while building message
org.apache.axis2.AxisFault: Error while building Passthrough stream
	at org.apache.synapse.transport.passthru.util.RelayUtils.handleException(RelayUtils.java:287)
	at org.apache.synapse.transport.passthru.util.RelayUtils.builldMessage(RelayUtils.java:146)
	at org.apache.synapse.transport.passthru.util.RelayUtils.buildMessage(RelayUtils.java:100)
	at org.apache.synapse.mediators.AbstractListMediator.buildMessage(AbstractListMediator.java:127)
	at org.apache.synapse.mediators.AbstractListMediator.mediate(AbstractListMediator.java:81)
	at org.apache.synapse.mediators.AbstractListMediator.mediate(AbstractListMediator.java:57)
	at org.apache.synapse.config.xml.AnonymousListMediator.mediate(AnonymousListMediator.java:37)
	at org.apache.synapse.mediators.filters.FilterMediator.mediate(FilterMediator.java:203)
	at org.apache.synapse.mediators.AbstractListMediator.mediate(AbstractListMediator.java:95)
	at org.apache.synapse.mediators.AbstractListMediator.mediate(AbstractListMediator.java:57)
	at org.apache.synapse.mediators.filters.InMediator.mediate(InMediator.java:74)
	at org.apache.synapse.mediators.AbstractListMediator.mediate(AbstractListMediator.java:95)
	at org.apache.synapse.mediators.AbstractListMediator.mediate(AbstractListMediator.java:57)
	at org.apache.synapse.mediators.base.SequenceMediator.mediate(SequenceMediator.java:158)
	at org.apache.synapse.core.axis2.Axis2SynapseEnvironment.injectMessage(Axis2SynapseEnvironment.java:310)
	at org.apache.synapse.core.axis2.SynapseMessageReceiver.receive(SynapseMessageReceiver.java:75)
	at org.apache.axis2.engine.AxisEngine.receive(AxisEngine.java:180)
	at org.apache.synapse.transport.passthru.ServerWorker.processNonEntityEnclosingRESTHandler(ServerWorker.java:319)
	at org.apache.synapse.transport.passthru.ServerWorker.processEntityEnclosingRequest(ServerWorker.java:365)
	at org.apache.synapse.transport.passthru.ServerWorker.run(ServerWorker.java:145)
	at org.apache.axis2.transport.base.threads.NativeWorkerPool$1.run(NativeWorkerPool.java:172)
	at java.util.concurrent.ThreadPoolExecutor.runWorker(ThreadPoolExecutor.java:1149)
	at java.util.concurrent.ThreadPoolExecutor$Worker.run(ThreadPoolExecutor.java:624)
	at java.lang.Thread.run(Thread.java:748)
Caused by: org.apache.axiom.om.OMException: com.ctc.wstx.exc.WstxParsingException: Undeclared namespace prefix "tem"
 at [row,col {unknown-source}]: [1,10]
	at org.apache.axiom.om.impl.builder.StAXOMBuilder.next(StAXOMBuilder.java:296)
	at org.apache.axiom.om.impl.llom.OMDocumentImpl.getOMDocumentElement(OMDocumentImpl.java:109)
	at org.apache.axiom.om.impl.builder.StAXOMBuilder.getDocumentElement(StAXOMBuilder.java:570)
	at org.apache.axiom.om.impl.builder.StAXOMBuilder.getDocumentElement(StAXOMBuilder.java:566)
	at org.apache.axis2.builder.ApplicationXMLBuilder.processDocument(ApplicationXMLBuilder.java:81)
	at org.apache.synapse.transport.passthru.util.DeferredMessageBuilder.getDocument(DeferredMessageBuilder.java:148)
	at org.apache.synapse.transport.passthru.util.RelayUtils.builldMessage(RelayUtils.java:137)
	... 22 more
Caused by: com.ctc.wstx.exc.WstxParsingException: Undeclared namespace prefix "tem"
 at [row,col {unknown-source}]: [1,10]
	at com.ctc.wstx.sr.StreamScanner.constructWfcException(StreamScanner.java:606)
	at com.ctc.wstx.sr.StreamScanner.throwParseError(StreamScanner.java:479)
	at com.ctc.wstx.sr.InputElementStack.resolveAndValidateElement(InputElementStack.java:507)
	at com.ctc.wstx.sr.BasicStreamReader.handleStartElem(BasicStreamReader.java:2977)
	at com.ctc.wstx.sr.BasicStreamReader.handleRootElem(BasicStreamReader.java:2098)
	at com.ctc.wstx.sr.BasicStreamReader.nextFromProlog(BasicStreamReader.java:2078)
	at com.ctc.wstx.sr.BasicStreamReader.next(BasicStreamReader.java:1134)
	at org.apache.axiom.util.stax.wrapper.XMLStreamReaderWrapper.next(XMLStreamReaderWrapper.java:225)
	at org.apache.axiom.util.stax.dialect.DisallowDoctypeDeclStreamReaderWrapper.next(DisallowDoctypeDeclStreamReaderWrapper.java:34)
	at org.apache.axiom.om.impl.builder.StAXOMBuilder.parserNext(StAXOMBuilder.java:681)
	at org.apache.axiom.om.impl.builder.StAXOMBuilder.next(StAXOMBuilder.java:214)
	... 28 more
2019-01-14 16:44:58,551 [-] [PassThroughMessageProcessor-4]  WARN __SynapseService Executing fault handler due to exception encountered
2019-01-14 16:44:58,551 [-] [PassThroughMessageProcessor-4]  WARN __SynapseService ERROR_CODE : 0 ERROR_MESSAGE : Error while building message
2019-01-14 16:44:58,551 [-] [PassThroughMessageProcessor-4]  WARN __SynapseService Executing fault sequence mediator : fault
2019-01-14 16:44:58,551 [-] [PassThroughMessageProcessor-4]  INFO __SynapseService STATUS = Executing default 'fault' sequence, ERROR_CODE = 0, ERROR_MESSAGE = Error while building message
2019-01-14 16:44:59,585 [-] [PassThroughMessageProcessor-5]  INFO __SynapseService STATUS = Message dispatched to the main sequence. Invalid URL., RESOURCE = /calc/1.0.0/add?intA=4&intB=10
2019-01-14 16:44:59,590 [-] [PassThroughMessageProcessor-5] ERROR __SynapseService Error while building message
org.apache.axis2.AxisFault: Error while building Passthrough stream
	at org.apache.synapse.transport.passthru.util.RelayUtils.handleException(RelayUtils.java:287)
	at org.apache.synapse.transport.passthru.util.RelayUtils.builldMessage(RelayUtils.java:146)
	at org.apache.synapse.transport.passthru.util.RelayUtils.buildMessage(RelayUtils.java:100)
	at org.apache.synapse.mediators.AbstractListMediator.buildMessage(AbstractListMediator.java:127)
	at org.apache.synapse.mediators.AbstractListMediator.mediate(AbstractListMediator.java:81)
	at org.apache.synapse.mediators.AbstractListMediator.mediate(AbstractListMediator.java:57)
	at org.apache.synapse.config.xml.AnonymousListMediator.mediate(AnonymousListMediator.java:37)
	at org.apache.synapse.mediators.filters.FilterMediator.mediate(FilterMediator.java:203)
	at org.apache.synapse.mediators.AbstractListMediator.mediate(AbstractListMediator.java:95)
	at org.apache.synapse.mediators.AbstractListMediator.mediate(AbstractListMediator.java:57)
	at org.apache.synapse.mediators.filters.InMediator.mediate(InMediator.java:74)
	at org.apache.synapse.mediators.AbstractListMediator.mediate(AbstractListMediator.java:95)
	at org.apache.synapse.mediators.AbstractListMediator.mediate(AbstractListMediator.java:57)
	at org.apache.synapse.mediators.base.SequenceMediator.mediate(SequenceMediator.java:158)
	at org.apache.synapse.core.axis2.Axis2SynapseEnvironment.injectMessage(Axis2SynapseEnvironment.java:310)
	at org.apache.synapse.core.axis2.SynapseMessageReceiver.receive(SynapseMessageReceiver.java:75)
	at org.apache.axis2.engine.AxisEngine.receive(AxisEngine.java:180)
	at org.apache.synapse.transport.passthru.ServerWorker.processNonEntityEnclosingRESTHandler(ServerWorker.java:319)
	at org.apache.synapse.transport.passthru.ServerWorker.processEntityEnclosingRequest(ServerWorker.java:365)
	at org.apache.synapse.transport.passthru.ServerWorker.run(ServerWorker.java:145)
	at org.apache.axis2.transport.base.threads.NativeWorkerPool$1.run(NativeWorkerPool.java:172)
	at java.util.concurrent.ThreadPoolExecutor.runWorker(ThreadPoolExecutor.java:1149)
	at java.util.concurrent.ThreadPoolExecutor$Worker.run(ThreadPoolExecutor.java:624)
	at java.lang.Thread.run(Thread.java:748)
Caused by: org.apache.axiom.om.OMException: com.ctc.wstx.exc.WstxParsingException: Undeclared namespace prefix "tem"
 at [row,col {unknown-source}]: [1,10]
	at org.apache.axiom.om.impl.builder.StAXOMBuilder.next(StAXOMBuilder.java:296)
	at org.apache.axiom.om.impl.llom.OMDocumentImpl.getOMDocumentElement(OMDocumentImpl.java:109)
	at org.apache.axiom.om.impl.builder.StAXOMBuilder.getDocumentElement(StAXOMBuilder.java:570)
	at org.apache.axiom.om.impl.builder.StAXOMBuilder.getDocumentElement(StAXOMBuilder.java:566)
	at org.apache.axis2.builder.ApplicationXMLBuilder.processDocument(ApplicationXMLBuilder.java:81)
	at org.apache.synapse.transport.passthru.util.DeferredMessageBuilder.getDocument(DeferredMessageBuilder.java:148)
	at org.apache.synapse.transport.passthru.util.RelayUtils.builldMessage(RelayUtils.java:137)
	... 22 more
Caused by: com.ctc.wstx.exc.WstxParsingException: Undeclared namespace prefix "tem"
 at [row,col {unknown-source}]: [1,10]
	at com.ctc.wstx.sr.StreamScanner.constructWfcException(StreamScanner.java:606)
	at com.ctc.wstx.sr.StreamScanner.throwParseError(StreamScanner.java:479)
	at com.ctc.wstx.sr.InputElementStack.resolveAndValidateElement(InputElementStack.java:507)
	at com.ctc.wstx.sr.BasicStreamReader.handleStartElem(BasicStreamReader.java:2977)
	at com.ctc.wstx.sr.BasicStreamReader.handleRootElem(BasicStreamReader.java:2098)
	at com.ctc.wstx.sr.BasicStreamReader.nextFromProlog(BasicStreamReader.java:2078)
	at com.ctc.wstx.sr.BasicStreamReader.next(BasicStreamReader.java:1134)
	at org.apache.axiom.util.stax.wrapper.XMLStreamReaderWrapper.next(XMLStreamReaderWrapper.java:225)
	at org.apache.axiom.util.stax.dialect.DisallowDoctypeDeclStreamReaderWrapper.next(DisallowDoctypeDeclStreamReaderWrapper.java:34)
	at org.apache.axiom.om.impl.builder.StAXOMBuilder.parserNext(StAXOMBuilder.java:681)
	at org.apache.axiom.om.impl.builder.StAXOMBuilder.next(StAXOMBuilder.java:214)
	... 28 more
2019-01-14 16:44:59,590 [-] [PassThroughMessageProcessor-5]  WARN __SynapseService Executing fault handler due to exception encountered
2019-01-14 16:44:59,590 [-] [PassThroughMessageProcessor-5]  WARN __SynapseService ERROR_CODE : 0 ERROR_MESSAGE : Error while building message
2019-01-14 16:44:59,591 [-] [PassThroughMessageProcessor-5]  WARN __SynapseService Executing fault sequence mediator : fault
2019-01-14 16:44:59,591 [-] [PassThroughMessageProcessor-5]  INFO __SynapseService STATUS = Executing default 'fault' sequence, ERROR_CODE = 0, ERROR_MESSAGE = Error while building message
2019-01-14 16:45:00,271 [-] [PassThroughMessageProcessor-6]  INFO __SynapseService STATUS = Message dispatched to the main sequence. Invalid URL., RESOURCE = /calc/1.0.0/add?intA=4&intB=10
2019-01-14 16:45:00,274 [-] [PassThroughMessageProcessor-6] ERROR __SynapseService Error while building message
org.apache.axis2.AxisFault: Error while building Passthrough stream
	at org.apache.synapse.transport.passthru.util.RelayUtils.handleException(RelayUtils.java:287)
	at org.apache.synapse.transport.passthru.util.RelayUtils.builldMessage(RelayUtils.java:146)
	at org.apache.synapse.transport.passthru.util.RelayUtils.buildMessage(RelayUtils.java:100)
	at org.apache.synapse.mediators.AbstractListMediator.buildMessage(AbstractListMediator.java:127)
	at org.apache.synapse.mediators.AbstractListMediator.mediate(AbstractListMediator.java:81)
	at org.apache.synapse.mediators.AbstractListMediator.mediate(AbstractListMediator.java:57)
	at org.apache.synapse.config.xml.AnonymousListMediator.mediate(AnonymousListMediator.java:37)
	at org.apache.synapse.mediators.filters.FilterMediator.mediate(FilterMediator.java:203)
	at org.apache.synapse.mediators.AbstractListMediator.mediate(AbstractListMediator.java:95)
	at org.apache.synapse.mediators.AbstractListMediator.mediate(AbstractListMediator.java:57)
	at org.apache.synapse.mediators.filters.InMediator.mediate(InMediator.java:74)
	at org.apache.synapse.mediators.AbstractListMediator.mediate(AbstractListMediator.java:95)
	at org.apache.synapse.mediators.AbstractListMediator.mediate(AbstractListMediator.java:57)
	at org.apache.synapse.mediators.base.SequenceMediator.mediate(SequenceMediator.java:158)
	at org.apache.synapse.core.axis2.Axis2SynapseEnvironment.injectMessage(Axis2SynapseEnvironment.java:310)
	at org.apache.synapse.core.axis2.SynapseMessageReceiver.receive(SynapseMessageReceiver.java:75)
	at org.apache.axis2.engine.AxisEngine.receive(AxisEngine.java:180)
	at org.apache.synapse.transport.passthru.ServerWorker.processNonEntityEnclosingRESTHandler(ServerWorker.java:319)
	at org.apache.synapse.transport.passthru.ServerWorker.processEntityEnclosingRequest(ServerWorker.java:365)
	at org.apache.synapse.transport.passthru.ServerWorker.run(ServerWorker.java:145)
	at org.apache.axis2.transport.base.threads.NativeWorkerPool$1.run(NativeWorkerPool.java:172)
	at java.util.concurrent.ThreadPoolExecutor.runWorker(ThreadPoolExecutor.java:1149)
	at java.util.concurrent.ThreadPoolExecutor$Worker.run(ThreadPoolExecutor.java:624)
	at java.lang.Thread.run(Thread.java:748)
Caused by: org.apache.axiom.om.OMException: com.ctc.wstx.exc.WstxParsingException: Undeclared namespace prefix "tem"
 at [row,col {unknown-source}]: [1,10]
	at org.apache.axiom.om.impl.builder.StAXOMBuilder.next(StAXOMBuilder.java:296)
	at org.apache.axiom.om.impl.llom.OMDocumentImpl.getOMDocumentElement(OMDocumentImpl.java:109)
	at org.apache.axiom.om.impl.builder.StAXOMBuilder.getDocumentElement(StAXOMBuilder.java:570)
	at org.apache.axiom.om.impl.builder.StAXOMBuilder.getDocumentElement(StAXOMBuilder.java:566)
	at org.apache.axis2.builder.ApplicationXMLBuilder.processDocument(ApplicationXMLBuilder.java:81)
	at org.apache.synapse.transport.passthru.util.DeferredMessageBuilder.getDocument(DeferredMessageBuilder.java:148)
	at org.apache.synapse.transport.passthru.util.RelayUtils.builldMessage(RelayUtils.java:137)
	... 22 more
Caused by: com.ctc.wstx.exc.WstxParsingException: Undeclared namespace prefix "tem"
 at [row,col {unknown-source}]: [1,10]
	at com.ctc.wstx.sr.StreamScanner.constructWfcException(StreamScanner.java:606)
	at com.ctc.wstx.sr.StreamScanner.throwParseError(StreamScanner.java:479)
	at com.ctc.wstx.sr.InputElementStack.resolveAndValidateElement(InputElementStack.java:507)
	at com.ctc.wstx.sr.BasicStreamReader.handleStartElem(BasicStreamReader.java:2977)
	at com.ctc.wstx.sr.BasicStreamReader.handleRootElem(BasicStreamReader.java:2098)
	at com.ctc.wstx.sr.BasicStreamReader.nextFromProlog(BasicStreamReader.java:2078)
	at com.ctc.wstx.sr.BasicStreamReader.next(BasicStreamReader.java:1134)
	at org.apache.axiom.util.stax.wrapper.XMLStreamReaderWrapper.next(XMLStreamReaderWrapper.java:225)
	at org.apache.axiom.util.stax.dialect.DisallowDoctypeDeclStreamReaderWrapper.next(DisallowDoctypeDeclStreamReaderWrapper.java:34)
	at org.apache.axiom.om.impl.builder.StAXOMBuilder.parserNext(StAXOMBuilder.java:681)
	at org.apache.axiom.om.impl.builder.StAXOMBuilder.next(StAXOMBuilder.java:214)
	... 28 more
2019-01-14 16:45:00,274 [-] [PassThroughMessageProcessor-6]  WARN __SynapseService Executing fault handler due to exception encountered
2019-01-14 16:45:00,274 [-] [PassThroughMessageProcessor-6]  WARN __SynapseService ERROR_CODE : 0 ERROR_MESSAGE : Error while building message
2019-01-14 16:45:00,274 [-] [PassThroughMessageProcessor-6]  WARN __SynapseService Executing fault sequence mediator : fault
2019-01-14 16:45:00,274 [-] [PassThroughMessageProcessor-6]  INFO __SynapseService STATUS = Executing default 'fault' sequence, ERROR_CODE = 0, ERROR_MESSAGE = Error while building message
2019-01-14 16:49:02,969 [-] [PassThroughMessageProcessor-13]  INFO __SynapseService STATUS = Message dispatched to the main sequence. Invalid URL., RESOURCE = /calc/1.0.0/add?intA=4&intB=10
2019-01-14 16:49:02,974 [-] [PassThroughMessageProcessor-13] ERROR __SynapseService Error while building message
org.apache.axis2.AxisFault: Error while building Passthrough stream
	at org.apache.synapse.transport.passthru.util.RelayUtils.handleException(RelayUtils.java:287)
	at org.apache.synapse.transport.passthru.util.RelayUtils.builldMessage(RelayUtils.java:146)
	at org.apache.synapse.transport.passthru.util.RelayUtils.buildMessage(RelayUtils.java:100)
	at org.apache.synapse.mediators.AbstractListMediator.buildMessage(AbstractListMediator.java:127)
	at org.apache.synapse.mediators.AbstractListMediator.mediate(AbstractListMediator.java:81)
	at org.apache.synapse.mediators.AbstractListMediator.mediate(AbstractListMediator.java:57)
	at org.apache.synapse.config.xml.AnonymousListMediator.mediate(AnonymousListMediator.java:37)
	at org.apache.synapse.mediators.filters.FilterMediator.mediate(FilterMediator.java:203)
	at org.apache.synapse.mediators.AbstractListMediator.mediate(AbstractListMediator.java:95)
	at org.apache.synapse.mediators.AbstractListMediator.mediate(AbstractListMediator.java:57)
	at org.apache.synapse.mediators.filters.InMediator.mediate(InMediator.java:74)
	at org.apache.synapse.mediators.AbstractListMediator.mediate(AbstractListMediator.java:95)
	at org.apache.synapse.mediators.AbstractListMediator.mediate(AbstractListMediator.java:57)
	at org.apache.synapse.mediators.base.SequenceMediator.mediate(SequenceMediator.java:158)
	at org.apache.synapse.core.axis2.Axis2SynapseEnvironment.injectMessage(Axis2SynapseEnvironment.java:310)
	at org.apache.synapse.core.axis2.SynapseMessageReceiver.receive(SynapseMessageReceiver.java:75)
	at org.apache.axis2.engine.AxisEngine.receive(AxisEngine.java:180)
	at org.apache.synapse.transport.passthru.ServerWorker.processNonEntityEnclosingRESTHandler(ServerWorker.java:319)
	at org.apache.synapse.transport.passthru.ServerWorker.processEntityEnclosingRequest(ServerWorker.java:365)
	at org.apache.synapse.transport.passthru.ServerWorker.run(ServerWorker.java:145)
	at org.apache.axis2.transport.base.threads.NativeWorkerPool$1.run(NativeWorkerPool.java:172)
	at java.util.concurrent.ThreadPoolExecutor.runWorker(ThreadPoolExecutor.java:1149)
	at java.util.concurrent.ThreadPoolExecutor$Worker.run(ThreadPoolExecutor.java:624)
	at java.lang.Thread.run(Thread.java:748)
Caused by: org.apache.axiom.om.OMException: com.ctc.wstx.exc.WstxParsingException: Undeclared namespace prefix "tem"
 at [row,col {unknown-source}]: [2,15]
	at org.apache.axiom.om.impl.builder.StAXOMBuilder.next(StAXOMBuilder.java:296)
	at org.apache.axiom.om.impl.llom.OMDocumentImpl.getOMDocumentElement(OMDocumentImpl.java:109)
	at org.apache.axiom.om.impl.builder.StAXOMBuilder.getDocumentElement(StAXOMBuilder.java:570)
	at org.apache.axiom.om.impl.builder.StAXOMBuilder.getDocumentElement(StAXOMBuilder.java:566)
	at org.apache.axis2.builder.ApplicationXMLBuilder.processDocument(ApplicationXMLBuilder.java:81)
	at org.apache.synapse.transport.passthru.util.DeferredMessageBuilder.getDocument(DeferredMessageBuilder.java:148)
	at org.apache.synapse.transport.passthru.util.RelayUtils.builldMessage(RelayUtils.java:137)
	... 22 more
Caused by: com.ctc.wstx.exc.WstxParsingException: Undeclared namespace prefix "tem"
 at [row,col {unknown-source}]: [2,15]
	at com.ctc.wstx.sr.StreamScanner.constructWfcException(StreamScanner.java:606)
	at com.ctc.wstx.sr.StreamScanner.throwParseError(StreamScanner.java:479)
	at com.ctc.wstx.sr.InputElementStack.resolveAndValidateElement(InputElementStack.java:507)
	at com.ctc.wstx.sr.BasicStreamReader.handleStartElem(BasicStreamReader.java:2977)
	at com.ctc.wstx.sr.BasicStreamReader.handleRootElem(BasicStreamReader.java:2098)
	at com.ctc.wstx.sr.BasicStreamReader.nextFromProlog(BasicStreamReader.java:2078)
	at com.ctc.wstx.sr.BasicStreamReader.next(BasicStreamReader.java:1134)
	at org.apache.axiom.util.stax.wrapper.XMLStreamReaderWrapper.next(XMLStreamReaderWrapper.java:225)
	at org.apache.axiom.util.stax.dialect.DisallowDoctypeDeclStreamReaderWrapper.next(DisallowDoctypeDeclStreamReaderWrapper.java:34)
	at org.apache.axiom.om.impl.builder.StAXOMBuilder.parserNext(StAXOMBuilder.java:681)
	at org.apache.axiom.om.impl.builder.StAXOMBuilder.next(StAXOMBuilder.java:214)
	... 28 more
2019-01-14 16:49:02,974 [-] [PassThroughMessageProcessor-13]  WARN __SynapseService Executing fault handler due to exception encountered
2019-01-14 16:49:02,974 [-] [PassThroughMessageProcessor-13]  WARN __SynapseService ERROR_CODE : 0 ERROR_MESSAGE : Error while building message
2019-01-14 16:49:02,975 [-] [PassThroughMessageProcessor-13]  WARN __SynapseService Executing fault sequence mediator : fault
2019-01-14 16:49:02,975 [-] [PassThroughMessageProcessor-13]  INFO __SynapseService STATUS = Executing default 'fault' sequence, ERROR_CODE = 0, ERROR_MESSAGE = Error while building message
2019-01-14 16:49:03,692 [-] [PassThroughMessageProcessor-14]  INFO __SynapseService STATUS = Message dispatched to the main sequence. Invalid URL., RESOURCE = /calc/1.0.0/add?intA=4&intB=10
2019-01-14 16:49:03,696 [-] [PassThroughMessageProcessor-14] ERROR __SynapseService Error while building message
org.apache.axis2.AxisFault: Error while building Passthrough stream
	at org.apache.synapse.transport.passthru.util.RelayUtils.handleException(RelayUtils.java:287)
	at org.apache.synapse.transport.passthru.util.RelayUtils.builldMessage(RelayUtils.java:146)
	at org.apache.synapse.transport.passthru.util.RelayUtils.buildMessage(RelayUtils.java:100)
	at org.apache.synapse.mediators.AbstractListMediator.buildMessage(AbstractListMediator.java:127)
	at org.apache.synapse.mediators.AbstractListMediator.mediate(AbstractListMediator.java:81)
	at org.apache.synapse.mediators.AbstractListMediator.mediate(AbstractListMediator.java:57)
	at org.apache.synapse.config.xml.AnonymousListMediator.mediate(AnonymousListMediator.java:37)
	at org.apache.synapse.mediators.filters.FilterMediator.mediate(FilterMediator.java:203)
	at org.apache.synapse.mediators.AbstractListMediator.mediate(AbstractListMediator.java:95)
	at org.apache.synapse.mediators.AbstractListMediator.mediate(AbstractListMediator.java:57)
	at org.apache.synapse.mediators.filters.InMediator.mediate(InMediator.java:74)
	at org.apache.synapse.mediators.AbstractListMediator.mediate(AbstractListMediator.java:95)
	at org.apache.synapse.mediators.AbstractListMediator.mediate(AbstractListMediator.java:57)
	at org.apache.synapse.mediators.base.SequenceMediator.mediate(SequenceMediator.java:158)
	at org.apache.synapse.core.axis2.Axis2SynapseEnvironment.injectMessage(Axis2SynapseEnvironment.java:310)
	at org.apache.synapse.core.axis2.SynapseMessageReceiver.receive(SynapseMessageReceiver.java:75)
	at org.apache.axis2.engine.AxisEngine.receive(AxisEngine.java:180)
	at org.apache.synapse.transport.passthru.ServerWorker.processNonEntityEnclosingRESTHandler(ServerWorker.java:319)
	at org.apache.synapse.transport.passthru.ServerWorker.processEntityEnclosingRequest(ServerWorker.java:365)
	at org.apache.synapse.transport.passthru.ServerWorker.run(ServerWorker.java:145)
	at org.apache.axis2.transport.base.threads.NativeWorkerPool$1.run(NativeWorkerPool.java:172)
	at java.util.concurrent.ThreadPoolExecutor.runWorker(ThreadPoolExecutor.java:1149)
	at java.util.concurrent.ThreadPoolExecutor$Worker.run(ThreadPoolExecutor.java:624)
	at java.lang.Thread.run(Thread.java:748)
Caused by: org.apache.axiom.om.OMException: com.ctc.wstx.exc.WstxParsingException: Undeclared namespace prefix "tem"
 at [row,col {unknown-source}]: [2,15]
	at org.apache.axiom.om.impl.builder.StAXOMBuilder.next(StAXOMBuilder.java:296)
	at org.apache.axiom.om.impl.llom.OMDocumentImpl.getOMDocumentElement(OMDocumentImpl.java:109)
	at org.apache.axiom.om.impl.builder.StAXOMBuilder.getDocumentElement(StAXOMBuilder.java:570)
	at org.apache.axiom.om.impl.builder.StAXOMBuilder.getDocumentElement(StAXOMBuilder.java:566)
	at org.apache.axis2.builder.ApplicationXMLBuilder.processDocument(ApplicationXMLBuilder.java:81)
	at org.apache.synapse.transport.passthru.util.DeferredMessageBuilder.getDocument(DeferredMessageBuilder.java:148)
	at org.apache.synapse.transport.passthru.util.RelayUtils.builldMessage(RelayUtils.java:137)
	... 22 more
Caused by: com.ctc.wstx.exc.WstxParsingException: Undeclared namespace prefix "tem"
 at [row,col {unknown-source}]: [2,15]
	at com.ctc.wstx.sr.StreamScanner.constructWfcException(StreamScanner.java:606)
	at com.ctc.wstx.sr.StreamScanner.throwParseError(StreamScanner.java:479)
	at com.ctc.wstx.sr.InputElementStack.resolveAndValidateElement(InputElementStack.java:507)
	at com.ctc.wstx.sr.BasicStreamReader.handleStartElem(BasicStreamReader.java:2977)
	at com.ctc.wstx.sr.BasicStreamReader.handleRootElem(BasicStreamReader.java:2098)
	at com.ctc.wstx.sr.BasicStreamReader.nextFromProlog(BasicStreamReader.java:2078)
	at com.ctc.wstx.sr.BasicStreamReader.next(BasicStreamReader.java:1134)
	at org.apache.axiom.util.stax.wrapper.XMLStreamReaderWrapper.next(XMLStreamReaderWrapper.java:225)
	at org.apache.axiom.util.stax.dialect.DisallowDoctypeDeclStreamReaderWrapper.next(DisallowDoctypeDeclStreamReaderWrapper.java:34)
	at org.apache.axiom.om.impl.builder.StAXOMBuilder.parserNext(StAXOMBuilder.java:681)
	at org.apache.axiom.om.impl.builder.StAXOMBuilder.next(StAXOMBuilder.java:214)
	... 28 more
2019-01-14 16:49:03,696 [-] [PassThroughMessageProcessor-14]  WARN __SynapseService Executing fault handler due to exception encountered
2019-01-14 16:49:03,696 [-] [PassThroughMessageProcessor-14]  WARN __SynapseService ERROR_CODE : 0 ERROR_MESSAGE : Error while building message
2019-01-14 16:49:03,696 [-] [PassThroughMessageProcessor-14]  WARN __SynapseService Executing fault sequence mediator : fault
2019-01-14 16:49:03,697 [-] [PassThroughMessageProcessor-14]  INFO __SynapseService STATUS = Executing default 'fault' sequence, ERROR_CODE = 0, ERROR_MESSAGE = Error while building message
2019-01-14 16:49:04,951 [-] [PassThroughMessageProcessor-15]  INFO __SynapseService STATUS = Message dispatched to the main sequence. Invalid URL., RESOURCE = /calc/1.0.0/add?intA=4&intB=10
2019-01-14 16:49:04,954 [-] [PassThroughMessageProcessor-15] ERROR __SynapseService Error while building message
org.apache.axis2.AxisFault: Error while building Passthrough stream
	at org.apache.synapse.transport.passthru.util.RelayUtils.handleException(RelayUtils.java:287)
	at org.apache.synapse.transport.passthru.util.RelayUtils.builldMessage(RelayUtils.java:146)
	at org.apache.synapse.transport.passthru.util.RelayUtils.buildMessage(RelayUtils.java:100)
	at org.apache.synapse.mediators.AbstractListMediator.buildMessage(AbstractListMediator.java:127)
	at org.apache.synapse.mediators.AbstractListMediator.mediate(AbstractListMediator.java:81)
	at org.apache.synapse.mediators.AbstractListMediator.mediate(AbstractListMediator.java:57)
	at org.apache.synapse.config.xml.AnonymousListMediator.mediate(AnonymousListMediator.java:37)
	at org.apache.synapse.mediators.filters.FilterMediator.mediate(FilterMediator.java:203)
	at org.apache.synapse.mediators.AbstractListMediator.mediate(AbstractListMediator.java:95)
	at org.apache.synapse.mediators.AbstractListMediator.mediate(AbstractListMediator.java:57)
	at org.apache.synapse.mediators.filters.InMediator.mediate(InMediator.java:74)
	at org.apache.synapse.mediators.AbstractListMediator.mediate(AbstractListMediator.java:95)
	at org.apache.synapse.mediators.AbstractListMediator.mediate(AbstractListMediator.java:57)
	at org.apache.synapse.mediators.base.SequenceMediator.mediate(SequenceMediator.java:158)
	at org.apache.synapse.core.axis2.Axis2SynapseEnvironment.injectMessage(Axis2SynapseEnvironment.java:310)
	at org.apache.synapse.core.axis2.SynapseMessageReceiver.receive(SynapseMessageReceiver.java:75)
	at org.apache.axis2.engine.AxisEngine.receive(AxisEngine.java:180)
	at org.apache.synapse.transport.passthru.ServerWorker.processNonEntityEnclosingRESTHandler(ServerWorker.java:319)
	at org.apache.synapse.transport.passthru.ServerWorker.processEntityEnclosingRequest(ServerWorker.java:365)
	at org.apache.synapse.transport.passthru.ServerWorker.run(ServerWorker.java:145)
	at org.apache.axis2.transport.base.threads.NativeWorkerPool$1.run(NativeWorkerPool.java:172)
	at java.util.concurrent.ThreadPoolExecutor.runWorker(ThreadPoolExecutor.java:1149)
	at java.util.concurrent.ThreadPoolExecutor$Worker.run(ThreadPoolExecutor.java:624)
	at java.lang.Thread.run(Thread.java:748)
Caused by: org.apache.axiom.om.OMException: com.ctc.wstx.exc.WstxParsingException: Undeclared namespace prefix "tem"
 at [row,col {unknown-source}]: [2,15]
	at org.apache.axiom.om.impl.builder.StAXOMBuilder.next(StAXOMBuilder.java:296)
	at org.apache.axiom.om.impl.llom.OMDocumentImpl.getOMDocumentElement(OMDocumentImpl.java:109)
	at org.apache.axiom.om.impl.builder.StAXOMBuilder.getDocumentElement(StAXOMBuilder.java:570)
	at org.apache.axiom.om.impl.builder.StAXOMBuilder.getDocumentElement(StAXOMBuilder.java:566)
	at org.apache.axis2.builder.ApplicationXMLBuilder.processDocument(ApplicationXMLBuilder.java:81)
	at org.apache.synapse.transport.passthru.util.DeferredMessageBuilder.getDocument(DeferredMessageBuilder.java:148)
	at org.apache.synapse.transport.passthru.util.RelayUtils.builldMessage(RelayUtils.java:137)
	... 22 more
Caused by: com.ctc.wstx.exc.WstxParsingException: Undeclared namespace prefix "tem"
 at [row,col {unknown-source}]: [2,15]
	at com.ctc.wstx.sr.StreamScanner.constructWfcException(StreamScanner.java:606)
	at com.ctc.wstx.sr.StreamScanner.throwParseError(StreamScanner.java:479)
	at com.ctc.wstx.sr.InputElementStack.resolveAndValidateElement(InputElementStack.java:507)
	at com.ctc.wstx.sr.BasicStreamReader.handleStartElem(BasicStreamReader.java:2977)
	at com.ctc.wstx.sr.BasicStreamReader.handleRootElem(BasicStreamReader.java:2098)
	at com.ctc.wstx.sr.BasicStreamReader.nextFromProlog(BasicStreamReader.java:2078)
	at com.ctc.wstx.sr.BasicStreamReader.next(BasicStreamReader.java:1134)
	at org.apache.axiom.util.stax.wrapper.XMLStreamReaderWrapper.next(XMLStreamReaderWrapper.java:225)
	at org.apache.axiom.util.stax.dialect.DisallowDoctypeDeclStreamReaderWrapper.next(DisallowDoctypeDeclStreamReaderWrapper.java:34)
	at org.apache.axiom.om.impl.builder.StAXOMBuilder.parserNext(StAXOMBuilder.java:681)
	at org.apache.axiom.om.impl.builder.StAXOMBuilder.next(StAXOMBuilder.java:214)
	... 28 more
2019-01-14 16:49:04,955 [-] [PassThroughMessageProcessor-15]  WARN __SynapseService Executing fault handler due to exception encountered
2019-01-14 16:49:04,955 [-] [PassThroughMessageProcessor-15]  WARN __SynapseService ERROR_CODE : 0 ERROR_MESSAGE : Error while building message
2019-01-14 16:49:04,955 [-] [PassThroughMessageProcessor-15]  WARN __SynapseService Executing fault sequence mediator : fault
2019-01-14 16:49:04,955 [-] [PassThroughMessageProcessor-15]  INFO __SynapseService STATUS = Executing default 'fault' sequence, ERROR_CODE = 0, ERROR_MESSAGE = Error while building message
2019-01-14 16:49:21,601 [-] [PassThroughMessageProcessor-16]  INFO __SynapseService STATUS = Message dispatched to the main sequence. Invalid URL., RESOURCE = /calc/1.0.0/add?intA=4&intB=10
2019-01-14 16:49:21,605 [-] [PassThroughMessageProcessor-16] ERROR __SynapseService Error while building message
org.apache.axis2.AxisFault: Error while building Passthrough stream
	at org.apache.synapse.transport.passthru.util.RelayUtils.handleException(RelayUtils.java:287)
	at org.apache.synapse.transport.passthru.util.RelayUtils.builldMessage(RelayUtils.java:146)
	at org.apache.synapse.transport.passthru.util.RelayUtils.buildMessage(RelayUtils.java:100)
	at org.apache.synapse.mediators.AbstractListMediator.buildMessage(AbstractListMediator.java:127)
	at org.apache.synapse.mediators.AbstractListMediator.mediate(AbstractListMediator.java:81)
	at org.apache.synapse.mediators.AbstractListMediator.mediate(AbstractListMediator.java:57)
	at org.apache.synapse.config.xml.AnonymousListMediator.mediate(AnonymousListMediator.java:37)
	at org.apache.synapse.mediators.filters.FilterMediator.mediate(FilterMediator.java:203)
	at org.apache.synapse.mediators.AbstractListMediator.mediate(AbstractListMediator.java:95)
	at org.apache.synapse.mediators.AbstractListMediator.mediate(AbstractListMediator.java:57)
	at org.apache.synapse.mediators.filters.InMediator.mediate(InMediator.java:74)
	at org.apache.synapse.mediators.AbstractListMediator.mediate(AbstractListMediator.java:95)
	at org.apache.synapse.mediators.AbstractListMediator.mediate(AbstractListMediator.java:57)
	at org.apache.synapse.mediators.base.SequenceMediator.mediate(SequenceMediator.java:158)
	at org.apache.synapse.core.axis2.Axis2SynapseEnvironment.injectMessage(Axis2SynapseEnvironment.java:310)
	at org.apache.synapse.core.axis2.SynapseMessageReceiver.receive(SynapseMessageReceiver.java:75)
	at org.apache.axis2.engine.AxisEngine.receive(AxisEngine.java:180)
	at org.apache.synapse.transport.passthru.ServerWorker.processNonEntityEnclosingRESTHandler(ServerWorker.java:319)
	at org.apache.synapse.transport.passthru.ServerWorker.processEntityEnclosingRequest(ServerWorker.java:365)
	at org.apache.synapse.transport.passthru.ServerWorker.run(ServerWorker.java:145)
	at org.apache.axis2.transport.base.threads.NativeWorkerPool$1.run(NativeWorkerPool.java:172)
	at java.util.concurrent.ThreadPoolExecutor.runWorker(ThreadPoolExecutor.java:1149)
	at java.util.concurrent.ThreadPoolExecutor$Worker.run(ThreadPoolExecutor.java:624)
	at java.lang.Thread.run(Thread.java:748)
Caused by: org.apache.axiom.om.OMException: com.ctc.wstx.exc.WstxParsingException: Undeclared namespace prefix "tem"
 at [row,col {unknown-source}]: [2,15]
	at org.apache.axiom.om.impl.builder.StAXOMBuilder.next(StAXOMBuilder.java:296)
	at org.apache.axiom.om.impl.llom.OMDocumentImpl.getOMDocumentElement(OMDocumentImpl.java:109)
	at org.apache.axiom.om.impl.builder.StAXOMBuilder.getDocumentElement(StAXOMBuilder.java:570)
	at org.apache.axiom.om.impl.builder.StAXOMBuilder.getDocumentElement(StAXOMBuilder.java:566)
	at org.apache.axis2.builder.ApplicationXMLBuilder.processDocument(ApplicationXMLBuilder.java:81)
	at org.apache.synapse.transport.passthru.util.DeferredMessageBuilder.getDocument(DeferredMessageBuilder.java:148)
	at org.apache.synapse.transport.passthru.util.RelayUtils.builldMessage(RelayUtils.java:137)
	... 22 more
Caused by: com.ctc.wstx.exc.WstxParsingException: Undeclared namespace prefix "tem"
 at [row,col {unknown-source}]: [2,15]
	at com.ctc.wstx.sr.StreamScanner.constructWfcException(StreamScanner.java:606)
	at com.ctc.wstx.sr.StreamScanner.throwParseError(StreamScanner.java:479)
	at com.ctc.wstx.sr.InputElementStack.resolveAndValidateElement(InputElementStack.java:507)
	at com.ctc.wstx.sr.BasicStreamReader.handleStartElem(BasicStreamReader.java:2977)
	at com.ctc.wstx.sr.BasicStreamReader.handleRootElem(BasicStreamReader.java:2098)
	at com.ctc.wstx.sr.BasicStreamReader.nextFromProlog(BasicStreamReader.java:2078)
	at com.ctc.wstx.sr.BasicStreamReader.next(BasicStreamReader.java:1134)
	at org.apache.axiom.util.stax.wrapper.XMLStreamReaderWrapper.next(XMLStreamReaderWrapper.java:225)
	at org.apache.axiom.util.stax.dialect.DisallowDoctypeDeclStreamReaderWrapper.next(DisallowDoctypeDeclStreamReaderWrapper.java:34)
	at org.apache.axiom.om.impl.builder.StAXOMBuilder.parserNext(StAXOMBuilder.java:681)
	at org.apache.axiom.om.impl.builder.StAXOMBuilder.next(StAXOMBuilder.java:214)
	... 28 more
2019-01-14 16:49:21,605 [-] [PassThroughMessageProcessor-16]  WARN __SynapseService Executing fault handler due to exception encountered
2019-01-14 16:49:21,605 [-] [PassThroughMessageProcessor-16]  WARN __SynapseService ERROR_CODE : 0 ERROR_MESSAGE : Error while building message
2019-01-14 16:49:21,605 [-] [PassThroughMessageProcessor-16]  WARN __SynapseService Executing fault sequence mediator : fault
2019-01-14 16:49:21,606 [-] [PassThroughMessageProcessor-16]  INFO __SynapseService STATUS = Executing default 'fault' sequence, ERROR_CODE = 0, ERROR_MESSAGE = Error while building message
2019-01-14 16:49:22,322 [-] [PassThroughMessageProcessor-17]  INFO __SynapseService STATUS = Message dispatched to the main sequence. Invalid URL., RESOURCE = /calc/1.0.0/add?intA=4&intB=10
2019-01-14 16:49:22,325 [-] [PassThroughMessageProcessor-17] ERROR __SynapseService Error while building message
org.apache.axis2.AxisFault: Error while building Passthrough stream
	at org.apache.synapse.transport.passthru.util.RelayUtils.handleException(RelayUtils.java:287)
	at org.apache.synapse.transport.passthru.util.RelayUtils.builldMessage(RelayUtils.java:146)
	at org.apache.synapse.transport.passthru.util.RelayUtils.buildMessage(RelayUtils.java:100)
	at org.apache.synapse.mediators.AbstractListMediator.buildMessage(AbstractListMediator.java:127)
	at org.apache.synapse.mediators.AbstractListMediator.mediate(AbstractListMediator.java:81)
	at org.apache.synapse.mediators.AbstractListMediator.mediate(AbstractListMediator.java:57)
	at org.apache.synapse.config.xml.AnonymousListMediator.mediate(AnonymousListMediator.java:37)
	at org.apache.synapse.mediators.filters.FilterMediator.mediate(FilterMediator.java:203)
	at org.apache.synapse.mediators.AbstractListMediator.mediate(AbstractListMediator.java:95)
	at org.apache.synapse.mediators.AbstractListMediator.mediate(AbstractListMediator.java:57)
	at org.apache.synapse.mediators.filters.InMediator.mediate(InMediator.java:74)
	at org.apache.synapse.mediators.AbstractListMediator.mediate(AbstractListMediator.java:95)
	at org.apache.synapse.mediators.AbstractListMediator.mediate(AbstractListMediator.java:57)
	at org.apache.synapse.mediators.base.SequenceMediator.mediate(SequenceMediator.java:158)
	at org.apache.synapse.core.axis2.Axis2SynapseEnvironment.injectMessage(Axis2SynapseEnvironment.java:310)
	at org.apache.synapse.core.axis2.SynapseMessageReceiver.receive(SynapseMessageReceiver.java:75)
	at org.apache.axis2.engine.AxisEngine.receive(AxisEngine.java:180)
	at org.apache.synapse.transport.passthru.ServerWorker.processNonEntityEnclosingRESTHandler(ServerWorker.java:319)
	at org.apache.synapse.transport.passthru.ServerWorker.processEntityEnclosingRequest(ServerWorker.java:365)
	at org.apache.synapse.transport.passthru.ServerWorker.run(ServerWorker.java:145)
	at org.apache.axis2.transport.base.threads.NativeWorkerPool$1.run(NativeWorkerPool.java:172)
	at java.util.concurrent.ThreadPoolExecutor.runWorker(ThreadPoolExecutor.java:1149)
	at java.util.concurrent.ThreadPoolExecutor$Worker.run(ThreadPoolExecutor.java:624)
	at java.lang.Thread.run(Thread.java:748)
Caused by: org.apache.axiom.om.OMException: com.ctc.wstx.exc.WstxParsingException: Undeclared namespace prefix "tem"
 at [row,col {unknown-source}]: [2,15]
	at org.apache.axiom.om.impl.builder.StAXOMBuilder.next(StAXOMBuilder.java:296)
	at org.apache.axiom.om.impl.llom.OMDocumentImpl.getOMDocumentElement(OMDocumentImpl.java:109)
	at org.apache.axiom.om.impl.builder.StAXOMBuilder.getDocumentElement(StAXOMBuilder.java:570)
	at org.apache.axiom.om.impl.builder.StAXOMBuilder.getDocumentElement(StAXOMBuilder.java:566)
	at org.apache.axis2.builder.ApplicationXMLBuilder.processDocument(ApplicationXMLBuilder.java:81)
	at org.apache.synapse.transport.passthru.util.DeferredMessageBuilder.getDocument(DeferredMessageBuilder.java:148)
	at org.apache.synapse.transport.passthru.util.RelayUtils.builldMessage(RelayUtils.java:137)
	... 22 more
Caused by: com.ctc.wstx.exc.WstxParsingException: Undeclared namespace prefix "tem"
 at [row,col {unknown-source}]: [2,15]
	at com.ctc.wstx.sr.StreamScanner.constructWfcException(StreamScanner.java:606)
	at com.ctc.wstx.sr.StreamScanner.throwParseError(StreamScanner.java:479)
	at com.ctc.wstx.sr.InputElementStack.resolveAndValidateElement(InputElementStack.java:507)
	at com.ctc.wstx.sr.BasicStreamReader.handleStartElem(BasicStreamReader.java:2977)
	at com.ctc.wstx.sr.BasicStreamReader.handleRootElem(BasicStreamReader.java:2098)
	at com.ctc.wstx.sr.BasicStreamReader.nextFromProlog(BasicStreamReader.java:2078)
	at com.ctc.wstx.sr.BasicStreamReader.next(BasicStreamReader.java:1134)
	at org.apache.axiom.util.stax.wrapper.XMLStreamReaderWrapper.next(XMLStreamReaderWrapper.java:225)
	at org.apache.axiom.util.stax.dialect.DisallowDoctypeDeclStreamReaderWrapper.next(DisallowDoctypeDeclStreamReaderWrapper.java:34)
	at org.apache.axiom.om.impl.builder.StAXOMBuilder.parserNext(StAXOMBuilder.java:681)
	at org.apache.axiom.om.impl.builder.StAXOMBuilder.next(StAXOMBuilder.java:214)
	... 28 more
2019-01-14 16:49:22,326 [-] [PassThroughMessageProcessor-17]  WARN __SynapseService Executing fault handler due to exception encountered
2019-01-14 16:49:22,326 [-] [PassThroughMessageProcessor-17]  WARN __SynapseService ERROR_CODE : 0 ERROR_MESSAGE : Error while building message
2019-01-14 16:49:22,326 [-] [PassThroughMessageProcessor-17]  WARN __SynapseService Executing fault sequence mediator : fault
2019-01-14 16:49:22,326 [-] [PassThroughMessageProcessor-17]  INFO __SynapseService STATUS = Executing default 'fault' sequence, ERROR_CODE = 0, ERROR_MESSAGE = Error while building message
2019-01-14 16:49:23,222 [-] [PassThroughMessageProcessor-18]  INFO __SynapseService STATUS = Message dispatched to the main sequence. Invalid URL., RESOURCE = /calc/1.0.0/add?intA=4&intB=10
2019-01-14 16:49:23,225 [-] [PassThroughMessageProcessor-18] ERROR __SynapseService Error while building message
org.apache.axis2.AxisFault: Error while building Passthrough stream
	at org.apache.synapse.transport.passthru.util.RelayUtils.handleException(RelayUtils.java:287)
	at org.apache.synapse.transport.passthru.util.RelayUtils.builldMessage(RelayUtils.java:146)
	at org.apache.synapse.transport.passthru.util.RelayUtils.buildMessage(RelayUtils.java:100)
	at org.apache.synapse.mediators.AbstractListMediator.buildMessage(AbstractListMediator.java:127)
	at org.apache.synapse.mediators.AbstractListMediator.mediate(AbstractListMediator.java:81)
	at org.apache.synapse.mediators.AbstractListMediator.mediate(AbstractListMediator.java:57)
	at org.apache.synapse.config.xml.AnonymousListMediator.mediate(AnonymousListMediator.java:37)
	at org.apache.synapse.mediators.filters.FilterMediator.mediate(FilterMediator.java:203)
	at org.apache.synapse.mediators.AbstractListMediator.mediate(AbstractListMediator.java:95)
	at org.apache.synapse.mediators.AbstractListMediator.mediate(AbstractListMediator.java:57)
	at org.apache.synapse.mediators.filters.InMediator.mediate(InMediator.java:74)
	at org.apache.synapse.mediators.AbstractListMediator.mediate(AbstractListMediator.java:95)
	at org.apache.synapse.mediators.AbstractListMediator.mediate(AbstractListMediator.java:57)
	at org.apache.synapse.mediators.base.SequenceMediator.mediate(SequenceMediator.java:158)
	at org.apache.synapse.core.axis2.Axis2SynapseEnvironment.injectMessage(Axis2SynapseEnvironment.java:310)
	at org.apache.synapse.core.axis2.SynapseMessageReceiver.receive(SynapseMessageReceiver.java:75)
	at org.apache.axis2.engine.AxisEngine.receive(AxisEngine.java:180)
	at org.apache.synapse.transport.passthru.ServerWorker.processNonEntityEnclosingRESTHandler(ServerWorker.java:319)
	at org.apache.synapse.transport.passthru.ServerWorker.processEntityEnclosingRequest(ServerWorker.java:365)
	at org.apache.synapse.transport.passthru.ServerWorker.run(ServerWorker.java:145)
	at org.apache.axis2.transport.base.threads.NativeWorkerPool$1.run(NativeWorkerPool.java:172)
	at java.util.concurrent.ThreadPoolExecutor.runWorker(ThreadPoolExecutor.java:1149)
	at java.util.concurrent.ThreadPoolExecutor$Worker.run(ThreadPoolExecutor.java:624)
	at java.lang.Thread.run(Thread.java:748)
Caused by: org.apache.axiom.om.OMException: com.ctc.wstx.exc.WstxParsingException: Undeclared namespace prefix "tem"
 at [row,col {unknown-source}]: [2,15]
	at org.apache.axiom.om.impl.builder.StAXOMBuilder.next(StAXOMBuilder.java:296)
	at org.apache.axiom.om.impl.llom.OMDocumentImpl.getOMDocumentElement(OMDocumentImpl.java:109)
	at org.apache.axiom.om.impl.builder.StAXOMBuilder.getDocumentElement(StAXOMBuilder.java:570)
	at org.apache.axiom.om.impl.builder.StAXOMBuilder.getDocumentElement(StAXOMBuilder.java:566)
	at org.apache.axis2.builder.ApplicationXMLBuilder.processDocument(ApplicationXMLBuilder.java:81)
	at org.apache.synapse.transport.passthru.util.DeferredMessageBuilder.getDocument(DeferredMessageBuilder.java:148)
	at org.apache.synapse.transport.passthru.util.RelayUtils.builldMessage(RelayUtils.java:137)
	... 22 more
Caused by: com.ctc.wstx.exc.WstxParsingException: Undeclared namespace prefix "tem"
 at [row,col {unknown-source}]: [2,15]
	at com.ctc.wstx.sr.StreamScanner.constructWfcException(StreamScanner.java:606)
	at com.ctc.wstx.sr.StreamScanner.throwParseError(StreamScanner.java:479)
	at com.ctc.wstx.sr.InputElementStack.resolveAndValidateElement(InputElementStack.java:507)
	at com.ctc.wstx.sr.BasicStreamReader.handleStartElem(BasicStreamReader.java:2977)
	at com.ctc.wstx.sr.BasicStreamReader.handleRootElem(BasicStreamReader.java:2098)
	at com.ctc.wstx.sr.BasicStreamReader.nextFromProlog(BasicStreamReader.java:2078)
	at com.ctc.wstx.sr.BasicStreamReader.next(BasicStreamReader.java:1134)
	at org.apache.axiom.util.stax.wrapper.XMLStreamReaderWrapper.next(XMLStreamReaderWrapper.java:225)
	at org.apache.axiom.util.stax.dialect.DisallowDoctypeDeclStreamReaderWrapper.next(DisallowDoctypeDeclStreamReaderWrapper.java:34)
	at org.apache.axiom.om.impl.builder.StAXOMBuilder.parserNext(StAXOMBuilder.java:681)
	at org.apache.axiom.om.impl.builder.StAXOMBuilder.next(StAXOMBuilder.java:214)
	... 28 more
2019-01-14 16:49:23,226 [-] [PassThroughMessageProcessor-18]  WARN __SynapseService Executing fault handler due to exception encountered
2019-01-14 16:49:23,226 [-] [PassThroughMessageProcessor-18]  WARN __SynapseService ERROR_CODE : 0 ERROR_MESSAGE : Error while building message
2019-01-14 16:49:23,226 [-] [PassThroughMessageProcessor-18]  WARN __SynapseService Executing fault sequence mediator : fault
2019-01-14 16:49:23,226 [-] [PassThroughMessageProcessor-18]  INFO __SynapseService STATUS = Executing default 'fault' sequence, ERROR_CODE = 0, ERROR_MESSAGE = Error while building message
2019-01-14 16:49:23,782 [-] [PassThroughMessageProcessor-19]  INFO __SynapseService STATUS = Message dispatched to the main sequence. Invalid URL., RESOURCE = /calc/1.0.0/add?intA=4&intB=10
2019-01-14 16:49:23,788 [-] [PassThroughMessageProcessor-19] ERROR __SynapseService Error while building message
org.apache.axis2.AxisFault: Error while building Passthrough stream
	at org.apache.synapse.transport.passthru.util.RelayUtils.handleException(RelayUtils.java:287)
	at org.apache.synapse.transport.passthru.util.RelayUtils.builldMessage(RelayUtils.java:146)
	at org.apache.synapse.transport.passthru.util.RelayUtils.buildMessage(RelayUtils.java:100)
	at org.apache.synapse.mediators.AbstractListMediator.buildMessage(AbstractListMediator.java:127)
	at org.apache.synapse.mediators.AbstractListMediator.mediate(AbstractListMediator.java:81)
	at org.apache.synapse.mediators.AbstractListMediator.mediate(AbstractListMediator.java:57)
	at org.apache.synapse.config.xml.AnonymousListMediator.mediate(AnonymousListMediator.java:37)
	at org.apache.synapse.mediators.filters.FilterMediator.mediate(FilterMediator.java:203)
	at org.apache.synapse.mediators.AbstractListMediator.mediate(AbstractListMediator.java:95)
	at org.apache.synapse.mediators.AbstractListMediator.mediate(AbstractListMediator.java:57)
	at org.apache.synapse.mediators.filters.InMediator.mediate(InMediator.java:74)
	at org.apache.synapse.mediators.AbstractListMediator.mediate(AbstractListMediator.java:95)
	at org.apache.synapse.mediators.AbstractListMediator.mediate(AbstractListMediator.java:57)
	at org.apache.synapse.mediators.base.SequenceMediator.mediate(SequenceMediator.java:158)
	at org.apache.synapse.core.axis2.Axis2SynapseEnvironment.injectMessage(Axis2SynapseEnvironment.java:310)
	at org.apache.synapse.core.axis2.SynapseMessageReceiver.receive(SynapseMessageReceiver.java:75)
	at org.apache.axis2.engine.AxisEngine.receive(AxisEngine.java:180)
	at org.apache.synapse.transport.passthru.ServerWorker.processNonEntityEnclosingRESTHandler(ServerWorker.java:319)
	at org.apache.synapse.transport.passthru.ServerWorker.processEntityEnclosingRequest(ServerWorker.java:365)
	at org.apache.synapse.transport.passthru.ServerWorker.run(ServerWorker.java:145)
	at org.apache.axis2.transport.base.threads.NativeWorkerPool$1.run(NativeWorkerPool.java:172)
	at java.util.concurrent.ThreadPoolExecutor.runWorker(ThreadPoolExecutor.java:1149)
	at java.util.concurrent.ThreadPoolExecutor$Worker.run(ThreadPoolExecutor.java:624)
	at java.lang.Thread.run(Thread.java:748)
Caused by: org.apache.axiom.om.OMException: com.ctc.wstx.exc.WstxParsingException: Undeclared namespace prefix "tem"
 at [row,col {unknown-source}]: [2,15]
	at org.apache.axiom.om.impl.builder.StAXOMBuilder.next(StAXOMBuilder.java:296)
	at org.apache.axiom.om.impl.llom.OMDocumentImpl.getOMDocumentElement(OMDocumentImpl.java:109)
	at org.apache.axiom.om.impl.builder.StAXOMBuilder.getDocumentElement(StAXOMBuilder.java:570)
	at org.apache.axiom.om.impl.builder.StAXOMBuilder.getDocumentElement(StAXOMBuilder.java:566)
	at org.apache.axis2.builder.ApplicationXMLBuilder.processDocument(ApplicationXMLBuilder.java:81)
	at org.apache.synapse.transport.passthru.util.DeferredMessageBuilder.getDocument(DeferredMessageBuilder.java:148)
	at org.apache.synapse.transport.passthru.util.RelayUtils.builldMessage(RelayUtils.java:137)
	... 22 more
Caused by: com.ctc.wstx.exc.WstxParsingException: Undeclared namespace prefix "tem"
 at [row,col {unknown-source}]: [2,15]
	at com.ctc.wstx.sr.StreamScanner.constructWfcException(StreamScanner.java:606)
	at com.ctc.wstx.sr.StreamScanner.throwParseError(StreamScanner.java:479)
	at com.ctc.wstx.sr.InputElementStack.resolveAndValidateElement(InputElementStack.java:507)
	at com.ctc.wstx.sr.BasicStreamReader.handleStartElem(BasicStreamReader.java:2977)
	at com.ctc.wstx.sr.BasicStreamReader.handleRootElem(BasicStreamReader.java:2098)
	at com.ctc.wstx.sr.BasicStreamReader.nextFromProlog(BasicStreamReader.java:2078)
	at com.ctc.wstx.sr.BasicStreamReader.next(BasicStreamReader.java:1134)
	at org.apache.axiom.util.stax.wrapper.XMLStreamReaderWrapper.next(XMLStreamReaderWrapper.java:225)
	at org.apache.axiom.util.stax.dialect.DisallowDoctypeDeclStreamReaderWrapper.next(DisallowDoctypeDeclStreamReaderWrapper.java:34)
	at org.apache.axiom.om.impl.builder.StAXOMBuilder.parserNext(StAXOMBuilder.java:681)
	at org.apache.axiom.om.impl.builder.StAXOMBuilder.next(StAXOMBuilder.java:214)
	... 28 more
2019-01-14 16:49:23,789 [-] [PassThroughMessageProcessor-19]  WARN __SynapseService Executing fault handler due to exception encountered
2019-01-14 16:49:23,789 [-] [PassThroughMessageProcessor-19]  WARN __SynapseService ERROR_CODE : 0 ERROR_MESSAGE : Error while building message
2019-01-14 16:49:23,789 [-] [PassThroughMessageProcessor-19]  WARN __SynapseService Executing fault sequence mediator : fault
2019-01-14 16:49:23,789 [-] [PassThroughMessageProcessor-19]  INFO __SynapseService STATUS = Executing default 'fault' sequence, ERROR_CODE = 0, ERROR_MESSAGE = Error while building message
2019-01-14 16:49:24,247 [-] [PassThroughMessageProcessor-20]  INFO __SynapseService STATUS = Message dispatched to the main sequence. Invalid URL., RESOURCE = /calc/1.0.0/add?intA=4&intB=10
2019-01-14 16:49:24,250 [-] [PassThroughMessageProcessor-20] ERROR __SynapseService Error while building message
org.apache.axis2.AxisFault: Error while building Passthrough stream
	at org.apache.synapse.transport.passthru.util.RelayUtils.handleException(RelayUtils.java:287)
	at org.apache.synapse.transport.passthru.util.RelayUtils.builldMessage(RelayUtils.java:146)
	at org.apache.synapse.transport.passthru.util.RelayUtils.buildMessage(RelayUtils.java:100)
	at org.apache.synapse.mediators.AbstractListMediator.buildMessage(AbstractListMediator.java:127)
	at org.apache.synapse.mediators.AbstractListMediator.mediate(AbstractListMediator.java:81)
	at org.apache.synapse.mediators.AbstractListMediator.mediate(AbstractListMediator.java:57)
	at org.apache.synapse.config.xml.AnonymousListMediator.mediate(AnonymousListMediator.java:37)
	at org.apache.synapse.mediators.filters.FilterMediator.mediate(FilterMediator.java:203)
	at org.apache.synapse.mediators.AbstractListMediator.mediate(AbstractListMediator.java:95)
	at org.apache.synapse.mediators.AbstractListMediator.mediate(AbstractListMediator.java:57)
	at org.apache.synapse.mediators.filters.InMediator.mediate(InMediator.java:74)
	at org.apache.synapse.mediators.AbstractListMediator.mediate(AbstractListMediator.java:95)
	at org.apache.synapse.mediators.AbstractListMediator.mediate(AbstractListMediator.java:57)
	at org.apache.synapse.mediators.base.SequenceMediator.mediate(SequenceMediator.java:158)
	at org.apache.synapse.core.axis2.Axis2SynapseEnvironment.injectMessage(Axis2SynapseEnvironment.java:310)
	at org.apache.synapse.core.axis2.SynapseMessageReceiver.receive(SynapseMessageReceiver.java:75)
	at org.apache.axis2.engine.AxisEngine.receive(AxisEngine.java:180)
	at org.apache.synapse.transport.passthru.ServerWorker.processNonEntityEnclosingRESTHandler(ServerWorker.java:319)
	at org.apache.synapse.transport.passthru.ServerWorker.processEntityEnclosingRequest(ServerWorker.java:365)
	at org.apache.synapse.transport.passthru.ServerWorker.run(ServerWorker.java:145)
	at org.apache.axis2.transport.base.threads.NativeWorkerPool$1.run(NativeWorkerPool.java:172)
	at java.util.concurrent.ThreadPoolExecutor.runWorker(ThreadPoolExecutor.java:1149)
	at java.util.concurrent.ThreadPoolExecutor$Worker.run(ThreadPoolExecutor.java:624)
	at java.lang.Thread.run(Thread.java:748)
Caused by: org.apache.axiom.om.OMException: com.ctc.wstx.exc.WstxParsingException: Undeclared namespace prefix "tem"
 at [row,col {unknown-source}]: [2,15]
	at org.apache.axiom.om.impl.builder.StAXOMBuilder.next(StAXOMBuilder.java:296)
	at org.apache.axiom.om.impl.llom.OMDocumentImpl.getOMDocumentElement(OMDocumentImpl.java:109)
	at org.apache.axiom.om.impl.builder.StAXOMBuilder.getDocumentElement(StAXOMBuilder.java:570)
	at org.apache.axiom.om.impl.builder.StAXOMBuilder.getDocumentElement(StAXOMBuilder.java:566)
	at org.apache.axis2.builder.ApplicationXMLBuilder.processDocument(ApplicationXMLBuilder.java:81)
	at org.apache.synapse.transport.passthru.util.DeferredMessageBuilder.getDocument(DeferredMessageBuilder.java:148)
	at org.apache.synapse.transport.passthru.util.RelayUtils.builldMessage(RelayUtils.java:137)
	... 22 more
Caused by: com.ctc.wstx.exc.WstxParsingException: Undeclared namespace prefix "tem"
 at [row,col {unknown-source}]: [2,15]
	at com.ctc.wstx.sr.StreamScanner.constructWfcException(StreamScanner.java:606)
	at com.ctc.wstx.sr.StreamScanner.throwParseError(StreamScanner.java:479)
	at com.ctc.wstx.sr.InputElementStack.resolveAndValidateElement(InputElementStack.java:507)
	at com.ctc.wstx.sr.BasicStreamReader.handleStartElem(BasicStreamReader.java:2977)
	at com.ctc.wstx.sr.BasicStreamReader.handleRootElem(BasicStreamReader.java:2098)
	at com.ctc.wstx.sr.BasicStreamReader.nextFromProlog(BasicStreamReader.java:2078)
	at com.ctc.wstx.sr.BasicStreamReader.next(BasicStreamReader.java:1134)
	at org.apache.axiom.util.stax.wrapper.XMLStreamReaderWrapper.next(XMLStreamReaderWrapper.java:225)
	at org.apache.axiom.util.stax.dialect.DisallowDoctypeDeclStreamReaderWrapper.next(DisallowDoctypeDeclStreamReaderWrapper.java:34)
	at org.apache.axiom.om.impl.builder.StAXOMBuilder.parserNext(StAXOMBuilder.java:681)
	at org.apache.axiom.om.impl.builder.StAXOMBuilder.next(StAXOMBuilder.java:214)
	... 28 more
2019-01-14 16:49:24,250 [-] [PassThroughMessageProcessor-20]  WARN __SynapseService Executing fault handler due to exception encountered
2019-01-14 16:49:24,250 [-] [PassThroughMessageProcessor-20]  WARN __SynapseService ERROR_CODE : 0 ERROR_MESSAGE : Error while building message
2019-01-14 16:49:24,251 [-] [PassThroughMessageProcessor-20]  WARN __SynapseService Executing fault sequence mediator : fault
2019-01-14 16:49:24,251 [-] [PassThroughMessageProcessor-20]  INFO __SynapseService STATUS = Executing default 'fault' sequence, ERROR_CODE = 0, ERROR_MESSAGE = Error while building message
2019-01-14 16:49:24,401 [-] [PassThroughMessageProcessor-21]  INFO __SynapseService STATUS = Message dispatched to the main sequence. Invalid URL., RESOURCE = /calc/1.0.0/add?intA=4&intB=10
2019-01-14 16:49:24,403 [-] [PassThroughMessageProcessor-21] ERROR __SynapseService Error while building message
org.apache.axis2.AxisFault: Error while building Passthrough stream
	at org.apache.synapse.transport.passthru.util.RelayUtils.handleException(RelayUtils.java:287)
	at org.apache.synapse.transport.passthru.util.RelayUtils.builldMessage(RelayUtils.java:146)
	at org.apache.synapse.transport.passthru.util.RelayUtils.buildMessage(RelayUtils.java:100)
	at org.apache.synapse.mediators.AbstractListMediator.buildMessage(AbstractListMediator.java:127)
	at org.apache.synapse.mediators.AbstractListMediator.mediate(AbstractListMediator.java:81)
	at org.apache.synapse.mediators.AbstractListMediator.mediate(AbstractListMediator.java:57)
	at org.apache.synapse.config.xml.AnonymousListMediator.mediate(AnonymousListMediator.java:37)
	at org.apache.synapse.mediators.filters.FilterMediator.mediate(FilterMediator.java:203)
	at org.apache.synapse.mediators.AbstractListMediator.mediate(AbstractListMediator.java:95)
	at org.apache.synapse.mediators.AbstractListMediator.mediate(AbstractListMediator.java:57)
	at org.apache.synapse.mediators.filters.InMediator.mediate(InMediator.java:74)
	at org.apache.synapse.mediators.AbstractListMediator.mediate(AbstractListMediator.java:95)
	at org.apache.synapse.mediators.AbstractListMediator.mediate(AbstractListMediator.java:57)
	at org.apache.synapse.mediators.base.SequenceMediator.mediate(SequenceMediator.java:158)
	at org.apache.synapse.core.axis2.Axis2SynapseEnvironment.injectMessage(Axis2SynapseEnvironment.java:310)
	at org.apache.synapse.core.axis2.SynapseMessageReceiver.receive(SynapseMessageReceiver.java:75)
	at org.apache.axis2.engine.AxisEngine.receive(AxisEngine.java:180)
	at org.apache.synapse.transport.passthru.ServerWorker.processNonEntityEnclosingRESTHandler(ServerWorker.java:319)
	at org.apache.synapse.transport.passthru.ServerWorker.processEntityEnclosingRequest(ServerWorker.java:365)
	at org.apache.synapse.transport.passthru.ServerWorker.run(ServerWorker.java:145)
	at org.apache.axis2.transport.base.threads.NativeWorkerPool$1.run(NativeWorkerPool.java:172)
	at java.util.concurrent.ThreadPoolExecutor.runWorker(ThreadPoolExecutor.java:1149)
	at java.util.concurrent.ThreadPoolExecutor$Worker.run(ThreadPoolExecutor.java:624)
	at java.lang.Thread.run(Thread.java:748)
Caused by: org.apache.axiom.om.OMException: com.ctc.wstx.exc.WstxParsingException: Undeclared namespace prefix "tem"
 at [row,col {unknown-source}]: [2,15]
	at org.apache.axiom.om.impl.builder.StAXOMBuilder.next(StAXOMBuilder.java:296)
	at org.apache.axiom.om.impl.llom.OMDocumentImpl.getOMDocumentElement(OMDocumentImpl.java:109)
	at org.apache.axiom.om.impl.builder.StAXOMBuilder.getDocumentElement(StAXOMBuilder.java:570)
	at org.apache.axiom.om.impl.builder.StAXOMBuilder.getDocumentElement(StAXOMBuilder.java:566)
	at org.apache.axis2.builder.ApplicationXMLBuilder.processDocument(ApplicationXMLBuilder.java:81)
	at org.apache.synapse.transport.passthru.util.DeferredMessageBuilder.getDocument(DeferredMessageBuilder.java:148)
	at org.apache.synapse.transport.passthru.util.RelayUtils.builldMessage(RelayUtils.java:137)
	... 22 more
Caused by: com.ctc.wstx.exc.WstxParsingException: Undeclared namespace prefix "tem"
 at [row,col {unknown-source}]: [2,15]
	at com.ctc.wstx.sr.StreamScanner.constructWfcException(StreamScanner.java:606)
	at com.ctc.wstx.sr.StreamScanner.throwParseError(StreamScanner.java:479)
	at com.ctc.wstx.sr.InputElementStack.resolveAndValidateElement(InputElementStack.java:507)
	at com.ctc.wstx.sr.BasicStreamReader.handleStartElem(BasicStreamReader.java:2977)
	at com.ctc.wstx.sr.BasicStreamReader.handleRootElem(BasicStreamReader.java:2098)
	at com.ctc.wstx.sr.BasicStreamReader.nextFromProlog(BasicStreamReader.java:2078)
	at com.ctc.wstx.sr.BasicStreamReader.next(BasicStreamReader.java:1134)
	at org.apache.axiom.util.stax.wrapper.XMLStreamReaderWrapper.next(XMLStreamReaderWrapper.java:225)
	at org.apache.axiom.util.stax.dialect.DisallowDoctypeDeclStreamReaderWrapper.next(DisallowDoctypeDeclStreamReaderWrapper.java:34)
	at org.apache.axiom.om.impl.builder.StAXOMBuilder.parserNext(StAXOMBuilder.java:681)
	at org.apache.axiom.om.impl.builder.StAXOMBuilder.next(StAXOMBuilder.java:214)
	... 28 more
2019-01-14 16:49:24,404 [-] [PassThroughMessageProcessor-21]  WARN __SynapseService Executing fault handler due to exception encountered
2019-01-14 16:49:24,404 [-] [PassThroughMessageProcessor-21]  WARN __SynapseService ERROR_CODE : 0 ERROR_MESSAGE : Error while building message
2019-01-14 16:49:24,404 [-] [PassThroughMessageProcessor-21]  WARN __SynapseService Executing fault sequence mediator : fault
2019-01-14 16:49:24,404 [-] [PassThroughMessageProcessor-21]  INFO __SynapseService STATUS = Executing default 'fault' sequence, ERROR_CODE = 0, ERROR_MESSAGE = Error while building message
2019-01-14 17:11:11,116 [-] [PassThroughMessageProcessor-24]  INFO __SynapseService STATUS = Message dispatched to the main sequence. Invalid URL., RESOURCE = /calc/1.0.0/add?intA=4&intB=10
2019-01-14 17:24:06,487 [-] [localhost-startStop-1]  INFO WorkflowCallbackService Building Axis service for Proxy service : WorkflowCallbackService
2019-01-14 17:24:06,492 [-] [localhost-startStop-1]  INFO WorkflowCallbackService Adding service WorkflowCallbackService to the Axis2 configuration
2019-01-14 17:24:06,494 [-] [localhost-startStop-1]  INFO WorkflowCallbackService Successfully created the Axis2 service for Proxy service : WorkflowCallbackService
2019-01-14 17:31:44,985 [-] [localhost-startStop-1]  INFO WorkflowCallbackService Building Axis service for Proxy service : WorkflowCallbackService
2019-01-14 17:31:44,992 [-] [localhost-startStop-1]  INFO WorkflowCallbackService Adding service WorkflowCallbackService to the Axis2 configuration
2019-01-14 17:31:44,994 [-] [localhost-startStop-1]  INFO WorkflowCallbackService Successfully created the Axis2 service for Proxy service : WorkflowCallbackService
2019-01-14 17:41:37,321 [-] [localhost-startStop-1]  INFO WorkflowCallbackService Building Axis service for Proxy service : WorkflowCallbackService
2019-01-14 17:41:37,327 [-] [localhost-startStop-1]  INFO WorkflowCallbackService Adding service WorkflowCallbackService to the Axis2 configuration
2019-01-14 17:41:37,329 [-] [localhost-startStop-1]  INFO WorkflowCallbackService Successfully created the Axis2 service for Proxy service : WorkflowCallbackService
2019-01-15 10:04:04,693 [-] [localhost-startStop-1]  INFO WorkflowCallbackService Building Axis service for Proxy service : WorkflowCallbackService
2019-01-15 10:04:04,699 [-] [localhost-startStop-1]  INFO WorkflowCallbackService Adding service WorkflowCallbackService to the Axis2 configuration
2019-01-15 10:04:04,701 [-] [localhost-startStop-1]  INFO WorkflowCallbackService Successfully created the Axis2 service for Proxy service : WorkflowCallbackService
2019-01-15 10:08:34,092 [-] [localhost-startStop-1]  INFO WorkflowCallbackService Building Axis service for Proxy service : WorkflowCallbackService
2019-01-15 10:08:34,097 [-] [localhost-startStop-1]  INFO WorkflowCallbackService Adding service WorkflowCallbackService to the Axis2 configuration
2019-01-15 10:08:34,099 [-] [localhost-startStop-1]  INFO WorkflowCallbackService Successfully created the Axis2 service for Proxy service : WorkflowCallbackService
2019-01-15 10:47:44,523 [-] [localhost-startStop-1]  INFO WorkflowCallbackService Building Axis service for Proxy service : WorkflowCallbackService
2019-01-15 10:47:44,528 [-] [localhost-startStop-1]  INFO WorkflowCallbackService Adding service WorkflowCallbackService to the Axis2 configuration
2019-01-15 10:47:44,530 [-] [localhost-startStop-1]  INFO WorkflowCallbackService Successfully created the Axis2 service for Proxy service : WorkflowCallbackService
2019-01-15 10:58:19,314 [-] [localhost-startStop-1]  INFO WorkflowCallbackService Building Axis service for Proxy service : WorkflowCallbackService
2019-01-15 10:58:19,319 [-] [localhost-startStop-1]  INFO WorkflowCallbackService Adding service WorkflowCallbackService to the Axis2 configuration
2019-01-15 10:58:19,322 [-] [localhost-startStop-1]  INFO WorkflowCallbackService Successfully created the Axis2 service for Proxy service : WorkflowCallbackService
2019-01-15 11:25:23,069 [-] [localhost-startStop-1]  INFO WorkflowCallbackService Building Axis service for Proxy service : WorkflowCallbackService
2019-01-15 11:25:23,075 [-] [localhost-startStop-1]  INFO WorkflowCallbackService Adding service WorkflowCallbackService to the Axis2 configuration
2019-01-15 11:25:23,077 [-] [localhost-startStop-1]  INFO WorkflowCallbackService Successfully created the Axis2 service for Proxy service : WorkflowCallbackService
