TID: [-1] [] [2019-01-15 08:44:13,644]  INFO {org.wso2.andes.kernel.AndesRecoveryTask} -  Running DB sync task. {org.wso2.andes.kernel.AndesRecoveryTask}
TID: [-1234] [] [2019-01-15 08:52:00,777]  INFO {org.wso2.carbon.core.init.CarbonServerManager} -  Shutdown hook triggered.... {org.wso2.carbon.core.init.CarbonServerManager}
TID: [-1234] [] [2019-01-15 08:52:00,781]  INFO {org.wso2.carbon.core.init.CarbonServerManager} -  Gracefully shutting down WSO2 API Manager... {org.wso2.carbon.core.init.CarbonServerManager}
TID: [-1234] [] [2019-01-15 08:52:00,793]  INFO {org.wso2.carbon.core.ServerManagement} -  Starting to switch to maintenance mode... {org.wso2.carbon.core.ServerManagement}
TID: [-1234] [] [2019-01-15 08:52:00,797]  INFO {org.wso2.carbon.core.ServerManagement} -  Stopped all transport listeners {org.wso2.carbon.core.ServerManagement}
TID: [-1234] [] [2019-01-15 08:52:00,797]  INFO {org.wso2.carbon.core.ServerManagement} -  Waiting for request service completion... {org.wso2.carbon.core.ServerManagement}
TID: [-1234] [] [2019-01-15 08:52:00,804]  INFO {org.wso2.carbon.core.ServerManagement} -  All requests have been served. {org.wso2.carbon.core.ServerManagement}
TID: [-1234] [] [2019-01-15 08:52:00,804]  INFO {org.wso2.carbon.core.ServerManagement} -  Waiting for deployment completion... {org.wso2.carbon.core.ServerManagement}
TID: [-1234] [] [2019-01-15 08:52:00,818]  INFO {org.wso2.carbon.core.ServerManagement} -  All deployment tasks have been completed. {org.wso2.carbon.core.ServerManagement}
TID: [-1234] [] [2019-01-15 08:52:00,818]  INFO {org.wso2.carbon.core.ServerManagement} -  Waiting for server task completion... {org.wso2.carbon.core.ServerManagement}
TID: [-1234] [] [2019-01-15 08:52:00,858]  INFO {org.wso2.andes.kernel.FlowControlManager} -  Prepare channels for shutdown. {org.wso2.andes.kernel.FlowControlManager}
TID: [-1234] [] [2019-01-15 08:52:00,861]  INFO {org.wso2.andes.kernel.MessagingEngine} -  Stopping SlotDelivery Worker. {org.wso2.andes.kernel.MessagingEngine}
TID: [-1234] [] [2019-01-15 08:52:00,862]  INFO {org.wso2.andes.kernel.slot.SlotMessageCounter} -  Stopping slot timeout task executor {org.wso2.andes.kernel.slot.SlotMessageCounter}
TID: [-1234] [] [2019-01-15 08:52:00,933]  INFO {org.wso2.andes.server.registry.ApplicationRegistry} -  Shutting down ApplicationRegistry(org.wso2.andes.server.registry.ConfigurationFileApplicationRegistry@59bd5390) {org.wso2.andes.server.registry.ApplicationRegistry}
TID: [-1234] [] [2019-01-15 08:52:00,936]  INFO {org.wso2.andes.server.registry.ApplicationRegistry} -  Shutting down ApplicationRegistry:org.wso2.andes.server.registry.ConfigurationFileApplicationRegistry@59bd5390 {org.wso2.andes.server.registry.ApplicationRegistry}
TID: [-1234] [] [2019-01-15 08:52:00,945]  INFO {org.wso2.andes.server.security.auth.manager.PrincipalDatabaseAuthenticationManager} -  Unregistering UserManagementMBean {org.wso2.andes.server.security.auth.manager.PrincipalDatabaseAuthenticationManager}
TID: [-1234] [] [2019-01-15 08:52:00,950]  INFO {org.wso2.andes.server.cluster.ClusterManager} -  Clearing the Persisted State of Node with ID NODEMarcoss-MacBook-Pro.local/10.208.74.54 {org.wso2.andes.server.cluster.ClusterManager}
TID: [-1234] [] [2019-01-15 08:52:00,955]  INFO {org.wso2.andes.kernel.AndesKernelBoot} -  Stop syncing exchanges, queues, bindings and subscriptions... {org.wso2.andes.kernel.AndesKernelBoot}
TID: [-1234] [] [2019-01-15 08:52:00,960]  INFO {org.wso2.carbon.core.ServerManagement} -  All server tasks have been completed. {org.wso2.carbon.core.ServerManagement}
TID: [-1234] [] [2019-01-15 08:52:00,960]  INFO {org.wso2.carbon.core.init.CarbonServerManager} -  Shutting down WSO2 API Manager... {org.wso2.carbon.core.init.CarbonServerManager}
TID: [-1234] [] [2019-01-15 08:52:00,960]  INFO {org.wso2.carbon.core.init.CarbonServerManager} -  Shutting down OSGi framework... {org.wso2.carbon.core.init.CarbonServerManager}
TID: [-1234] [] [2019-01-15 08:52:01,033]  INFO {org.wso2.carbon.databridge.receiver.binary.internal.BinaryDataReceiverServiceComponent} -  Binary Data Receiver server shutting down... {org.wso2.carbon.databridge.receiver.binary.internal.BinaryDataReceiverServiceComponent}
TID: [-1234] [] [2019-01-15 08:52:01,033]  INFO {org.wso2.carbon.databridge.receiver.binary.internal.BinaryDataReceiver} -  Stopping Binary Server.. {org.wso2.carbon.databridge.receiver.binary.internal.BinaryDataReceiver}
TID: [-1234] [] [2019-01-15 08:52:01,040]  INFO {org.wso2.carbon.databridge.receiver.thrift.internal.ThriftDataReceiverDS} -  Thrift server shutting down... {org.wso2.carbon.databridge.receiver.thrift.internal.ThriftDataReceiverDS}
TID: [-1234] [] [2019-01-15 08:52:01,072]  INFO {org.wso2.carbon.event.receiver.core.EventReceiverDeployer} -  Event Receiver undeployed successfully: throttleWSO2EventReceiver.xml {org.wso2.carbon.event.receiver.core.EventReceiverDeployer}
TID: [-1234] [] [2019-01-15 08:52:01,080]  INFO {org.wso2.carbon.event.receiver.core.EventReceiverDeployer} -  Event receiver deployment held back and in inactive state: throttleWSO2EventReceiver.xml, waiting for Input Event Adapter dependency: wso2event {org.wso2.carbon.event.receiver.core.EventReceiverDeployer}
TID: [-1234] [] [2019-01-15 08:52:01,080]  INFO {org.wso2.carbon.event.receiver.core.internal.CarbonEventReceiverService} -  Event receiver : throttleWSO2EventReceiver in inactive state because dependency could not be found: wso2event {org.wso2.carbon.event.receiver.core.internal.CarbonEventReceiverService}
TID: [-1234] [] [2019-01-15 08:52:01,085]  INFO {org.wso2.carbon.event.publisher.core.EventPublisherDeployer} -  Event Publisher undeployed successfully : jmsEventPublisher.xml {org.wso2.carbon.event.publisher.core.EventPublisherDeployer}
TID: [-1234] [] [2019-01-15 08:52:01,089]  INFO {org.wso2.carbon.event.publisher.core.EventPublisherDeployer} -  Event Publisher deployment held back and in inactive state : jmsEventPublisher.xml, waiting for Output Event Adapter dependency : jms {org.wso2.carbon.event.publisher.core.EventPublisherDeployer}
TID: [-1234] [] [2019-01-15 08:52:01,089]  INFO {org.wso2.carbon.event.publisher.core.internal.CarbonEventPublisherService} -  Event publisher : jmsEventPublisher  is in inactive state because dependency could not be found : jms {org.wso2.carbon.event.publisher.core.internal.CarbonEventPublisherService}
TID: [-1234] [] [2019-01-15 08:52:01,140]  INFO {org.wso2.carbon.event.processor.core.internal.CarbonEventProcessorService} -  Successfully shutdown ExecutionPlans {org.wso2.carbon.event.processor.core.internal.CarbonEventProcessorService}
TID: [-1234] [] [2019-01-15 08:52:01,144]  INFO {org.wso2.carbon.core.init.CarbonServerManager} -  Stopping CarbonServerManager... {org.wso2.carbon.core.init.CarbonServerManager}
TID: [-1234] [] [2019-01-15 08:52:03,495]  INFO {org.wso2.carbon.tomcat.ext.internal.CarbonTomcatServiceComponent} -  Stopping the carbon web-app registered under : / {org.wso2.carbon.tomcat.ext.internal.CarbonTomcatServiceComponent}
TID: [-1234] [] [2019-01-15 08:52:03,519]  INFO {org.wso2.carbon.metrics.impl.reporter.AbstractReporter} -  Stopped JMX reporter for Metrics {org.wso2.carbon.metrics.impl.reporter.AbstractReporter}
TID: [-1234] [] [2019-01-15 08:52:03,520]  INFO {org.wso2.carbon.metrics.impl.reporter.AbstractReporter} -  Stopped JDBC reporter for Metrics {org.wso2.carbon.metrics.impl.reporter.AbstractReporter}
TID: [-1234] [] [2019-01-15 08:52:04,127]  INFO {org.wso2.carbon.core.init.CarbonServerManager} -  Shutdown complete {org.wso2.carbon.core.init.CarbonServerManager}
TID: [-1234] [] [2019-01-15 08:52:04,128]  INFO {org.wso2.carbon.core.init.CarbonServerManager} -  Halting JVM {org.wso2.carbon.core.init.CarbonServerManager}
TID: [-1] [] [2019-01-15 09:22:01,939]  INFO {org.wso2.andes.wso2.internal.QpidBundleActivator} -  Setting BundleContext in PluginManager {org.wso2.andes.wso2.internal.QpidBundleActivator}
TID: [-1234] [] [2019-01-15 09:22:02,828]  INFO {org.wso2.carbon.core.internal.CarbonCoreActivator} -  Starting WSO2 Carbon... {org.wso2.carbon.core.internal.CarbonCoreActivator}
TID: [-1234] [] [2019-01-15 09:22:02,828]  INFO {org.wso2.carbon.core.internal.CarbonCoreActivator} -  Operating System : Mac OS X 10.14.2, x86_64 {org.wso2.carbon.core.internal.CarbonCoreActivator}
TID: [-1234] [] [2019-01-15 09:22:02,828]  INFO {org.wso2.carbon.core.internal.CarbonCoreActivator} -  Java Home        : /Library/Java/JavaVirtualMachines/jdk1.8.0_151.jdk/Contents/Home/jre {org.wso2.carbon.core.internal.CarbonCoreActivator}
TID: [-1234] [] [2019-01-15 09:22:02,829]  INFO {org.wso2.carbon.core.internal.CarbonCoreActivator} -  Java Version     : 1.8.0_151 {org.wso2.carbon.core.internal.CarbonCoreActivator}
TID: [-1234] [] [2019-01-15 09:22:02,829]  INFO {org.wso2.carbon.core.internal.CarbonCoreActivator} -  Java VM          : Java HotSpot(TM) 64-Bit Server VM 25.151-b12,Oracle Corporation {org.wso2.carbon.core.internal.CarbonCoreActivator}
TID: [-1234] [] [2019-01-15 09:22:02,829]  INFO {org.wso2.carbon.core.internal.CarbonCoreActivator} -  Carbon Home      : /Library/WSO2/TrafficManager {org.wso2.carbon.core.internal.CarbonCoreActivator}
TID: [-1234] [] [2019-01-15 09:22:02,829]  INFO {org.wso2.carbon.core.internal.CarbonCoreActivator} -  Java Temp Dir    : /Library/WSO2/TrafficManager/tmp {org.wso2.carbon.core.internal.CarbonCoreActivator}
TID: [-1234] [] [2019-01-15 09:22:02,829]  INFO {org.wso2.carbon.core.internal.CarbonCoreActivator} -  User             : marcosmartinezhernandez, en-US, Europe/Madrid {org.wso2.carbon.core.internal.CarbonCoreActivator}
TID: [-1234] [] [2019-01-15 09:22:02,932]  WARN {org.wso2.carbon.core.bootup.validator.util.ValidationResultPrinter} -  Carbon is configured to use the default keystore (wso2carbon.jks). To maximize security when deploying to a production environment, configure a new keystore with a unique password in the production server profile. {org.wso2.carbon.core.bootup.validator.util.ValidationResultPrinter}
TID: [-1] [] [2019-01-15 09:22:03,167]  INFO {org.wso2.carbon.event.output.adapter.kafka.internal.ds.KafkaEventAdapterServiceDS} -  Successfully deployed the Kafka output event adaptor service {org.wso2.carbon.event.output.adapter.kafka.internal.ds.KafkaEventAdapterServiceDS}
TID: [-1] [] [2019-01-15 09:22:03,236]  INFO {org.wso2.carbon.event.processor.manager.core.internal.util.ManagementModeConfigurationLoader} -  CEP started in Single node mode {org.wso2.carbon.event.processor.manager.core.internal.util.ManagementModeConfigurationLoader}
TID: [-1] [] [2019-01-15 09:22:03,267]  INFO {org.wso2.carbon.event.template.manager.core.internal.ds.TemplateDeployerServiceTrackerDS} -  Successfully deployed the execution manager tracker service {org.wso2.carbon.event.template.manager.core.internal.ds.TemplateDeployerServiceTrackerDS}
TID: [-1234] [] [2019-01-15 09:22:04,370]  WARN {org.apache.tomcat.jdbc.pool.ConnectionPool} -  maxIdle is larger than maxActive, setting maxIdle to: 40 {org.apache.tomcat.jdbc.pool.ConnectionPool}
TID: [-1234] [] [2019-01-15 09:22:04,751]  INFO {org.wso2.carbon.databridge.receiver.binary.internal.BinaryDataReceiver} -  Started Binary SSL Transport on port : 9715 {org.wso2.carbon.databridge.receiver.binary.internal.BinaryDataReceiver}
TID: [-1234] [] [2019-01-15 09:22:04,752]  INFO {org.wso2.carbon.databridge.receiver.binary.internal.BinaryDataReceiver} -  Started Binary TCP Transport on port : 9615 {org.wso2.carbon.databridge.receiver.binary.internal.BinaryDataReceiver}
TID: [-1234] [] [2019-01-15 09:22:04,757]  INFO {org.wso2.carbon.databridge.core.internal.DataBridgeDS} -  Successfully deployed Agent Server  {org.wso2.carbon.databridge.core.internal.DataBridgeDS}
TID: [-1234] [] [2019-01-15 09:22:05,143]  INFO {org.wso2.carbon.registry.core.jdbc.EmbeddedRegistryService} -  Configured Registry in 71ms {org.wso2.carbon.registry.core.jdbc.EmbeddedRegistryService}
TID: [-1234] [] [2019-01-15 09:22:05,189]  INFO {org.wso2.carbon.registry.core.internal.RegistryCoreServiceComponent} -  Registry Mode    : READ-WRITE {org.wso2.carbon.registry.core.internal.RegistryCoreServiceComponent}
TID: [-1234] [] [2019-01-15 09:22:05,208]  INFO {org.wso2.andes.configuration.AndesConfigurationManager} -  Main andes configuration located at : /Library/WSO2/TrafficManager/repository/conf/broker.xml {org.wso2.andes.configuration.AndesConfigurationManager}
TID: [-1234] [] [2019-01-15 09:22:05,337]  INFO {org.wso2.andes.configuration.AndesConfigurationManager} -  Main andes configuration located at : /Library/WSO2/TrafficManager/repository/conf/broker.xml {org.wso2.andes.configuration.AndesConfigurationManager}
TID: [-1234] [] [2019-01-15 09:22:06,109]  INFO {org.wso2.carbon.metrics.impl.util.JDBCReporterBuilder} -  Creating JDBC reporter for Metrics with source 'marcoss-mbp.gfi.es', data source 'jdbc/WSO2MetricsDB' and 60 seconds polling period {org.wso2.carbon.metrics.impl.util.JDBCReporterBuilder}
TID: [-1234] [] [2019-01-15 09:22:06,110]  INFO {org.wso2.carbon.metrics.impl.util.JmxReporterBuilder} -  Creating JMX reporter for Metrics with domain 'org.wso2.carbon.metrics' {org.wso2.carbon.metrics.impl.util.JmxReporterBuilder}
TID: [-1234] [] [2019-01-15 09:22:06,119]  INFO {org.wso2.carbon.metrics.impl.reporter.AbstractReporter} -  Started JDBC reporter for Metrics {org.wso2.carbon.metrics.impl.reporter.AbstractReporter}
TID: [-1234] [] [2019-01-15 09:22:06,120]  INFO {org.wso2.carbon.metrics.impl.reporter.AbstractReporter} -  Started JMX reporter for Metrics {org.wso2.carbon.metrics.impl.reporter.AbstractReporter}
TID: [-1234] [] [2019-01-15 09:22:07,754]  INFO {org.wso2.carbon.registry.indexing.solr.SolrClient} -  Default Embedded Solr Server Initialized {org.wso2.carbon.registry.indexing.solr.SolrClient}
TID: [-1234] [] [2019-01-15 09:22:07,912]  INFO {org.wso2.carbon.user.core.internal.UserStoreMgtDSComponent} -  Carbon UserStoreMgtDSComponent activated successfully. {org.wso2.carbon.user.core.internal.UserStoreMgtDSComponent}
TID: [-1] [] [2019-01-15 09:22:15,346]  INFO {org.apache.catalina.startup.TaglibUriRule} -  TLD skipped. URI: http://tiles.apache.org/tags-tiles is already defined {org.apache.catalina.startup.TaglibUriRule}
TID: [-1234] [] [2019-01-15 09:22:15,966]  INFO {org.apache.axis2.deployment.ClusterBuilder} -  Clustering has been disabled {org.apache.axis2.deployment.ClusterBuilder}
TID: [-1234] [] [2019-01-15 09:22:16,113]  INFO {org.wso2.carbon.identity.user.store.configuration.deployer.UserStoreConfigurationDeployer} -  User Store Configuration Deployer initiated. {org.wso2.carbon.identity.user.store.configuration.deployer.UserStoreConfigurationDeployer}
TID: [-1234] [] [2019-01-15 09:22:16,113]  INFO {org.wso2.carbon.identity.user.store.configuration.deployer.UserStoreConfigurationDeployer} -  User Store Configuration Deployer initiated. {org.wso2.carbon.identity.user.store.configuration.deployer.UserStoreConfigurationDeployer}
TID: [-1234] [] [2019-01-15 09:22:16,191]  INFO {org.apache.axis2.deployment.ModuleDeployer} -  Deploying module: addressing-1.6.1-wso2v19 - file:/Library/WSO2/TrafficManager/repository/deployment/client/modules/addressing-1.6.1-wso2v19.mar {org.apache.axis2.deployment.ModuleDeployer}
TID: [-1234] [] [2019-01-15 09:22:16,501]  INFO {org.apache.axis2.deployment.DeploymentEngine} -  Deploying Web service: org.wso2.carbon.andes.admin-3.1.6 -  {org.apache.axis2.deployment.DeploymentEngine}
TID: [-1234] [] [2019-01-15 09:22:16,519]  INFO {org.apache.axis2.deployment.DeploymentEngine} -  Deploying Web service: org.wso2.carbon.andes.event.admin-3.1.6 -  {org.apache.axis2.deployment.DeploymentEngine}
TID: [-1234] [] [2019-01-15 09:22:17,296]  INFO {org.wso2.carbon.core.init.CarbonServerManager} -  Repository       : /Library/WSO2/TrafficManager/repository/deployment/server/ {org.wso2.carbon.core.init.CarbonServerManager}
TID: [-1] [] [2019-01-15 09:22:17,299]  INFO {org.wso2.carbon.event.input.adapter.kafka.internal.ds.KafkaEventAdapterServiceHolder} -  Kafka input event adaptor waiting for dependent configurations to load {org.wso2.carbon.event.input.adapter.kafka.internal.ds.KafkaEventAdapterServiceHolder}
TID: [-1234] [] [2019-01-15 09:22:17,309]  INFO {org.wso2.carbon.andes.core.internal.ds.QueueManagerServiceDS} -  Successfully created the queue manager service {org.wso2.carbon.andes.core.internal.ds.QueueManagerServiceDS}
TID: [-1234] [] [2019-01-15 09:22:17,311]  INFO {org.wso2.carbon.andes.core.internal.ds.SubscriptionManagerServiceDS} -  Successfully created the subscription manager service {org.wso2.carbon.andes.core.internal.ds.SubscriptionManagerServiceDS}
TID: [-1234] [] [2019-01-15 09:22:17,342]  INFO {org.wso2.carbon.core.multitenancy.eager.TenantLoadingConfig} -  Using tenant lazy loading policy... {org.wso2.carbon.core.multitenancy.eager.TenantLoadingConfig}
TID: [-1234] [] [2019-01-15 09:22:17,349]  INFO {org.wso2.carbon.core.internal.permission.update.PermissionUpdater} -  Permission cache updated for tenant -1234 {org.wso2.carbon.core.internal.permission.update.PermissionUpdater}
TID: [-1234] [] [2019-01-15 09:22:17,432]  INFO {org.wso2.carbon.core.transports.http.HttpTransportListener} -  HTTP port        : 9767 {org.wso2.carbon.core.transports.http.HttpTransportListener}
TID: [-1234] [] [2019-01-15 09:22:17,432]  INFO {org.wso2.carbon.core.transports.http.HttpsTransportListener} -  HTTPS port       : 9447 {org.wso2.carbon.core.transports.http.HttpsTransportListener}
TID: [-1234] [] [2019-01-15 09:22:17,442]  INFO {org.wso2.carbon.core.deployment.DeploymentInterceptor} -  Deploying Axis2 service: echo {super-tenant} {org.wso2.carbon.core.deployment.DeploymentInterceptor}
TID: [-1234] [] [2019-01-15 09:22:17,442]  INFO {org.apache.axis2.deployment.DeploymentEngine} -  Deploying Web service: Echo.aar - file:/Library/WSO2/TrafficManager/repository/deployment/server/axis2services/Echo.aar {org.apache.axis2.deployment.DeploymentEngine}
TID: [-1234] [] [2019-01-15 09:22:17,503]  INFO {org.wso2.carbon.core.deployment.DeploymentInterceptor} -  Deploying Axis2 service: Version {super-tenant} {org.wso2.carbon.core.deployment.DeploymentInterceptor}
TID: [-1234] [] [2019-01-15 09:22:17,503]  INFO {org.apache.axis2.deployment.DeploymentEngine} -  Deploying Web service: Version.aar - file:/Library/WSO2/TrafficManager/repository/deployment/server/axis2services/Version.aar {org.apache.axis2.deployment.DeploymentEngine}
TID: [-1234] [] [2019-01-15 09:22:17,509]  INFO {org.wso2.carbon.event.publisher.core.EventPublisherDeployer} -  Event Publisher deployment held back and in inactive state :jmsEventPublisher.xml, Stream validation exception : Stream org.wso2.throttle.globalThrottle.stream:1.0.0 does not exist {org.wso2.carbon.event.publisher.core.EventPublisherDeployer}
TID: [-1234] [] [2019-01-15 09:22:17,513]  INFO {org.wso2.carbon.event.receiver.core.EventReceiverDeployer} -  Event receiver deployment held back and in inactive state: throttleWSO2EventReceiver.xml, Stream validation exception: Stream org.wso2.throttle.request.stream:1.0.0 does not exist {org.wso2.carbon.event.receiver.core.EventReceiverDeployer}
TID: [-1234] [] [2019-01-15 09:22:17,615]  INFO {org.wso2.carbon.event.processor.core.EventProcessorDeployer} -  Execution plan deployment held back and in inactive state : RequestPreProcessorExecutionPlan.siddhiql, Dependency validation exception: Stream org.wso2.throttle.processed.request.stream:1.0.0 does not exist {org.wso2.carbon.event.processor.core.EventProcessorDeployer}
TID: [-1234] [] [2019-01-15 09:22:17,648]  INFO {org.wso2.carbon.event.processor.core.EventProcessorDeployer} -  Execution plan deployment held back and in inactive state : carbon.super_app_10PerMin.siddhiql, Dependency validation exception: Stream org.wso2.throttle.globalThrottle.stream:1.0.0 does not exist {org.wso2.carbon.event.processor.core.EventProcessorDeployer}
TID: [-1234] [] [2019-01-15 09:22:17,659]  INFO {org.wso2.carbon.event.processor.core.EventProcessorDeployer} -  Execution plan deployment held back and in inactive state : carbon.super_app_20PerMin.siddhiql, Dependency validation exception: Stream org.wso2.throttle.globalThrottle.stream:1.0.0 does not exist {org.wso2.carbon.event.processor.core.EventProcessorDeployer}
TID: [-1234] [] [2019-01-15 09:22:17,669]  INFO {org.wso2.carbon.event.processor.core.EventProcessorDeployer} -  Execution plan deployment held back and in inactive state : carbon.super_app_50PerMin.siddhiql, Dependency validation exception: Stream org.wso2.throttle.globalThrottle.stream:1.0.0 does not exist {org.wso2.carbon.event.processor.core.EventProcessorDeployer}
TID: [-1234] [] [2019-01-15 09:22:17,684]  INFO {org.wso2.carbon.event.processor.core.EventProcessorDeployer} -  Execution plan deployment held back and in inactive state : carbon.super_resource_10KPerMin_default.siddhiql, Dependency validation exception: Stream org.wso2.throttle.globalThrottle.stream:1.0.0 does not exist {org.wso2.carbon.event.processor.core.EventProcessorDeployer}
TID: [-1234] [] [2019-01-15 09:22:17,692]  INFO {org.wso2.carbon.event.processor.core.EventProcessorDeployer} -  Execution plan deployment held back and in inactive state : carbon.super_resource_20KPerMin_default.siddhiql, Dependency validation exception: Stream org.wso2.throttle.globalThrottle.stream:1.0.0 does not exist {org.wso2.carbon.event.processor.core.EventProcessorDeployer}
TID: [-1234] [] [2019-01-15 09:22:17,699]  INFO {org.wso2.carbon.event.processor.core.EventProcessorDeployer} -  Execution plan deployment held back and in inactive state : carbon.super_resource_50KPerMin_defualt.siddhiql, Dependency validation exception: Stream org.wso2.throttle.globalThrottle.stream:1.0.0 does not exist {org.wso2.carbon.event.processor.core.EventProcessorDeployer}
TID: [-1234] [] [2019-01-15 09:22:17,706]  INFO {org.wso2.carbon.event.processor.core.EventProcessorDeployer} -  Execution plan deployment held back and in inactive state : carbon.super_sub_Bronze.siddhiql, Dependency validation exception: Stream org.wso2.throttle.globalThrottle.stream:1.0.0 does not exist {org.wso2.carbon.event.processor.core.EventProcessorDeployer}
TID: [-1234] [] [2019-01-15 09:22:17,712]  INFO {org.wso2.carbon.event.processor.core.EventProcessorDeployer} -  Execution plan deployment held back and in inactive state : carbon.super_sub_Gold.siddhiql, Dependency validation exception: Stream org.wso2.throttle.globalThrottle.stream:1.0.0 does not exist {org.wso2.carbon.event.processor.core.EventProcessorDeployer}
TID: [-1234] [] [2019-01-15 09:22:17,721]  INFO {org.wso2.carbon.event.processor.core.EventProcessorDeployer} -  Execution plan deployment held back and in inactive state : carbon.super_sub_Silver.siddhiql, Dependency validation exception: Stream org.wso2.throttle.globalThrottle.stream:1.0.0 does not exist {org.wso2.carbon.event.processor.core.EventProcessorDeployer}
TID: [-1234] [] [2019-01-15 09:22:17,729]  INFO {org.wso2.carbon.event.processor.core.EventProcessorDeployer} -  Execution plan deployment held back and in inactive state : carbon.super_sub_Unauthenticated.siddhiql, Dependency validation exception: Stream org.wso2.throttle.globalThrottle.stream:1.0.0 does not exist {org.wso2.carbon.event.processor.core.EventProcessorDeployer}
TID: [-1234] [] [2019-01-15 09:22:17,772]  INFO {org.wso2.carbon.event.processor.core.EventProcessorDeployer} -  Execution Plan was undeployed successfully : carbon.super_app_10PerMin.siddhiql {org.wso2.carbon.event.processor.core.EventProcessorDeployer}
TID: [-1234] [] [2019-01-15 09:22:17,779]  INFO {org.wso2.carbon.event.processor.core.EventProcessorDeployer} -  Execution plan deployment held back and in inactive state : carbon.super_app_10PerMin.siddhiql, Dependency validation exception: Stream org.wso2.throttle.processed.request.stream:1.0.0 does not exist {org.wso2.carbon.event.processor.core.EventProcessorDeployer}
TID: [-1234] [] [2019-01-15 09:22:17,779]  INFO {org.wso2.carbon.event.processor.core.EventProcessorDeployer} -  Execution Plan was undeployed successfully : carbon.super_app_20PerMin.siddhiql {org.wso2.carbon.event.processor.core.EventProcessorDeployer}
TID: [-1234] [] [2019-01-15 09:22:17,786]  INFO {org.wso2.carbon.event.processor.core.EventProcessorDeployer} -  Execution plan deployment held back and in inactive state : carbon.super_app_20PerMin.siddhiql, Dependency validation exception: Stream org.wso2.throttle.processed.request.stream:1.0.0 does not exist {org.wso2.carbon.event.processor.core.EventProcessorDeployer}
TID: [-1234] [] [2019-01-15 09:22:17,786]  INFO {org.wso2.carbon.event.processor.core.EventProcessorDeployer} -  Execution Plan was undeployed successfully : carbon.super_app_50PerMin.siddhiql {org.wso2.carbon.event.processor.core.EventProcessorDeployer}
TID: [-1234] [] [2019-01-15 09:22:17,793]  INFO {org.wso2.carbon.event.processor.core.EventProcessorDeployer} -  Execution plan deployment held back and in inactive state : carbon.super_app_50PerMin.siddhiql, Dependency validation exception: Stream org.wso2.throttle.processed.request.stream:1.0.0 does not exist {org.wso2.carbon.event.processor.core.EventProcessorDeployer}
TID: [-1234] [] [2019-01-15 09:22:17,793]  INFO {org.wso2.carbon.event.processor.core.EventProcessorDeployer} -  Execution Plan was undeployed successfully : carbon.super_resource_10KPerMin_default.siddhiql {org.wso2.carbon.event.processor.core.EventProcessorDeployer}
TID: [-1234] [] [2019-01-15 09:22:17,801]  INFO {org.wso2.carbon.event.processor.core.EventProcessorDeployer} -  Execution plan deployment held back and in inactive state : carbon.super_resource_10KPerMin_default.siddhiql, Dependency validation exception: Stream org.wso2.throttle.processed.request.stream:1.0.0 does not exist {org.wso2.carbon.event.processor.core.EventProcessorDeployer}
TID: [-1234] [] [2019-01-15 09:22:17,801]  INFO {org.wso2.carbon.event.processor.core.EventProcessorDeployer} -  Execution Plan was undeployed successfully : carbon.super_resource_20KPerMin_default.siddhiql {org.wso2.carbon.event.processor.core.EventProcessorDeployer}
TID: [-1234] [] [2019-01-15 09:22:17,815]  INFO {org.wso2.carbon.event.processor.core.EventProcessorDeployer} -  Execution plan deployment held back and in inactive state : carbon.super_resource_20KPerMin_default.siddhiql, Dependency validation exception: Stream org.wso2.throttle.processed.request.stream:1.0.0 does not exist {org.wso2.carbon.event.processor.core.EventProcessorDeployer}
TID: [-1234] [] [2019-01-15 09:22:17,815]  INFO {org.wso2.carbon.event.processor.core.EventProcessorDeployer} -  Execution Plan was undeployed successfully : carbon.super_resource_50KPerMin_defualt.siddhiql {org.wso2.carbon.event.processor.core.EventProcessorDeployer}
TID: [-1234] [] [2019-01-15 09:22:17,823]  INFO {org.wso2.carbon.event.processor.core.EventProcessorDeployer} -  Execution plan deployment held back and in inactive state : carbon.super_resource_50KPerMin_defualt.siddhiql, Dependency validation exception: Stream org.wso2.throttle.processed.request.stream:1.0.0 does not exist {org.wso2.carbon.event.processor.core.EventProcessorDeployer}
TID: [-1234] [] [2019-01-15 09:22:17,823]  INFO {org.wso2.carbon.event.processor.core.EventProcessorDeployer} -  Execution Plan was undeployed successfully : carbon.super_sub_Bronze.siddhiql {org.wso2.carbon.event.processor.core.EventProcessorDeployer}
TID: [-1234] [] [2019-01-15 09:22:17,829]  INFO {org.wso2.carbon.event.processor.core.EventProcessorDeployer} -  Execution plan deployment held back and in inactive state : carbon.super_sub_Bronze.siddhiql, Dependency validation exception: Stream org.wso2.throttle.processed.request.stream:1.0.0 does not exist {org.wso2.carbon.event.processor.core.EventProcessorDeployer}
TID: [-1234] [] [2019-01-15 09:22:17,829]  INFO {org.wso2.carbon.event.processor.core.EventProcessorDeployer} -  Execution Plan was undeployed successfully : carbon.super_sub_Gold.siddhiql {org.wso2.carbon.event.processor.core.EventProcessorDeployer}
TID: [-1234] [] [2019-01-15 09:22:17,834]  INFO {org.wso2.carbon.event.processor.core.EventProcessorDeployer} -  Execution plan deployment held back and in inactive state : carbon.super_sub_Gold.siddhiql, Dependency validation exception: Stream org.wso2.throttle.processed.request.stream:1.0.0 does not exist {org.wso2.carbon.event.processor.core.EventProcessorDeployer}
TID: [-1234] [] [2019-01-15 09:22:17,835]  INFO {org.wso2.carbon.event.processor.core.EventProcessorDeployer} -  Execution Plan was undeployed successfully : carbon.super_sub_Silver.siddhiql {org.wso2.carbon.event.processor.core.EventProcessorDeployer}
TID: [-1234] [] [2019-01-15 09:22:17,840]  INFO {org.wso2.carbon.event.processor.core.EventProcessorDeployer} -  Execution plan deployment held back and in inactive state : carbon.super_sub_Silver.siddhiql, Dependency validation exception: Stream org.wso2.throttle.processed.request.stream:1.0.0 does not exist {org.wso2.carbon.event.processor.core.EventProcessorDeployer}
TID: [-1234] [] [2019-01-15 09:22:17,840]  INFO {org.wso2.carbon.event.processor.core.EventProcessorDeployer} -  Execution Plan was undeployed successfully : carbon.super_sub_Unauthenticated.siddhiql {org.wso2.carbon.event.processor.core.EventProcessorDeployer}
TID: [-1234] [] [2019-01-15 09:22:17,846]  INFO {org.wso2.carbon.event.processor.core.EventProcessorDeployer} -  Execution plan deployment held back and in inactive state : carbon.super_sub_Unauthenticated.siddhiql, Dependency validation exception: Stream org.wso2.throttle.processed.request.stream:1.0.0 does not exist {org.wso2.carbon.event.processor.core.EventProcessorDeployer}
TID: [-1234] [] [2019-01-15 09:22:17,848]  INFO {org.wso2.carbon.event.publisher.core.EventPublisherDeployer} -  Event Publisher undeployed successfully : jmsEventPublisher.xml {org.wso2.carbon.event.publisher.core.EventPublisherDeployer}
TID: [-1234] [] [2019-01-15 09:22:17,854]  INFO {org.wso2.carbon.event.stream.core.internal.EventJunction} -  WSO2EventConsumer added to the junction. Stream:org.wso2.throttle.globalThrottle.stream:1.0.0 {org.wso2.carbon.event.stream.core.internal.EventJunction}
TID: [-1234] [] [2019-01-15 09:22:17,858]  INFO {org.wso2.carbon.event.publisher.core.EventPublisherDeployer} -  Event Publisher configuration successfully deployed and in active state : jmsEventPublisher {org.wso2.carbon.event.publisher.core.EventPublisherDeployer}
TID: [-1234] [] [2019-01-15 09:22:17,858]  INFO {org.wso2.carbon.event.stream.core.EventStreamDeployer} -  Stream definition is deployed successfully  : org.wso2.throttle.globalThrottle.stream:1.0.0 {org.wso2.carbon.event.stream.core.EventStreamDeployer}
TID: [-1234] [] [2019-01-15 09:22:17,867]  INFO {org.wso2.carbon.event.processor.core.EventProcessorDeployer} -  Execution Plan was undeployed successfully : RequestPreProcessorExecutionPlan.siddhiql {org.wso2.carbon.event.processor.core.EventProcessorDeployer}
TID: [-1234] [] [2019-01-15 09:22:17,869]  INFO {org.wso2.carbon.event.processor.core.EventProcessorDeployer} -  Execution plan deployment held back and in inactive state : RequestPreProcessorExecutionPlan.siddhiql, Dependency validation exception: Stream org.wso2.throttle.request.stream:1.0.0 does not exist {org.wso2.carbon.event.processor.core.EventProcessorDeployer}
TID: [-1234] [] [2019-01-15 09:22:17,870]  INFO {org.wso2.carbon.event.processor.core.EventProcessorDeployer} -  Execution Plan was undeployed successfully : carbon.super_app_10PerMin.siddhiql {org.wso2.carbon.event.processor.core.EventProcessorDeployer}
TID: [-1234] [] [2019-01-15 09:22:17,948]  INFO {org.wso2.carbon.event.stream.core.internal.EventJunction} -  Producer added to the junction. Stream:org.wso2.throttle.globalThrottle.stream:1.0.0 {org.wso2.carbon.event.stream.core.internal.EventJunction}
TID: [-1234] [] [2019-01-15 09:22:17,949]  INFO {org.wso2.carbon.event.stream.core.internal.EventJunction} -  Consumer added to the junction. Stream:org.wso2.throttle.processed.request.stream:1.0.0 {org.wso2.carbon.event.stream.core.internal.EventJunction}
TID: [-1234] [] [2019-01-15 09:22:17,949]  INFO {org.wso2.carbon.event.processor.core.EventProcessorDeployer} -  Execution plan is deployed successfully and in active state  : carbon.super_app_10PerMin {org.wso2.carbon.event.processor.core.EventProcessorDeployer}
TID: [-1234] [] [2019-01-15 09:22:17,949]  INFO {org.wso2.carbon.event.processor.core.EventProcessorDeployer} -  Execution Plan was undeployed successfully : carbon.super_app_20PerMin.siddhiql {org.wso2.carbon.event.processor.core.EventProcessorDeployer}
TID: [-1234] [] [2019-01-15 09:22:17,972]  INFO {org.wso2.carbon.event.stream.core.internal.EventJunction} -  Producer added to the junction. Stream:org.wso2.throttle.globalThrottle.stream:1.0.0 {org.wso2.carbon.event.stream.core.internal.EventJunction}
TID: [-1234] [] [2019-01-15 09:22:17,972]  INFO {org.wso2.carbon.event.stream.core.internal.EventJunction} -  Consumer added to the junction. Stream:org.wso2.throttle.processed.request.stream:1.0.0 {org.wso2.carbon.event.stream.core.internal.EventJunction}
TID: [-1234] [] [2019-01-15 09:22:17,972]  INFO {org.wso2.carbon.event.processor.core.EventProcessorDeployer} -  Execution plan is deployed successfully and in active state  : carbon.super_app_20PerMin {org.wso2.carbon.event.processor.core.EventProcessorDeployer}
TID: [-1234] [] [2019-01-15 09:22:17,973]  INFO {org.wso2.carbon.event.processor.core.EventProcessorDeployer} -  Execution Plan was undeployed successfully : carbon.super_app_50PerMin.siddhiql {org.wso2.carbon.event.processor.core.EventProcessorDeployer}
TID: [-1234] [] [2019-01-15 09:22:18,022]  INFO {org.wso2.carbon.event.stream.core.internal.EventJunction} -  Producer added to the junction. Stream:org.wso2.throttle.globalThrottle.stream:1.0.0 {org.wso2.carbon.event.stream.core.internal.EventJunction}
TID: [-1234] [] [2019-01-15 09:22:18,022]  INFO {org.wso2.carbon.event.stream.core.internal.EventJunction} -  Consumer added to the junction. Stream:org.wso2.throttle.processed.request.stream:1.0.0 {org.wso2.carbon.event.stream.core.internal.EventJunction}
TID: [-1234] [] [2019-01-15 09:22:18,022]  INFO {org.wso2.carbon.event.processor.core.EventProcessorDeployer} -  Execution plan is deployed successfully and in active state  : carbon.super_app_50PerMin {org.wso2.carbon.event.processor.core.EventProcessorDeployer}
TID: [-1234] [] [2019-01-15 09:22:18,022]  INFO {org.wso2.carbon.event.processor.core.EventProcessorDeployer} -  Execution Plan was undeployed successfully : carbon.super_resource_10KPerMin_default.siddhiql {org.wso2.carbon.event.processor.core.EventProcessorDeployer}
TID: [-1234] [] [2019-01-15 09:22:18,046]  INFO {org.wso2.carbon.event.stream.core.internal.EventJunction} -  Producer added to the junction. Stream:org.wso2.throttle.globalThrottle.stream:1.0.0 {org.wso2.carbon.event.stream.core.internal.EventJunction}
TID: [-1234] [] [2019-01-15 09:22:18,047]  INFO {org.wso2.carbon.event.stream.core.internal.EventJunction} -  Consumer added to the junction. Stream:org.wso2.throttle.processed.request.stream:1.0.0 {org.wso2.carbon.event.stream.core.internal.EventJunction}
TID: [-1234] [] [2019-01-15 09:22:18,047]  INFO {org.wso2.carbon.event.processor.core.EventProcessorDeployer} -  Execution plan is deployed successfully and in active state  : carbon.super_resource_10KPerMin_default {org.wso2.carbon.event.processor.core.EventProcessorDeployer}
TID: [-1234] [] [2019-01-15 09:22:18,047]  INFO {org.wso2.carbon.event.processor.core.EventProcessorDeployer} -  Execution Plan was undeployed successfully : carbon.super_resource_20KPerMin_default.siddhiql {org.wso2.carbon.event.processor.core.EventProcessorDeployer}
TID: [-1234] [] [2019-01-15 09:22:18,070]  INFO {org.wso2.carbon.event.stream.core.internal.EventJunction} -  Producer added to the junction. Stream:org.wso2.throttle.globalThrottle.stream:1.0.0 {org.wso2.carbon.event.stream.core.internal.EventJunction}
TID: [-1234] [] [2019-01-15 09:22:18,070]  INFO {org.wso2.carbon.event.stream.core.internal.EventJunction} -  Consumer added to the junction. Stream:org.wso2.throttle.processed.request.stream:1.0.0 {org.wso2.carbon.event.stream.core.internal.EventJunction}
TID: [-1234] [] [2019-01-15 09:22:18,071]  INFO {org.wso2.carbon.event.processor.core.EventProcessorDeployer} -  Execution plan is deployed successfully and in active state  : carbon.super_resource_20KPerMin_default {org.wso2.carbon.event.processor.core.EventProcessorDeployer}
TID: [-1234] [] [2019-01-15 09:22:18,071]  INFO {org.wso2.carbon.event.processor.core.EventProcessorDeployer} -  Execution Plan was undeployed successfully : carbon.super_resource_50KPerMin_defualt.siddhiql {org.wso2.carbon.event.processor.core.EventProcessorDeployer}
TID: [-1234] [] [2019-01-15 09:22:18,099]  INFO {org.wso2.carbon.event.stream.core.internal.EventJunction} -  Producer added to the junction. Stream:org.wso2.throttle.globalThrottle.stream:1.0.0 {org.wso2.carbon.event.stream.core.internal.EventJunction}
TID: [-1234] [] [2019-01-15 09:22:18,100]  INFO {org.wso2.carbon.event.stream.core.internal.EventJunction} -  Consumer added to the junction. Stream:org.wso2.throttle.processed.request.stream:1.0.0 {org.wso2.carbon.event.stream.core.internal.EventJunction}
TID: [-1234] [] [2019-01-15 09:22:18,100]  INFO {org.wso2.carbon.event.processor.core.EventProcessorDeployer} -  Execution plan is deployed successfully and in active state  : carbon.super_resource_50KPerMin_default {org.wso2.carbon.event.processor.core.EventProcessorDeployer}
TID: [-1234] [] [2019-01-15 09:22:18,100]  INFO {org.wso2.carbon.event.processor.core.EventProcessorDeployer} -  Execution Plan was undeployed successfully : carbon.super_sub_Bronze.siddhiql {org.wso2.carbon.event.processor.core.EventProcessorDeployer}
TID: [-1234] [] [2019-01-15 09:22:18,120]  INFO {org.wso2.carbon.event.stream.core.internal.EventJunction} -  Producer added to the junction. Stream:org.wso2.throttle.globalThrottle.stream:1.0.0 {org.wso2.carbon.event.stream.core.internal.EventJunction}
TID: [-1234] [] [2019-01-15 09:22:18,120]  INFO {org.wso2.carbon.event.stream.core.internal.EventJunction} -  Consumer added to the junction. Stream:org.wso2.throttle.processed.request.stream:1.0.0 {org.wso2.carbon.event.stream.core.internal.EventJunction}
TID: [-1234] [] [2019-01-15 09:22:18,120]  INFO {org.wso2.carbon.event.processor.core.EventProcessorDeployer} -  Execution plan is deployed successfully and in active state  : carbon.super_sub_Bronze {org.wso2.carbon.event.processor.core.EventProcessorDeployer}
TID: [-1234] [] [2019-01-15 09:22:18,120]  INFO {org.wso2.carbon.event.processor.core.EventProcessorDeployer} -  Execution Plan was undeployed successfully : carbon.super_sub_Gold.siddhiql {org.wso2.carbon.event.processor.core.EventProcessorDeployer}
TID: [-1234] [] [2019-01-15 09:22:18,148]  INFO {org.wso2.carbon.event.stream.core.internal.EventJunction} -  Producer added to the junction. Stream:org.wso2.throttle.globalThrottle.stream:1.0.0 {org.wso2.carbon.event.stream.core.internal.EventJunction}
TID: [-1234] [] [2019-01-15 09:22:18,148]  INFO {org.wso2.carbon.event.stream.core.internal.EventJunction} -  Consumer added to the junction. Stream:org.wso2.throttle.processed.request.stream:1.0.0 {org.wso2.carbon.event.stream.core.internal.EventJunction}
TID: [-1234] [] [2019-01-15 09:22:18,149]  INFO {org.wso2.carbon.event.processor.core.EventProcessorDeployer} -  Execution plan is deployed successfully and in active state  : carbon.super_sub_Gold {org.wso2.carbon.event.processor.core.EventProcessorDeployer}
TID: [-1234] [] [2019-01-15 09:22:18,149]  INFO {org.wso2.carbon.event.processor.core.EventProcessorDeployer} -  Execution Plan was undeployed successfully : carbon.super_sub_Silver.siddhiql {org.wso2.carbon.event.processor.core.EventProcessorDeployer}
TID: [-1234] [] [2019-01-15 09:22:18,173]  INFO {org.wso2.carbon.event.stream.core.internal.EventJunction} -  Producer added to the junction. Stream:org.wso2.throttle.globalThrottle.stream:1.0.0 {org.wso2.carbon.event.stream.core.internal.EventJunction}
TID: [-1234] [] [2019-01-15 09:22:18,173]  INFO {org.wso2.carbon.event.stream.core.internal.EventJunction} -  Consumer added to the junction. Stream:org.wso2.throttle.processed.request.stream:1.0.0 {org.wso2.carbon.event.stream.core.internal.EventJunction}
TID: [-1234] [] [2019-01-15 09:22:18,173]  INFO {org.wso2.carbon.event.processor.core.EventProcessorDeployer} -  Execution plan is deployed successfully and in active state  : carbon.super_sub_Silver {org.wso2.carbon.event.processor.core.EventProcessorDeployer}
TID: [-1234] [] [2019-01-15 09:22:18,173]  INFO {org.wso2.carbon.event.processor.core.EventProcessorDeployer} -  Execution Plan was undeployed successfully : carbon.super_sub_Unauthenticated.siddhiql {org.wso2.carbon.event.processor.core.EventProcessorDeployer}
TID: [-1234] [] [2019-01-15 09:22:18,190]  INFO {org.wso2.carbon.event.stream.core.internal.EventJunction} -  Producer added to the junction. Stream:org.wso2.throttle.globalThrottle.stream:1.0.0 {org.wso2.carbon.event.stream.core.internal.EventJunction}
TID: [-1234] [] [2019-01-15 09:22:18,190]  INFO {org.wso2.carbon.event.stream.core.internal.EventJunction} -  Consumer added to the junction. Stream:org.wso2.throttle.processed.request.stream:1.0.0 {org.wso2.carbon.event.stream.core.internal.EventJunction}
TID: [-1234] [] [2019-01-15 09:22:18,190]  INFO {org.wso2.carbon.event.processor.core.EventProcessorDeployer} -  Execution plan is deployed successfully and in active state  : carbon.super_sub_Unauthenticated {org.wso2.carbon.event.processor.core.EventProcessorDeployer}
TID: [-1234] [] [2019-01-15 09:22:18,191]  INFO {org.wso2.carbon.event.stream.core.EventStreamDeployer} -  Stream definition is deployed successfully  : org.wso2.throttle.processed.request.stream:1.0.0 {org.wso2.carbon.event.stream.core.EventStreamDeployer}
TID: [-1234] [] [2019-01-15 09:22:18,198]  INFO {org.wso2.carbon.event.processor.core.EventProcessorDeployer} -  Execution Plan was undeployed successfully : RequestPreProcessorExecutionPlan.siddhiql {org.wso2.carbon.event.processor.core.EventProcessorDeployer}
TID: [-1234] [] [2019-01-15 09:22:18,206]  INFO {org.wso2.carbon.event.stream.core.internal.EventJunction} -  Producer added to the junction. Stream:org.wso2.throttle.processed.request.stream:1.0.0 {org.wso2.carbon.event.stream.core.internal.EventJunction}
TID: [-1234] [] [2019-01-15 09:22:18,206]  INFO {org.wso2.carbon.event.stream.core.internal.EventJunction} -  Consumer added to the junction. Stream:org.wso2.throttle.request.stream:1.0.0 {org.wso2.carbon.event.stream.core.internal.EventJunction}
TID: [-1234] [] [2019-01-15 09:22:18,206]  INFO {org.wso2.carbon.event.processor.core.EventProcessorDeployer} -  Execution plan is deployed successfully and in active state  : requestPreProcessorExecutionPlan {org.wso2.carbon.event.processor.core.EventProcessorDeployer}
TID: [-1234] [] [2019-01-15 09:22:18,209]  INFO {org.wso2.carbon.event.receiver.core.EventReceiverDeployer} -  Event Receiver undeployed successfully: throttleWSO2EventReceiver.xml {org.wso2.carbon.event.receiver.core.EventReceiverDeployer}
TID: [-1234] [] [2019-01-15 09:22:18,215]  INFO {org.wso2.carbon.event.input.adapter.core.internal.InputAdapterRuntime} -  Connecting receiver throttleWSO2EventReceiver {org.wso2.carbon.event.input.adapter.core.internal.InputAdapterRuntime}
TID: [-1234] [] [2019-01-15 09:22:18,216]  INFO {org.wso2.carbon.event.stream.core.internal.EventJunction} -  Producer added to the junction. Stream:org.wso2.throttle.request.stream:1.0.0 {org.wso2.carbon.event.stream.core.internal.EventJunction}
TID: [-1234] [] [2019-01-15 09:22:18,216]  INFO {org.wso2.carbon.event.receiver.core.EventReceiverDeployer} -  Event Receiver configuration successfully deployed and in active state: throttleWSO2EventReceiver {org.wso2.carbon.event.receiver.core.EventReceiverDeployer}
TID: [-1234] [] [2019-01-15 09:22:18,216]  INFO {org.wso2.carbon.event.stream.core.EventStreamDeployer} -  Stream definition is deployed successfully  : org.wso2.throttle.request.stream:1.0.0 {org.wso2.carbon.event.stream.core.EventStreamDeployer}
TID: [-1234] [] [2019-01-15 09:22:18,231]  INFO {org.wso2.carbon.databridge.receiver.thrift.ThriftDataReceiver} -  Thrift Server started at 0.0.0.0 {org.wso2.carbon.databridge.receiver.thrift.ThriftDataReceiver}
TID: [-1234] [] [2019-01-15 09:22:18,239]  INFO {org.wso2.carbon.databridge.receiver.thrift.ThriftDataReceiver} -  Thrift SSL port : 7715 {org.wso2.carbon.databridge.receiver.thrift.ThriftDataReceiver}
TID: [-1234] [] [2019-01-15 09:22:18,242]  INFO {org.wso2.carbon.databridge.receiver.thrift.ThriftDataReceiver} -  Thrift port : 7615 {org.wso2.carbon.databridge.receiver.thrift.ThriftDataReceiver}
TID: [-1234] [] [2019-01-15 09:22:18,261]  INFO {org.apache.tomcat.util.net.NioSelectorPool} -  Using a shared selector for servlet write/read {org.apache.tomcat.util.net.NioSelectorPool}
TID: [-1234] [] [2019-01-15 09:22:18,288]  INFO {org.apache.tomcat.util.net.NioSelectorPool} -  Using a shared selector for servlet write/read {org.apache.tomcat.util.net.NioSelectorPool}
TID: [-1234] [] [2019-01-15 09:22:18,331]  INFO {org.wso2.carbon.ntask.core.service.impl.TaskServiceImpl} -  Task service starting in STANDALONE mode... {org.wso2.carbon.ntask.core.service.impl.TaskServiceImpl}
TID: [-1234] [] [2019-01-15 09:22:18,387]  INFO {org.wso2.carbon.core.init.JMXServerManager} -  JMX Service URL  : service:jmx:rmi://localhost:11115/jndi/rmi://localhost:10003/jmxrmi {org.wso2.carbon.core.init.JMXServerManager}
TID: [-1234] [] [2019-01-15 09:22:18,387]  INFO {org.wso2.carbon.core.internal.StartupFinalizerServiceComponent} -  Server           :  WSO2 API Manager-2.0.0 {org.wso2.carbon.core.internal.StartupFinalizerServiceComponent}
TID: [-1234] [] [2019-01-15 09:22:18,388]  INFO {org.wso2.carbon.core.internal.StartupFinalizerServiceComponent} -  WSO2 Carbon started in 18 sec {org.wso2.carbon.core.internal.StartupFinalizerServiceComponent}
TID: [-1234] [] [2019-01-15 09:22:18,394]  INFO {org.wso2.andes.configuration.AndesConfigurationManager} -  Main andes configuration located at : /Library/WSO2/TrafficManager/repository/conf/broker.xml {org.wso2.andes.configuration.AndesConfigurationManager}
TID: [-1234] [] [2019-01-15 09:22:18,420]  INFO {org.wso2.carbon.andes.internal.QpidServiceComponent} -  Activating Andes Message Broker Engine... {org.wso2.carbon.andes.internal.QpidServiceComponent}
TID: [-1234] [] [2019-01-15 09:22:18,430]  INFO {org.wso2.andes.server.Broker} -  Starting Qpid using configuration : /Library/WSO2/TrafficManager/repository/conf/advanced/qpid-config.xml {org.wso2.andes.server.Broker}
TID: [-1234] [] [2019-01-15 09:22:18,458]  INFO {org.wso2.andes.server.registry.ApplicationRegistry} -  Initialising Application Registry(org.wso2.andes.server.registry.ConfigurationFileApplicationRegistry@43bfbe4e) {org.wso2.andes.server.registry.ApplicationRegistry}
TID: [-1234] [] [2019-01-15 09:22:18,488]  INFO {org.wso2.andes.server.plugins.PluginManager} -  Opened service trackers {org.wso2.andes.server.plugins.PluginManager}
TID: [-1234] [] [2019-01-15 09:22:18,562]  INFO {org.wso2.andes.server.management.JMXManagedObjectRegistry} -  Initialising managed object registry using jplatform MBean server {org.wso2.andes.server.management.JMXManagedObjectRegistry}
TID: [-1234] [] [2019-01-15 09:22:18,566]  INFO {org.wso2.andes.server.security.auth.manager.PrincipalDatabaseAuthenticationManager} -  PrincipalDatabase concrete implementation : org.wso2.carbon.andes.authentication.andes.CarbonBasedPrincipalDatabase {org.wso2.andes.server.security.auth.manager.PrincipalDatabaseAuthenticationManager}
TID: [-1234] [] [2019-01-15 09:22:18,568]  INFO {org.wso2.andes.server.security.auth.manager.PrincipalDatabaseAuthenticationManager} -  Initialised PLAIN SASL provider successfully {org.wso2.andes.server.security.auth.manager.PrincipalDatabaseAuthenticationManager}
TID: [-1234] [] [2019-01-15 09:22:18,569]  INFO {org.wso2.andes.server.security.auth.manager.PrincipalDatabaseAuthenticationManager} -  Additional SASL providers successfully registered. {org.wso2.andes.server.security.auth.manager.PrincipalDatabaseAuthenticationManager}
TID: [-1234] [] [2019-01-15 09:22:18,569]  INFO {org.wso2.andes.server.security.auth.manager.PrincipalDatabaseAuthenticationManager} -  Registering UserManagementMBean {org.wso2.andes.server.security.auth.manager.PrincipalDatabaseAuthenticationManager}
TID: [-1234] [] [2019-01-15 09:22:18,606]  INFO {org.wso2.andes.store.rdbms.RDBMSConnection} -  JDBC connection established with jndi config WSO2MBStoreDB {org.wso2.andes.store.rdbms.RDBMSConnection}
TID: [-1234] [] [2019-01-15 09:22:18,620]  INFO {org.wso2.andes.store.rdbms.RDBMSAndesContextStoreImpl} -  Andes Context Store initialised {org.wso2.andes.store.rdbms.RDBMSAndesContextStoreImpl}
TID: [-1234] [] [2019-01-15 09:22:18,620]  INFO {org.wso2.andes.kernel.AndesKernelBoot} -  AndesContextStore initialised with org.wso2.andes.store.rdbms.RDBMSAndesContextStoreImpl {org.wso2.andes.kernel.AndesKernelBoot}
TID: [-1234] [] [2019-01-15 09:22:18,680]  INFO {org.wso2.andes.store.rdbms.RDBMSConnection} -  JDBC connection established with jndi config WSO2MBStoreDB {org.wso2.andes.store.rdbms.RDBMSConnection}
TID: [-1234] [] [2019-01-15 09:22:18,685]  INFO {org.wso2.andes.store.rdbms.RDBMSMessageStoreImpl} -  Message Store initialised {org.wso2.andes.store.rdbms.RDBMSMessageStoreImpl}
TID: [-1234] [] [2019-01-15 09:22:18,685]  INFO {org.wso2.andes.kernel.AndesKernelBoot} -  Andes MessageStore initialised with org.wso2.andes.store.rdbms.RDBMSMessageStoreImpl {org.wso2.andes.kernel.AndesKernelBoot}
TID: [-1234] [] [2019-01-15 09:22:18,693]  WARN {org.wso2.andes.configuration.AndesConfigurationManager} -  Error when trying to read property : transaction/maxWaitTimeout. Switching to default value : 30 {org.wso2.andes.configuration.AndesConfigurationManager}
TID: [-1234] [] [2019-01-15 09:22:18,759]  INFO {org.wso2.andes.kernel.Andes} -  Andes API initialised. {org.wso2.andes.kernel.Andes}
TID: [-1234] [] [2019-01-15 09:22:18,809]  INFO {org.wso2.andes.kernel.AndesChannel} -  Channel created (ID: Internel_channel) {org.wso2.andes.kernel.AndesChannel}
TID: [-1234] [] [2019-01-15 09:22:18,815]  INFO {org.wso2.andes.server.cluster.ClusterManager} -  Clearing the Persisted State of Node with ID NODEmarcoss-mbp.gfi.es/194.140.9.125 {org.wso2.andes.server.cluster.ClusterManager}
TID: [-1234] [] [2019-01-15 09:22:18,826]  INFO {org.wso2.andes.server.cluster.ClusterManager} -  Initializing Standalone Mode. Current Node ID:NODEmarcoss-mbp.gfi.es/194.140.9.125 194.140.9.125 {org.wso2.andes.server.cluster.ClusterManager}
TID: [-1234] [] [2019-01-15 09:22:18,839]  INFO {org.wso2.andes.kernel.AndesSubscriptionManager} -  Deactivated all active durable subscriptions {org.wso2.andes.kernel.AndesSubscriptionManager}
TID: [-1234] [] [2019-01-15 09:22:18,839]  INFO {org.wso2.andes.kernel.AndesKernelBoot} -  Syncing exchanges, queues, bindings and subscriptions {org.wso2.andes.kernel.AndesKernelBoot}
TID: [-1234] [] [2019-01-15 09:22:18,841]  WARN {org.wso2.andes.kernel.AndesRecoveryTask} -  Recovering node. Adding queue [DeadLetterChannel] OW=WSO2.ORG/admin/X=false/Dtrue/LPT0 {org.wso2.andes.kernel.AndesRecoveryTask}
TID: [-1234] [] [2019-01-15 09:22:18,869]  INFO {org.wso2.andes.server.virtualhost.VirtualHostConfigSynchronizer} -  Queue sync - Added Queue: DeadLetterChannel, Owner: WSO2.ORG/admin, IsExclusive: false, Arguments: null {org.wso2.andes.server.virtualhost.VirtualHostConfigSynchronizer}
TID: [-1234] [] [2019-01-15 09:22:18,876]  INFO {org.wso2.andes.kernel.Andes} -  Starting Safe Zone Calculator for slots. {org.wso2.andes.kernel.Andes}
TID: [-1234] [] [2019-01-15 09:22:18,918]  INFO {qpid.message.broker.listening} -  [Broker] BRK-1002 : Starting : Listening on TCP port 5676 {qpid.message.broker.listening}
TID: [-1234] [] [2019-01-15 09:22:18,921]  INFO {qpid.message.broker.listening} -  [Broker] BRK-1002 : Starting : Listening on TCP/SSL port 8676 {qpid.message.broker.listening}
TID: [-1] [] [2019-01-15 09:22:18,929]  INFO {org.wso2.andes.kernel.MessagingEngine} -  Starting SlotDelivery Workers. {org.wso2.andes.kernel.MessagingEngine}
TID: [-1] [] [2019-01-15 09:22:18,931]  INFO {org.wso2.andes.kernel.MessagingEngine} -  Start Disruptor writing messages to store. {org.wso2.andes.kernel.MessagingEngine}
TID: [-1234] [] [2019-01-15 09:22:18,934]  INFO {org.wso2.carbon.andes.internal.QpidServiceComponent} -  AMQP Host Address : 0.0.0.0 Port : 5676 {org.wso2.carbon.andes.internal.QpidServiceComponent}
TID: [-1234] [] [2019-01-15 09:22:18,934]  INFO {org.wso2.carbon.andes.internal.QpidServiceComponent} -  Successfully connected to AMQP server on port 5676 {org.wso2.carbon.andes.internal.QpidServiceComponent}
TID: [-1234] [] [2019-01-15 09:22:18,935]  WARN {org.wso2.carbon.andes.internal.QpidServiceComponent} -  MQTT Transport is disabled as per configuration. {org.wso2.carbon.andes.internal.QpidServiceComponent}
TID: [-1234] [] [2019-01-15 09:22:18,935]  INFO {org.wso2.carbon.andes.internal.QpidServiceComponent} -  WSO2 Message Broker is started. {org.wso2.carbon.andes.internal.QpidServiceComponent}
TID: [-1234] [] [2019-01-15 09:22:19,302]  INFO {org.wso2.carbon.ui.internal.CarbonUIServiceComponent} -  Mgt Console URL  : https://194.140.9.125:9447/carbon/ {org.wso2.carbon.ui.internal.CarbonUIServiceComponent}
TID: [-1] [] [2019-01-15 09:22:57,304]  INFO {org.wso2.carbon.event.processor.manager.core.internal.CarbonEventManagementService} -  Starting polling event receivers {org.wso2.carbon.event.processor.manager.core.internal.CarbonEventManagementService}
TID: [-1] [] [2019-01-15 09:37:18,842]  INFO {org.wso2.andes.kernel.AndesRecoveryTask} -  Running DB sync task. {org.wso2.andes.kernel.AndesRecoveryTask}
TID: [-1] [] [2019-01-15 09:52:18,846]  INFO {org.wso2.andes.kernel.AndesRecoveryTask} -  Running DB sync task. {org.wso2.andes.kernel.AndesRecoveryTask}
TID: [-1] [] [2019-01-15 10:03:45,882]  INFO {org.wso2.carbon.databridge.core.DataBridge} -  user WSO2.ORG/admin connected {org.wso2.carbon.databridge.core.DataBridge}
TID: [-1] [] [2019-01-15 10:07:18,849]  INFO {org.wso2.andes.kernel.AndesRecoveryTask} -  Running DB sync task. {org.wso2.andes.kernel.AndesRecoveryTask}
TID: [-1] [] [2019-01-15 10:08:18,718]  INFO {org.wso2.carbon.databridge.core.DataBridge} -  user WSO2.ORG/admin connected {org.wso2.carbon.databridge.core.DataBridge}
TID: [-1] [] [2019-01-15 10:09:24,073]  INFO {org.wso2.andes.server.protocol.AMQProtocolEngine} -  Received unsupported protocol initiation for protocol version: 0-91 {org.wso2.andes.server.protocol.AMQProtocolEngine}
TID: [-1] [] [2019-01-15 10:10:39,716]  INFO {org.wso2.andes.server.protocol.AMQProtocolEngine} -  Received unsupported protocol initiation for protocol version: 0-91 {org.wso2.andes.server.protocol.AMQProtocolEngine}
TID: [-1] [] [2019-01-15 10:22:18,854]  INFO {org.wso2.andes.kernel.AndesRecoveryTask} -  Running DB sync task. {org.wso2.andes.kernel.AndesRecoveryTask}
TID: [-1] [] [2019-01-15 10:42:56,878]  INFO {org.wso2.andes.kernel.AndesRecoveryTask} -  Running DB sync task. {org.wso2.andes.kernel.AndesRecoveryTask}
TID: [-1] [] [2019-01-15 10:47:25,818]  INFO {org.wso2.carbon.databridge.core.DataBridge} -  user WSO2.ORG/admin connected {org.wso2.carbon.databridge.core.DataBridge}
TID: [-1] [] [2019-01-15 10:57:56,881]  INFO {org.wso2.andes.kernel.AndesRecoveryTask} -  Running DB sync task. {org.wso2.andes.kernel.AndesRecoveryTask}
TID: [-1] [] [2019-01-15 10:57:59,826]  INFO {org.wso2.carbon.databridge.core.DataBridge} -  user WSO2.ORG/admin connected {org.wso2.carbon.databridge.core.DataBridge}
TID: [-1] [] [2019-01-15 11:12:56,881]  INFO {org.wso2.andes.kernel.AndesRecoveryTask} -  Running DB sync task. {org.wso2.andes.kernel.AndesRecoveryTask}
TID: [-1] [] [2019-01-15 11:25:03,172]  INFO {org.wso2.carbon.databridge.core.DataBridge} -  user WSO2.ORG/admin connected {org.wso2.carbon.databridge.core.DataBridge}
TID: [-1] [] [2019-01-15 11:27:56,894]  INFO {org.wso2.andes.kernel.AndesRecoveryTask} -  Running DB sync task. {org.wso2.andes.kernel.AndesRecoveryTask}
TID: [-1] [] [2019-01-15 11:42:56,890]  INFO {org.wso2.andes.kernel.AndesRecoveryTask} -  Running DB sync task. {org.wso2.andes.kernel.AndesRecoveryTask}
